<?xml version="1.0" encoding="UTF-8"?>
<coverage generated="1770775129313" clover="3.2.0">
  <project timestamp="1770775129313" name="All files">
    <metrics statements="860" coveredstatements="636" conditionals="582" coveredconditionals="346" methods="286" coveredmethods="177" elements="1728" coveredelements="1159" complexity="0" loc="860" ncloc="860" packages="8" files="37" classes="37"/>
    <package name="components">
      <metrics statements="5" coveredstatements="4" conditionals="6" coveredconditionals="1" methods="1" coveredmethods="1"/>
      <file name="HandednessToggleOverlay.js" path="C:\Users\Corey\OneDrive\Desktop\SWEN661Project\team_2_project\apps\react-native\src\components\HandednessToggleOverlay.js">
        <metrics statements="5" coveredstatements="4" conditionals="6" coveredconditionals="1" methods="1" coveredmethods="1"/>
        <line num="6" count="88" type="stmt"/>
        <line num="8" count="88" type="cond" truecount="1" falsecount="1"/>
        <line num="9" count="88" type="stmt"/>
        <line num="12" count="0" type="stmt"/>
        <line num="30" count="9" type="stmt"/>
      </file>
    </package>
    <package name="contexts">
      <metrics statements="221" coveredstatements="203" conditionals="63" coveredconditionals="48" methods="49" coveredmethods="35"/>
      <file name="AppProviders.js" path="C:\Users\Corey\OneDrive\Desktop\SWEN661Project\team_2_project\apps\react-native\src\contexts\AppProviders.js">
        <metrics statements="26" coveredstatements="21" conditionals="14" coveredconditionals="8" methods="10" coveredmethods="5"/>
        <line num="12" count="16" type="stmt"/>
        <line num="15" count="16" type="stmt"/>
        <line num="17" count="16" type="stmt"/>
        <line num="18" count="246" type="stmt"/>
        <line num="19" count="246" type="cond" truecount="2" falsecount="0"/>
        <line num="20" count="16" type="stmt"/>
        <line num="22" count="230" type="stmt"/>
        <line num="26" count="124" type="stmt"/>
        <line num="27" count="124" type="stmt"/>
        <line num="29" count="124" type="stmt"/>
        <line num="30" count="0" type="stmt"/>
        <line num="33" count="124" type="stmt"/>
        <line num="39" count="0" type="stmt"/>
        <line num="40" count="0" type="stmt"/>
        <line num="49" count="16" type="stmt"/>
        <line num="51" count="16" type="stmt"/>
        <line num="52" count="148" type="stmt"/>
        <line num="53" count="148" type="cond" truecount="1" falsecount="1"/>
        <line num="54" count="0" type="stmt"/>
        <line num="56" count="148" type="stmt"/>
        <line num="60" count="124" type="stmt"/>
        <line num="62" count="124" type="stmt"/>
        <line num="63" count="0" type="stmt"/>
        <line num="66" count="124" type="stmt"/>
        <line num="75" count="124" type="stmt"/>
        <line num="84" count="124" type="stmt"/>
      </file>
      <file name="AppSettingsContext.js" path="C:\Users\Corey\OneDrive\Desktop\SWEN661Project\team_2_project\apps\react-native\src\contexts\AppSettingsContext.js">
        <metrics statements="67" coveredstatements="55" conditionals="16" coveredconditionals="10" methods="12" coveredmethods="7"/>
        <line num="4" count="17" type="stmt"/>
        <line num="6" count="17" type="stmt"/>
        <line num="16" count="17" type="stmt"/>
        <line num="22" count="17" type="stmt"/>
        <line num="28" count="17" type="stmt"/>
        <line num="34" count="17" type="stmt"/>
        <line num="40" count="17" type="stmt"/>
        <line num="41" count="145" type="stmt"/>
        <line num="42" count="145" type="stmt"/>
        <line num="43" count="145" type="stmt"/>
        <line num="44" count="145" type="stmt"/>
        <line num="45" count="145" type="stmt"/>
        <line num="46" count="145" type="stmt"/>
        <line num="47" count="145" type="stmt"/>
        <line num="50" count="145" type="stmt"/>
        <line num="51" count="145" type="stmt"/>
        <line num="52" count="145" type="stmt"/>
        <line num="53" count="145" type="stmt"/>
        <line num="56" count="145" type="stmt"/>
        <line num="57" count="116" type="stmt"/>
        <line num="58" count="116" type="stmt"/>
        <line num="59" count="116" type="stmt"/>
        <line num="60" count="116" type="cond" truecount="2" falsecount="0"/>
        <line num="61" count="116" type="stmt"/>
        <line num="62" count="116" type="cond" truecount="1" falsecount="1"/>
        <line num="63" count="116" type="stmt"/>
        <line num="64" count="116" type="cond" truecount="1" falsecount="1"/>
        <line num="65" count="116" type="stmt"/>
        <line num="66" count="116" type="cond" truecount="1" falsecount="1"/>
        <line num="67" count="116" type="stmt"/>
        <line num="68" count="116" type="cond" truecount="2" falsecount="0"/>
        <line num="69" count="116" type="stmt"/>
        <line num="70" count="116" type="cond" truecount="1" falsecount="1"/>
        <line num="71" count="116" type="stmt"/>
        <line num="72" count="116" type="cond" truecount="1" falsecount="1"/>
        <line num="74" count="0" type="stmt"/>
        <line num="79" count="145" type="stmt"/>
        <line num="80" count="6" type="stmt"/>
        <line num="81" count="6" type="stmt"/>
        <line num="83" count="0" type="stmt"/>
        <line num="87" count="145" type="stmt"/>
        <line num="88" count="3" type="stmt"/>
        <line num="89" count="3" type="stmt"/>
        <line num="92" count="145" type="stmt"/>
        <line num="93" count="0" type="stmt"/>
        <line num="94" count="0" type="stmt"/>
        <line num="97" count="145" type="stmt"/>
        <line num="98" count="0" type="stmt"/>
        <line num="99" count="0" type="stmt"/>
        <line num="102" count="145" type="stmt"/>
        <line num="103" count="0" type="stmt"/>
        <line num="104" count="0" type="stmt"/>
        <line num="107" count="145" type="stmt"/>
        <line num="108" count="3" type="stmt"/>
        <line num="109" count="3" type="stmt"/>
        <line num="112" count="145" type="stmt"/>
        <line num="113" count="0" type="stmt"/>
        <line num="114" count="0" type="stmt"/>
        <line num="117" count="145" type="stmt"/>
        <line num="118" count="0" type="stmt"/>
        <line num="119" count="0" type="stmt"/>
        <line num="122" count="145" type="stmt"/>
        <line num="150" count="145" type="stmt"/>
        <line num="157" count="17" type="stmt"/>
        <line num="158" count="37" type="stmt"/>
        <line num="159" count="37" type="cond" truecount="1" falsecount="1"/>
        <line num="160" count="37" type="stmt"/>
      </file>
      <file name="AuthContext.js" path="C:\Users\Corey\OneDrive\Desktop\SWEN661Project\team_2_project\apps\react-native\src\contexts\AuthContext.js">
        <metrics statements="47" coveredstatements="47" conditionals="15" coveredconditionals="15" methods="7" coveredmethods="7"/>
        <line num="10" count="17" type="stmt"/>
        <line num="12" count="17" type="stmt"/>
        <line num="13" count="68" type="stmt"/>
        <line num="14" count="68" type="cond" truecount="2" falsecount="0"/>
        <line num="15" count="2" type="stmt"/>
        <line num="17" count="66" type="stmt"/>
        <line num="21" count="195" type="stmt"/>
        <line num="22" count="195" type="stmt"/>
        <line num="23" count="195" type="stmt"/>
        <line num="24" count="195" type="stmt"/>
        <line num="32" count="195" type="stmt"/>
        <line num="33" count="8" type="stmt"/>
        <line num="34" count="8" type="stmt"/>
        <line num="36" count="8" type="stmt"/>
        <line num="38" count="8" type="cond" truecount="4" falsecount="0"/>
        <line num="39" count="2" type="stmt"/>
        <line num="48" count="6" type="stmt"/>
        <line num="51" count="6" type="stmt"/>
        <line num="58" count="6" type="stmt"/>
        <line num="59" count="6" type="stmt"/>
        <line num="61" count="6" type="stmt"/>
        <line num="63" count="2" type="stmt"/>
        <line num="64" count="2" type="stmt"/>
        <line num="65" count="2" type="stmt"/>
        <line num="66" count="2" type="stmt"/>
        <line num="68" count="8" type="stmt"/>
        <line num="75" count="195" type="stmt"/>
        <line num="76" count="1" type="stmt"/>
        <line num="77" count="1" type="stmt"/>
        <line num="78" count="1" type="stmt"/>
        <line num="88" count="195" type="stmt"/>
        <line num="89" count="5" type="stmt"/>
        <line num="90" count="5" type="stmt"/>
        <line num="92" count="5" type="stmt"/>
        <line num="94" count="5" type="cond" truecount="5" falsecount="0"/>
        <line num="95" count="2" type="stmt"/>
        <line num="98" count="3" type="cond" truecount="2" falsecount="0"/>
        <line num="99" count="1" type="stmt"/>
        <line num="102" count="2" type="cond" truecount="2" falsecount="0"/>
        <line num="103" count="1" type="stmt"/>
        <line num="107" count="1" type="stmt"/>
        <line num="109" count="1" type="stmt"/>
        <line num="111" count="4" type="stmt"/>
        <line num="112" count="4" type="stmt"/>
        <line num="114" count="5" type="stmt"/>
        <line num="118" count="195" type="stmt"/>
        <line num="128" count="195" type="stmt"/>
      </file>
      <file name="DashboardContext.js" path="C:\Users\Corey\OneDrive\Desktop\SWEN661Project\team_2_project\apps\react-native\src\contexts\DashboardContext.js">
        <metrics statements="11" coveredstatements="11" conditionals="2" coveredconditionals="1" methods="3" coveredmethods="3"/>
        <line num="6" count="3" type="stmt"/>
        <line num="8" count="3" type="stmt"/>
        <line num="9" count="7" type="stmt"/>
        <line num="10" count="7" type="cond" truecount="1" falsecount="1"/>
        <line num="11" count="7" type="stmt"/>
        <line num="15" count="7" type="stmt"/>
        <line num="16" count="7" type="stmt"/>
        <line num="17" count="7" type="stmt"/>
        <line num="18" count="7" type="stmt"/>
        <line num="20" count="7" type="stmt"/>
        <line num="44" count="7" type="stmt"/>
      </file>
      <file name="MessagesContext.js" path="C:\Users\Corey\OneDrive\Desktop\SWEN661Project\team_2_project\apps\react-native\src\contexts\MessagesContext.js">
        <metrics statements="14" coveredstatements="13" conditionals="4" coveredconditionals="2" methods="5" coveredmethods="2"/>
        <line num="10" count="2" type="stmt"/>
        <line num="12" count="2" type="stmt"/>
        <line num="13" count="5" type="stmt"/>
        <line num="14" count="5" type="cond" truecount="1" falsecount="1"/>
        <line num="15" count="0" type="stmt"/>
        <line num="17" count="5" type="stmt"/>
        <line num="21" count="5" type="stmt"/>
        <line num="24" count="5" type="cond" truecount="1" falsecount="1"/>
        <line num="28" count="5" type="stmt"/>
        <line num="30" count="5" type="stmt"/>
        <line num="35" count="5" type="stmt"/>
        <line num="39" count="5" type="stmt"/>
        <line num="43" count="5" type="stmt"/>
        <line num="54" count="5" type="stmt"/>
      </file>
      <file name="PatientsContext.js" path="C:\Users\Corey\OneDrive\Desktop\SWEN661Project\team_2_project\apps\react-native\src\contexts\PatientsContext.js">
        <metrics statements="17" coveredstatements="17" conditionals="6" coveredconditionals="6" methods="4" coveredmethods="4"/>
        <line num="11" count="6" type="stmt"/>
        <line num="13" count="6" type="stmt"/>
        <line num="19" count="6" type="stmt"/>
        <line num="20" count="37" type="stmt"/>
        <line num="25" count="37" type="stmt"/>
        <line num="26" count="36" type="cond" truecount="4" falsecount="0"/>
        <line num="28" count="4" type="stmt"/>
        <line num="30" count="2" type="stmt"/>
        <line num="33" count="30" type="stmt"/>
        <line num="37" count="37" type="stmt"/>
        <line num="38" count="36" type="stmt"/>
        <line num="46" count="37" type="stmt"/>
        <line num="53" count="6" type="stmt"/>
        <line num="54" count="27" type="stmt"/>
        <line num="55" count="27" type="cond" truecount="2" falsecount="0"/>
        <line num="56" count="2" type="stmt"/>
        <line num="58" count="25" type="stmt"/>
      </file>
      <file name="ProfileContext.js" path="C:\Users\Corey\OneDrive\Desktop\SWEN661Project\team_2_project\apps\react-native\src\contexts\ProfileContext.js">
        <metrics statements="39" coveredstatements="39" conditionals="6" coveredconditionals="6" methods="8" coveredmethods="7"/>
        <line num="6" count="2" type="stmt"/>
        <line num="8" count="2" type="stmt"/>
        <line num="10" count="2" type="stmt"/>
        <line num="11" count="74" type="stmt"/>
        <line num="12" count="74" type="stmt"/>
        <line num="14" count="74" type="stmt"/>
        <line num="15" count="34" type="stmt"/>
        <line num="18" count="74" type="stmt"/>
        <line num="19" count="35" type="stmt"/>
        <line num="20" count="35" type="stmt"/>
        <line num="21" count="34" type="cond" truecount="2" falsecount="0"/>
        <line num="22" count="11" type="stmt"/>
        <line num="23" count="11" type="stmt"/>
        <line num="26" count="1" type="stmt"/>
        <line num="28" count="35" type="stmt"/>
        <line num="32" count="74" type="stmt"/>
        <line num="33" count="6" type="stmt"/>
        <line num="34" count="6" type="stmt"/>
        <line num="35" count="5" type="stmt"/>
        <line num="37" count="1" type="stmt"/>
        <line num="42" count="74" type="stmt"/>
        <line num="43" count="6" type="stmt"/>
        <line num="44" count="6" type="cond" truecount="2" falsecount="0"/>
        <line num="45" count="5" type="stmt"/>
        <line num="46" count="5" type="stmt"/>
        <line num="47" count="4" type="stmt"/>
        <line num="48" count="4" type="stmt"/>
        <line num="49" count="4" type="stmt"/>
        <line num="50" count="3" type="stmt"/>
        <line num="52" count="2" type="stmt"/>
        <line num="53" count="2" type="stmt"/>
        <line num="57" count="74" type="stmt"/>
        <line num="58" count="4" type="stmt"/>
        <line num="59" count="4" type="stmt"/>
        <line num="62" count="74" type="stmt"/>
        <line num="69" count="2" type="stmt"/>
        <line num="70" count="67" type="stmt"/>
        <line num="71" count="67" type="cond" truecount="2" falsecount="0"/>
        <line num="72" count="65" type="stmt"/>
      </file>
    </package>
    <package name="models">
      <metrics statements="38" coveredstatements="38" conditionals="61" coveredconditionals="60" methods="11" coveredmethods="11"/>
      <file name="CaregiverMessage.js" path="C:\Users\Corey\OneDrive\Desktop\SWEN661Project\team_2_project\apps\react-native\src\models\CaregiverMessage.js">
        <metrics statements="6" coveredstatements="6" conditionals="1" coveredconditionals="0" methods="1" coveredmethods="1"/>
        <line num="8" count="130" type="stmt"/>
        <line num="9" count="130" type="stmt"/>
        <line num="10" count="130" type="stmt"/>
        <line num="11" count="130" type="stmt"/>
        <line num="12" count="130" type="stmt"/>
        <line num="13" count="130" type="stmt"/>
      </file>
      <file name="CaregiverProfile.js" path="C:\Users\Corey\OneDrive\Desktop\SWEN661Project\team_2_project\apps\react-native\src\models\CaregiverProfile.js">
        <metrics statements="10" coveredstatements="10" conditionals="24" coveredconditionals="24" methods="3" coveredmethods="3"/>
        <line num="3" count="108" type="stmt"/>
        <line num="4" count="108" type="stmt"/>
        <line num="5" count="108" type="stmt"/>
        <line num="6" count="108" type="stmt"/>
        <line num="7" count="108" type="stmt"/>
        <line num="8" count="108" type="stmt"/>
        <line num="9" count="108" type="stmt"/>
        <line num="13" count="21" type="cond" truecount="2" falsecount="0"/>
        <line num="14" count="19" type="stmt"/>
        <line num="26" count="17" type="stmt"/>
      </file>
      <file name="CaregiverTask.js" path="C:\Users\Corey\OneDrive\Desktop\SWEN661Project\team_2_project\apps\react-native\src\models\CaregiverTask.js">
        <metrics statements="16" coveredstatements="16" conditionals="30" coveredconditionals="30" methods="5" coveredmethods="5"/>
        <line num="1" count="4" type="stmt"/>
        <line num="9" count="34" type="stmt"/>
        <line num="10" count="34" type="stmt"/>
        <line num="11" count="34" type="stmt"/>
        <line num="12" count="34" type="stmt"/>
        <line num="13" count="34" type="stmt"/>
        <line num="15" count="34" type="cond" truecount="4" falsecount="0"/>
        <line num="17" count="34" type="cond" truecount="4" falsecount="0"/>
        <line num="21" count="3" type="stmt"/>
        <line num="33" count="3" type="stmt"/>
        <line num="45" count="89" type="cond" truecount="2" falsecount="0"/>
        <line num="46" count="54" type="cond" truecount="2" falsecount="0"/>
        <line num="47" count="53" type="stmt"/>
        <line num="51" count="89" type="cond" truecount="2" falsecount="0"/>
        <line num="52" count="54" type="stmt"/>
        <line num="53" count="54" type="stmt"/>
      </file>
      <file name="Patient.js" path="C:\Users\Corey\OneDrive\Desktop\SWEN661Project\team_2_project\apps\react-native\src\models\Patient.js">
        <metrics statements="6" coveredstatements="6" conditionals="6" coveredconditionals="6" methods="2" coveredmethods="2"/>
        <line num="6" count="5" type="stmt"/>
        <line num="15" count="18" type="stmt"/>
        <line num="16" count="18" type="stmt"/>
        <line num="17" count="18" type="stmt"/>
        <line num="19" count="18" type="cond" truecount="4" falsecount="0"/>
        <line num="23" count="5" type="stmt"/>
      </file>
    </package>
    <package name="navigation">
      <metrics statements="8" coveredstatements="3" conditionals="2" coveredconditionals="1" methods="6" coveredmethods="1"/>
      <file name="MainTabNavigator.js" path="C:\Users\Corey\OneDrive\Desktop\SWEN661Project\team_2_project\apps\react-native\src\navigation\MainTabNavigator.js">
        <metrics statements="8" coveredstatements="3" conditionals="2" coveredconditionals="1" methods="6" coveredmethods="1"/>
        <line num="13" count="1" type="stmt"/>
        <line num="14" count="1" type="stmt"/>
        <line num="21" count="11" type="stmt"/>
        <line num="42" count="0" type="stmt"/>
        <line num="49" count="0" type="stmt"/>
        <line num="56" count="0" type="stmt"/>
        <line num="63" count="0" type="stmt"/>
        <line num="71" count="0" type="stmt"/>
      </file>
    </package>
    <package name="repositories">
      <metrics statements="62" coveredstatements="41" conditionals="31" coveredconditionals="11" methods="32" coveredmethods="26"/>
      <file name="MessagesRepository.js" path="C:\Users\Corey\OneDrive\Desktop\SWEN661Project\team_2_project\apps\react-native\src\repositories\MessagesRepository.js">
        <metrics statements="5" coveredstatements="4" conditionals="0" coveredconditionals="0" methods="6" coveredmethods="4"/>
        <line num="12" count="5" type="stmt"/>
        <line num="225" count="5" type="stmt"/>
        <line num="229" count="338" type="stmt"/>
        <line num="233" count="0" type="stmt"/>
        <line num="237" count="5" type="stmt"/>
      </file>
      <file name="PatientsRepository.js" path="C:\Users\Corey\OneDrive\Desktop\SWEN661Project\team_2_project\apps\react-native\src\repositories\PatientsRepository.js">
        <metrics statements="34" coveredstatements="30" conditionals="15" coveredconditionals="11" methods="12" coveredmethods="12"/>
        <line num="2" count="8" type="stmt"/>
        <line num="12" count="16" type="stmt"/>
        <line num="783" count="44" type="stmt"/>
        <line num="787" count="19" type="stmt"/>
        <line num="788" count="1710" type="stmt"/>
        <line num="790" count="2793" type="stmt"/>
        <line num="791" count="2793" type="stmt"/>
        <line num="796" count="7" type="stmt"/>
        <line num="800" count="17" type="stmt"/>
        <line num="801" count="1530" type="stmt"/>
        <line num="803" count="4981" type="stmt"/>
        <line num="808" count="7" type="stmt"/>
        <line num="812" count="8" type="stmt"/>
        <line num="815" count="8" type="stmt"/>
        <line num="816" count="46" type="cond" truecount="3" falsecount="2"/>
        <line num="817" count="26" type="stmt"/>
        <line num="818" count="0" type="stmt"/>
        <line num="819" count="5" type="stmt"/>
        <line num="820" count="15" type="stmt"/>
        <line num="821" count="0" type="stmt"/>
        <line num="825" count="8" type="stmt"/>
        <line num="826" count="92" type="cond" truecount="4" falsecount="1"/>
        <line num="827" count="33" type="stmt"/>
        <line num="828" count="0" type="stmt"/>
        <line num="829" count="5" type="stmt"/>
        <line num="830" count="15" type="stmt"/>
        <line num="831" count="39" type="stmt"/>
        <line num="835" count="8" type="stmt"/>
        <line num="836" count="92" type="cond" truecount="4" falsecount="1"/>
        <line num="837" count="33" type="stmt"/>
        <line num="838" count="0" type="stmt"/>
        <line num="839" count="5" type="stmt"/>
        <line num="840" count="15" type="stmt"/>
        <line num="841" count="39" type="stmt"/>
      </file>
      <file name="TasksRepository.js" path="C:\Users\Corey\OneDrive\Desktop\SWEN661Project\team_2_project\apps\react-native\src\repositories\TasksRepository.js">
        <metrics statements="23" coveredstatements="7" conditionals="16" coveredconditionals="0" methods="14" coveredmethods="10"/>
        <line num="5" count="3" type="stmt"/>
        <line num="15" count="18" type="stmt"/>
        <line num="19" count="90" type="stmt"/>
        <line num="23" count="85" type="stmt"/>
        <line num="27" count="85" type="stmt"/>
        <line num="31" count="85" type="stmt"/>
        <line num="35" count="0" type="stmt"/>
        <line num="36" count="0" type="stmt"/>
        <line num="37" count="0" type="stmt"/>
        <line num="38" count="0" type="cond" truecount="0" falsecount="2"/>
        <line num="39" count="0" type="cond" truecount="0" falsecount="2"/>
        <line num="40" count="0" type="cond" truecount="0" falsecount="2"/>
        <line num="41" count="0" type="cond" truecount="0" falsecount="2"/>
        <line num="42" count="0" type="cond" truecount="0" falsecount="2"/>
        <line num="43" count="0" type="stmt"/>
        <line num="45" count="0" type="stmt"/>
        <line num="49" count="0" type="stmt"/>
        <line num="50" count="0" type="cond" truecount="0" falsecount="2"/>
        <line num="51" count="0" type="stmt"/>
        <line num="52" count="0" type="cond" truecount="0" falsecount="2"/>
        <line num="53" count="0" type="cond" truecount="0" falsecount="2"/>
        <line num="54" count="0" type="stmt"/>
        <line num="58" count="3" type="stmt"/>
      </file>
    </package>
    <package name="screens">
      <metrics statements="453" coveredstatements="300" conditionals="342" coveredconditionals="180" methods="169" coveredmethods="87"/>
      <file name="AccessibilityDetailScreen.js" path="C:\Users\Corey\OneDrive\Desktop\SWEN661Project\team_2_project\apps\react-native\src\screens\AccessibilityDetailScreen.js">
        <metrics statements="18" coveredstatements="8" conditionals="10" coveredconditionals="5" methods="3" coveredmethods="2"/>
        <line num="17" count="12" type="stmt"/>
        <line num="18" count="12" type="stmt"/>
        <line num="19" count="12" type="stmt"/>
        <line num="20" count="12" type="stmt"/>
        <line num="22" count="12" type="stmt"/>
        <line num="23" count="0" type="stmt"/>
        <line num="25" count="0" type="cond" truecount="0" falsecount="4"/>
        <line num="27" count="0" type="stmt"/>
        <line num="28" count="0" type="stmt"/>
        <line num="30" count="0" type="stmt"/>
        <line num="31" count="0" type="stmt"/>
        <line num="33" count="0" type="stmt"/>
        <line num="34" count="0" type="stmt"/>
        <line num="36" count="0" type="stmt"/>
        <line num="37" count="0" type="stmt"/>
        <line num="41" count="12" type="stmt"/>
        <line num="45" count="1" type="stmt"/>
        <line num="90" count="1" type="stmt"/>
      </file>
      <file name="CaregiverDashboardScreen.js" path="C:\Users\Corey\OneDrive\Desktop\SWEN661Project\team_2_project\apps\react-native\src\screens\CaregiverDashboardScreen.js">
        <metrics statements="34" coveredstatements="28" conditionals="21" coveredconditionals="11" methods="15" coveredmethods="9"/>
        <line num="16" count="3" type="stmt"/>
        <line num="17" count="3" type="stmt"/>
        <line num="24" count="7" type="stmt"/>
        <line num="26" count="7" type="stmt"/>
        <line num="34" count="7" type="stmt"/>
        <line num="36" count="7" type="stmt"/>
        <line num="37" count="7" type="stmt"/>
        <line num="39" count="7" type="stmt"/>
        <line num="40" count="518" type="cond" truecount="2" falsecount="0"/>
        <line num="44" count="7" type="stmt"/>
        <line num="45" count="21" type="stmt"/>
        <line num="46" count="21" type="stmt"/>
        <line num="47" count="21" type="stmt"/>
        <line num="48" count="21" type="stmt"/>
        <line num="49" count="21" type="stmt"/>
        <line num="50" count="21" type="stmt"/>
        <line num="54" count="7" type="stmt"/>
        <line num="55" count="0" type="stmt"/>
        <line num="58" count="7" type="stmt"/>
        <line num="59" count="0" type="stmt"/>
        <line num="62" count="7" type="stmt"/>
        <line num="63" count="0" type="stmt"/>
        <line num="66" count="7" type="stmt"/>
        <line num="67" count="0" type="stmt"/>
        <line num="70" count="7" type="stmt"/>
        <line num="98" count="21" type="stmt"/>
        <line num="106" count="21" type="cond" truecount="1" falsecount="1"/>
        <line num="116" count="0" type="stmt"/>
        <line num="124" count="0" type="cond" truecount="0" falsecount="2"/>
        <line num="138" count="28" type="stmt"/>
        <line num="153" count="14" type="stmt"/>
        <line num="158" count="42" type="stmt"/>
        <line num="184" count="14" type="stmt"/>
        <line num="196" count="3" type="stmt"/>
      </file>
      <file name="ChangePasswordScreen.js" path="C:\Users\Corey\OneDrive\Desktop\SWEN661Project\team_2_project\apps\react-native\src\screens\ChangePasswordScreen.js">
        <metrics statements="21" coveredstatements="10" conditionals="17" coveredconditionals="0" methods="7" coveredmethods="1"/>
        <line num="21" count="16" type="stmt"/>
        <line num="22" count="16" type="stmt"/>
        <line num="23" count="16" type="stmt"/>
        <line num="25" count="16" type="stmt"/>
        <line num="26" count="16" type="stmt"/>
        <line num="27" count="16" type="stmt"/>
        <line num="29" count="16" type="stmt"/>
        <line num="30" count="16" type="stmt"/>
        <line num="31" count="16" type="stmt"/>
        <line num="33" count="0" type="stmt"/>
        <line num="34" count="0" type="stmt"/>
        <line num="36" count="0" type="cond" truecount="0" falsecount="2"/>
        <line num="37" count="0" type="stmt"/>
        <line num="38" count="0" type="stmt"/>
        <line num="44" count="0" type="stmt"/>
        <line num="48" count="0" type="stmt"/>
        <line num="63" count="0" type="stmt"/>
        <line num="75" count="0" type="stmt"/>
        <line num="87" count="0" type="stmt"/>
        <line num="124" count="0" type="stmt"/>
        <line num="153" count="1" type="stmt"/>
      </file>
      <file name="LoginScreen.js" path="C:\Users\Corey\OneDrive\Desktop\SWEN661Project\team_2_project\apps\react-native\src\screens\LoginScreen.js">
        <metrics statements="27" coveredstatements="24" conditionals="30" coveredconditionals="22" methods="6" coveredmethods="4"/>
        <line num="23" count="26" type="stmt"/>
        <line num="24" count="26" type="stmt"/>
        <line num="25" count="26" type="stmt"/>
        <line num="26" count="26" type="stmt"/>
        <line num="27" count="26" type="stmt"/>
        <line num="28" count="26" type="stmt"/>
        <line num="29" count="26" type="stmt"/>
        <line num="31" count="26" type="stmt"/>
        <line num="32" count="5" type="stmt"/>
        <line num="35" count="5" type="stmt"/>
        <line num="36" count="5" type="stmt"/>
        <line num="38" count="5" type="stmt"/>
        <line num="39" count="5" type="stmt"/>
        <line num="41" count="5" type="cond" truecount="4" falsecount="0"/>
        <line num="42" count="3" type="stmt"/>
        <line num="46" count="2" type="stmt"/>
        <line num="47" count="2" type="cond" truecount="1" falsecount="1"/>
        <line num="51" count="0" type="stmt"/>
        <line num="55" count="26" type="stmt"/>
        <line num="57" count="0" type="stmt"/>
        <line num="60" count="26" type="stmt"/>
        <line num="91" count="5" type="stmt"/>
        <line num="92" count="5" type="cond" truecount="2" falsecount="0"/>
        <line num="113" count="3" type="stmt"/>
        <line num="114" count="3" type="cond" truecount="1" falsecount="1"/>
        <line num="125" count="0" type="stmt"/>
        <line num="168" count="2" type="stmt"/>
      </file>
      <file name="MessageDetailScreen.js" path="C:\Users\Corey\OneDrive\Desktop\SWEN661Project\team_2_project\apps\react-native\src\screens\MessageDetailScreen.js">
        <metrics statements="11" coveredstatements="11" conditionals="4" coveredconditionals="3" methods="3" coveredmethods="3"/>
        <line num="20" count="14" type="stmt"/>
        <line num="21" count="14" type="stmt"/>
        <line num="24" count="14" type="cond" truecount="1" falsecount="1"/>
        <line num="28" count="14" type="stmt"/>
        <line num="29" count="2" type="stmt"/>
        <line num="30" count="2" type="stmt"/>
        <line num="35" count="1" type="stmt"/>
        <line num="39" count="14" type="stmt"/>
        <line num="40" count="1" type="stmt"/>
        <line num="43" count="14" type="stmt"/>
        <line num="106" count="1" type="stmt"/>
      </file>
      <file name="MessagesListScreen.js" path="C:\Users\Corey\OneDrive\Desktop\SWEN661Project\team_2_project\apps\react-native\src\screens\MessagesListScreen.js">
        <metrics statements="27" coveredstatements="17" conditionals="8" coveredconditionals="5" methods="12" coveredmethods="5"/>
        <line num="19" count="5" type="stmt"/>
        <line num="20" count="5" type="stmt"/>
        <line num="21" count="5" type="stmt"/>
        <line num="24" count="5" type="stmt"/>
        <line num="25" count="5" type="cond" truecount="1" falsecount="1"/>
        <line num="26" count="0" type="stmt"/>
        <line num="30" count="5" type="stmt"/>
        <line num="31" count="5" type="cond" truecount="1" falsecount="1"/>
        <line num="34" count="5" type="stmt"/>
        <line num="35" count="0" type="stmt"/>
        <line num="38" count="5" type="stmt"/>
        <line num="39" count="0" type="stmt"/>
        <line num="42" count="5" type="stmt"/>
        <line num="43" count="0" type="stmt"/>
        <line num="44" count="0" type="stmt"/>
        <line num="47" count="5" type="stmt"/>
        <line num="49" count="0" type="stmt"/>
        <line num="53" count="0" type="stmt"/>
        <line num="56" count="5" type="stmt"/>
        <line num="57" count="50" type="stmt"/>
        <line num="61" count="0" type="stmt"/>
        <line num="65" count="5" type="stmt"/>
        <line num="66" count="0" type="stmt"/>
        <line num="71" count="5" type="stmt"/>
        <line num="102" count="70" type="stmt"/>
        <line num="115" count="0" type="stmt"/>
        <line num="124" count="2" type="stmt"/>
      </file>
      <file name="PatientsListScreen.js" path="C:\Users\Corey\OneDrive\Desktop\SWEN661Project\team_2_project\apps\react-native\src\screens\PatientsListScreen.js">
        <metrics statements="144" coveredstatements="79" conditionals="119" coveredconditionals="48" methods="49" coveredmethods="21"/>
        <line num="31" count="1" type="stmt"/>
        <line num="38" count="1" type="stmt"/>
        <line num="46" count="1" type="stmt"/>
        <line num="53" count="1" type="stmt"/>
        <line num="63" count="1" type="stmt"/>
        <line num="64" count="0" type="cond" truecount="0" falsecount="2"/>
        <line num="65" count="0" type="stmt"/>
        <line num="67" count="0" type="cond" truecount="0" falsecount="5"/>
        <line num="68" count="0" type="stmt"/>
        <line num="69" count="0" type="stmt"/>
        <line num="70" count="0" type="stmt"/>
        <line num="71" count="0" type="stmt"/>
        <line num="72" count="0" type="stmt"/>
        <line num="76" count="1" type="stmt"/>
        <line num="77" count="50" type="cond" truecount="2" falsecount="0"/>
        <line num="78" count="35" type="stmt"/>
        <line num="79" count="35" type="stmt"/>
        <line num="80" count="35" type="stmt"/>
        <line num="83" count="1" type="stmt"/>
        <line num="84" count="0" type="cond" truecount="0" falsecount="2"/>
        <line num="85" count="0" type="stmt"/>
        <line num="86" count="0" type="stmt"/>
        <line num="93" count="1" type="stmt"/>
        <line num="94" count="0" type="cond" truecount="0" falsecount="2"/>
        <line num="95" count="0" type="stmt"/>
        <line num="96" count="0" type="stmt"/>
        <line num="97" count="0" type="stmt"/>
        <line num="104" count="1" type="stmt"/>
        <line num="105" count="35" type="cond" truecount="1" falsecount="1"/>
        <line num="106" count="35" type="stmt"/>
        <line num="115" count="1" type="stmt"/>
        <line num="116" count="5" type="stmt"/>
        <line num="117" count="5" type="cond" truecount="1" falsecount="5"/>
        <line num="119" count="2305" type="stmt"/>
        <line num="121" count="0" type="stmt"/>
        <line num="123" count="0" type="stmt"/>
        <line num="125" count="0" type="stmt"/>
        <line num="127" count="0" type="stmt"/>
        <line num="128" count="0" type="cond" truecount="0" falsecount="4"/>
        <line num="129" count="0" type="cond" truecount="0" falsecount="2"/>
        <line num="130" count="0" type="cond" truecount="0" falsecount="2"/>
        <line num="131" count="0" type="stmt"/>
        <line num="134" count="0" type="stmt"/>
        <line num="138" count="1" type="stmt"/>
        <line num="139" count="0" type="cond" truecount="0" falsecount="4"/>
        <line num="141" count="0" type="stmt"/>
        <line num="143" count="0" type="stmt"/>
        <line num="145" count="0" type="stmt"/>
        <line num="147" count="0" type="stmt"/>
        <line num="151" count="1" type="stmt"/>
        <line num="152" count="5" type="cond" truecount="1" falsecount="2"/>
        <line num="154" count="0" type="stmt"/>
        <line num="156" count="0" type="stmt"/>
        <line num="158" count="5" type="stmt"/>
        <line num="166" count="1" type="stmt"/>
        <line num="167" count="5" type="cond" truecount="1" falsecount="2"/>
        <line num="168" count="0" type="stmt"/>
        <line num="169" count="0" type="stmt"/>
        <line num="170" count="5" type="stmt"/>
        <line num="179" count="50" type="stmt"/>
        <line num="180" count="50" type="stmt"/>
        <line num="181" count="50" type="stmt"/>
        <line num="183" count="50" type="cond" truecount="2" falsecount="0"/>
        <line num="187" count="50" type="cond" truecount="2" falsecount="0"/>
        <line num="191" count="50" type="stmt"/>
        <line num="195" count="0" type="stmt"/>
        <line num="232" count="5" type="stmt"/>
        <line num="239" count="5" type="stmt"/>
        <line num="246" count="25" type="stmt"/>
        <line num="249" count="0" type="stmt"/>
        <line num="269" count="0" type="stmt"/>
        <line num="276" count="0" type="stmt"/>
        <line num="283" count="0" type="stmt"/>
        <line num="286" count="0" type="stmt"/>
        <line num="306" count="5" type="stmt"/>
        <line num="312" count="5" type="stmt"/>
        <line num="319" count="15" type="stmt"/>
        <line num="322" count="0" type="stmt"/>
        <line num="342" count="5" type="stmt"/>
        <line num="343" count="5" type="stmt"/>
        <line num="345" count="5" type="cond" truecount="2" falsecount="0"/>
        <line num="347" count="5" type="stmt"/>
        <line num="348" count="5" type="stmt"/>
        <line num="349" count="5" type="stmt"/>
        <line num="350" count="5" type="stmt"/>
        <line num="351" count="5" type="stmt"/>
        <line num="352" count="5" type="stmt"/>
        <line num="355" count="5" type="stmt"/>
        <line num="356" count="5" type="stmt"/>
        <line num="357" count="5" type="cond" truecount="2" falsecount="2"/>
        <line num="358" count="0" type="stmt"/>
        <line num="359" count="0" type="stmt"/>
        <line num="360" count="0" type="stmt"/>
        <line num="364" count="5" type="stmt"/>
        <line num="365" count="5" type="stmt"/>
        <line num="366" count="5" type="stmt"/>
        <line num="369" count="5" type="stmt"/>
        <line num="370" count="5" type="cond" truecount="1" falsecount="3"/>
        <line num="371" count="0" type="stmt"/>
        <line num="372" count="0" type="stmt"/>
        <line num="373" count="0" type="stmt"/>
        <line num="374" count="5" type="stmt"/>
        <line num="379" count="5" type="stmt"/>
        <line num="380" count="5" type="stmt"/>
        <line num="381" count="5" type="cond" truecount="1" falsecount="3"/>
        <line num="383" count="0" type="stmt"/>
        <line num="385" count="0" type="stmt"/>
        <line num="387" count="0" type="cond" truecount="0" falsecount="2"/>
        <line num="389" count="5" type="stmt"/>
        <line num="394" count="5" type="stmt"/>
        <line num="395" count="5" type="stmt"/>
        <line num="397" count="5" type="cond" truecount="1" falsecount="1"/>
        <line num="398" count="5" type="stmt"/>
        <line num="400" count="0" type="stmt"/>
        <line num="403" count="5" type="stmt"/>
        <line num="406" count="5" type="stmt"/>
        <line num="409" count="5" type="stmt"/>
        <line num="410" count="5" type="cond" truecount="1" falsecount="2"/>
        <line num="412" count="0" type="stmt"/>
        <line num="414" count="0" type="stmt"/>
        <line num="416" count="5" type="stmt"/>
        <line num="420" count="5" type="stmt"/>
        <line num="423" count="5" type="stmt"/>
        <line num="424" count="5" type="cond" truecount="1" falsecount="1"/>
        <line num="425" count="5" type="cond" truecount="1" falsecount="2"/>
        <line num="426" count="0" type="stmt"/>
        <line num="427" count="0" type="stmt"/>
        <line num="428" count="5" type="stmt"/>
        <line num="431" count="0" type="cond" truecount="0" falsecount="4"/>
        <line num="432" count="0" type="stmt"/>
        <line num="433" count="0" type="stmt"/>
        <line num="434" count="0" type="stmt"/>
        <line num="435" count="0" type="stmt"/>
        <line num="440" count="5" type="stmt"/>
        <line num="441" count="50" type="stmt"/>
        <line num="449" count="5" type="stmt"/>
        <line num="458" count="0" type="stmt"/>
        <line num="473" count="0" type="stmt"/>
        <line num="485" count="0" type="stmt"/>
        <line num="499" count="70" type="stmt"/>
        <line num="511" count="0" type="stmt"/>
        <line num="521" count="0" type="stmt"/>
        <line num="528" count="0" type="stmt"/>
        <line num="543" count="1" type="stmt"/>
      </file>
      <file name="PatientsScreen.js" path="C:\Users\Corey\OneDrive\Desktop\SWEN661Project\team_2_project\apps\react-native\src\screens\PatientsScreen.js">
        <metrics statements="25" coveredstatements="14" conditionals="10" coveredconditionals="5" methods="12" coveredmethods="5"/>
        <line num="28" count="6" type="stmt"/>
        <line num="29" count="6" type="stmt"/>
        <line num="31" count="6" type="stmt"/>
        <line num="32" count="0" type="stmt"/>
        <line num="39" count="6" type="stmt"/>
        <line num="40" count="6" type="cond" truecount="2" falsecount="2"/>
        <line num="42" count="0" type="stmt"/>
        <line num="44" count="0" type="stmt"/>
        <line num="47" count="6" type="stmt"/>
        <line num="51" count="6" type="stmt"/>
        <line num="52" count="60" type="cond" truecount="2" falsecount="2"/>
        <line num="54" count="0" type="stmt"/>
        <line num="58" count="0" type="stmt"/>
        <line num="62" count="0" type="stmt"/>
        <line num="66" count="0" type="stmt"/>
        <line num="71" count="60" type="stmt"/>
        <line num="75" count="0" type="stmt"/>
        <line num="81" count="6" type="stmt"/>
        <line num="82" count="60" type="stmt"/>
        <line num="85" count="6" type="stmt"/>
        <line num="91" count="0" type="stmt"/>
        <line num="99" count="0" type="stmt"/>
        <line num="116" count="84" type="stmt"/>
        <line num="125" count="0" type="stmt"/>
        <line num="133" count="2" type="stmt"/>
      </file>
      <file name="ProfileScreen.js" path="C:\Users\Corey\OneDrive\Desktop\SWEN661Project\team_2_project\apps\react-native\src\screens\ProfileScreen.js">
        <metrics statements="46" coveredstatements="46" conditionals="28" coveredconditionals="26" methods="8" coveredmethods="8"/>
        <line num="17" count="33" type="stmt"/>
        <line num="18" count="33" type="stmt"/>
        <line num="19" count="33" type="stmt"/>
        <line num="20" count="33" type="stmt"/>
        <line num="21" count="33" type="stmt"/>
        <line num="22" count="33" type="stmt"/>
        <line num="23" count="33" type="stmt"/>
        <line num="24" count="33" type="stmt"/>
        <line num="26" count="33" type="stmt"/>
        <line num="27" count="22" type="cond" truecount="2" falsecount="0"/>
        <line num="28" count="12" type="stmt"/>
        <line num="29" count="12" type="stmt"/>
        <line num="30" count="12" type="stmt"/>
        <line num="31" count="12" type="stmt"/>
        <line num="32" count="12" type="stmt"/>
        <line num="33" count="12" type="stmt"/>
        <line num="36" count="33" type="stmt"/>
        <line num="37" count="7" type="stmt"/>
        <line num="40" count="33" type="stmt"/>
        <line num="41" count="1" type="stmt"/>
        <line num="42" count="1" type="stmt"/>
        <line num="43" count="1" type="stmt"/>
        <line num="44" count="1" type="stmt"/>
        <line num="45" count="1" type="stmt"/>
        <line num="46" count="1" type="stmt"/>
        <line num="47" count="1" type="stmt"/>
        <line num="50" count="33" type="stmt"/>
        <line num="51" count="1" type="stmt"/>
        <line num="59" count="1" type="stmt"/>
        <line num="60" count="1" type="stmt"/>
        <line num="63" count="33" type="stmt"/>
        <line num="64" count="2" type="stmt"/>
        <line num="65" count="2" type="cond" truecount="2" falsecount="0"/>
        <line num="66" count="1" type="stmt"/>
        <line num="67" count="1" type="stmt"/>
        <line num="70" count="1" type="stmt"/>
        <line num="71" count="1" type="cond" truecount="1" falsecount="1"/>
        <line num="74" count="1" type="stmt"/>
        <line num="75" count="1" type="cond" truecount="1" falsecount="1"/>
        <line num="76" count="1" type="stmt"/>
        <line num="77" count="1" type="stmt"/>
        <line num="81" count="33" type="cond" truecount="2" falsecount="0"/>
        <line num="83" count="23" type="stmt"/>
        <line num="86" count="1" type="stmt"/>
        <line num="146" count="10" type="stmt"/>
        <line num="153" count="1" type="stmt"/>
      </file>
      <file name="ScheduleScreen.js" path="C:\Users\Corey\OneDrive\Desktop\SWEN661Project\team_2_project\apps\react-native\src\screens\ScheduleScreen.js">
        <metrics statements="4" coveredstatements="4" conditionals="0" coveredconditionals="0" methods="2" coveredmethods="2"/>
        <line num="6" count="6" type="stmt"/>
        <line num="8" count="6" type="stmt"/>
        <line num="11" count="1" type="stmt"/>
        <line num="25" count="1" type="stmt"/>
      </file>
      <file name="SettingsScreen.js" path="C:\Users\Corey\OneDrive\Desktop\SWEN661Project\team_2_project\apps\react-native\src\screens\SettingsScreen.js">
        <metrics statements="49" coveredstatements="24" conditionals="64" coveredconditionals="33" methods="31" coveredmethods="12"/>
        <line num="19" count="7" type="stmt"/>
        <line num="20" count="7" type="stmt"/>
        <line num="38" count="7" type="stmt"/>
        <line num="40" count="7" type="stmt"/>
        <line num="42" count="7" type="stmt"/>
        <line num="63" count="0" type="stmt"/>
        <line num="69" count="1" type="stmt"/>
        <line num="83" count="0" type="stmt"/>
        <line num="89" count="0" type="stmt"/>
        <line num="129" count="0" type="stmt"/>
        <line num="144" count="0" type="stmt"/>
        <line num="159" count="0" type="stmt"/>
        <line num="174" count="0" type="stmt"/>
        <line num="205" count="0" type="stmt"/>
        <line num="211" count="0" type="stmt"/>
        <line num="222" count="0" type="stmt"/>
        <line num="229" count="0" type="stmt"/>
        <line num="238" count="0" type="stmt"/>
        <line num="239" count="0" type="stmt"/>
        <line num="255" count="0" type="stmt"/>
        <line num="256" count="0" type="stmt"/>
        <line num="258" count="0" type="stmt"/>
        <line num="272" count="49" type="stmt"/>
        <line num="273" count="49" type="stmt"/>
        <line num="277" count="49" type="stmt"/>
        <line num="281" count="56" type="stmt"/>
        <line num="282" count="56" type="stmt"/>
        <line num="295" count="7" type="stmt"/>
        <line num="296" count="7" type="stmt"/>
        <line num="309" count="7" type="stmt"/>
        <line num="316" count="7" type="stmt"/>
        <line num="319" count="28" type="stmt"/>
        <line num="325" count="0" type="stmt"/>
        <line num="335" count="28" type="stmt"/>
        <line num="363" count="7" type="stmt"/>
        <line num="364" count="7" type="stmt"/>
        <line num="370" count="7" type="stmt"/>
        <line num="373" count="21" type="stmt"/>
        <line num="376" count="0" type="stmt"/>
        <line num="392" count="0" type="stmt"/>
        <line num="398" count="0" type="stmt"/>
        <line num="403" count="0" type="stmt"/>
        <line num="406" count="0" type="stmt"/>
        <line num="429" count="7" type="cond" truecount="1" falsecount="3"/>
        <line num="430" count="7" type="stmt"/>
        <line num="431" count="0" type="stmt"/>
        <line num="432" count="0" type="stmt"/>
        <line num="433" count="0" type="stmt"/>
        <line num="437" count="2" type="stmt"/>
      </file>
      <file name="TasksScreen.js" path="C:\Users\Corey\OneDrive\Desktop\SWEN661Project\team_2_project\apps\react-native\src\screens\TasksScreen.js">
        <metrics statements="25" coveredstatements="21" conditionals="25" coveredconditionals="20" methods="11" coveredmethods="10"/>
        <line num="20" count="16" type="stmt"/>
        <line num="21" count="16" type="stmt"/>
        <line num="22" count="16" type="stmt"/>
        <line num="23" count="16" type="stmt"/>
        <line num="25" count="16" type="stmt"/>
        <line num="27" count="16" type="stmt"/>
        <line num="28" count="16" type="cond" truecount="3" falsecount="4"/>
        <line num="30" count="14" type="stmt"/>
        <line num="32" count="0" type="stmt"/>
        <line num="34" count="0" type="stmt"/>
        <line num="36" count="0" type="stmt"/>
        <line num="38" count="1" type="stmt"/>
        <line num="40" count="1" type="stmt"/>
        <line num="42" count="0" type="stmt"/>
        <line num="46" count="16" type="stmt"/>
        <line num="47" count="96" type="stmt"/>
        <line num="53" count="2" type="stmt"/>
        <line num="66" count="16" type="stmt"/>
        <line num="67" count="74" type="stmt"/>
        <line num="106" count="16" type="stmt"/>
        <line num="112" count="1" type="stmt"/>
        <line num="136" count="80" type="stmt"/>
        <line num="153" count="74" type="stmt"/>
        <line num="154" count="90" type="stmt"/>
        <line num="168" count="2" type="stmt"/>
      </file>
      <file name="WelcomeScreen.js" path="C:\Users\Corey\OneDrive\Desktop\SWEN661Project\team_2_project\apps\react-native\src\screens\WelcomeScreen.js">
        <metrics statements="22" coveredstatements="14" conditionals="6" coveredconditionals="2" methods="10" coveredmethods="5"/>
        <line num="14" count="2" type="stmt"/>
        <line num="17" count="5" type="stmt"/>
        <line num="18" count="5" type="stmt"/>
        <line num="21" count="5" type="stmt"/>
        <line num="35" count="5" type="stmt"/>
        <line num="36" count="5" type="stmt"/>
        <line num="37" count="0" type="stmt"/>
        <line num="38" count="0" type="stmt"/>
        <line num="40" count="0" type="stmt"/>
        <line num="44" count="0" type="stmt"/>
        <line num="48" count="5" type="stmt"/>
        <line num="51" count="5" type="stmt"/>
        <line num="52" count="0" type="stmt"/>
        <line num="55" count="5" type="stmt"/>
        <line num="57" count="0" type="stmt"/>
        <line num="60" count="5" type="stmt"/>
        <line num="61" count="0" type="cond" truecount="0" falsecount="4"/>
        <line num="62" count="0" type="stmt"/>
        <line num="66" count="5" type="stmt"/>
        <line num="105" count="50" type="stmt"/>
        <line num="117" count="50" type="stmt"/>
        <line num="141" count="2" type="stmt"/>
      </file>
    </package>
    <package name="screens.components">
      <metrics statements="63" coveredstatements="37" conditionals="73" coveredconditionals="41" methods="16" coveredmethods="14"/>
      <file name="FilterMenu.js" path="C:\Users\Corey\OneDrive\Desktop\SWEN661Project\team_2_project\apps\react-native\src\screens\components\FilterMenu.js">
        <metrics statements="4" coveredstatements="4" conditionals="12" coveredconditionals="12" methods="3" coveredmethods="3"/>
        <line num="23" count="13" type="stmt"/>
        <line num="48" count="1" type="stmt"/>
        <line num="74" count="1" type="stmt"/>
        <line num="109" count="3" type="stmt"/>
      </file>
      <file name="MessageCard.js" path="C:\Users\Corey\OneDrive\Desktop\SWEN661Project\team_2_project\apps\react-native\src\screens\components\MessageCard.js">
        <metrics statements="5" coveredstatements="5" conditionals="14" coveredconditionals="13" methods="1" coveredmethods="1"/>
        <line num="17" count="50" type="stmt"/>
        <line num="19" count="50" type="stmt"/>
        <line num="21" count="50" type="cond" truecount="2" falsecount="0"/>
        <line num="27" count="50" type="stmt"/>
        <line num="88" count="2" type="stmt"/>
      </file>
      <file name="PatientCardComponents.js" path="C:\Users\Corey\OneDrive\Desktop\SWEN661Project\team_2_project\apps\react-native\src\screens\components\PatientCardComponents.js">
        <metrics statements="38" coveredstatements="12" conditionals="33" coveredconditionals="5" methods="6" coveredmethods="4"/>
        <line num="12" count="2" type="stmt"/>
        <line num="13" count="0" type="stmt"/>
        <line num="14" count="0" type="stmt"/>
        <line num="16" count="0" type="cond" truecount="0" falsecount="2"/>
        <line num="20" count="0" type="stmt"/>
        <line num="58" count="2" type="stmt"/>
        <line num="59" count="0" type="stmt"/>
        <line num="60" count="0" type="stmt"/>
        <line num="62" count="0" type="cond" truecount="0" falsecount="2"/>
        <line num="66" count="0" type="stmt"/>
        <line num="104" count="2" type="stmt"/>
        <line num="105" count="60" type="stmt"/>
        <line num="106" count="60" type="stmt"/>
        <line num="107" count="60" type="stmt"/>
        <line num="109" count="60" type="cond" truecount="1" falsecount="1"/>
        <line num="113" count="60" type="stmt"/>
        <line num="149" count="60" type="cond" truecount="1" falsecount="1"/>
        <line num="150" count="0" type="cond" truecount="0" falsecount="5"/>
        <line num="152" count="0" type="stmt"/>
        <line num="154" count="0" type="stmt"/>
        <line num="156" count="0" type="stmt"/>
        <line num="158" count="0" type="stmt"/>
        <line num="160" count="0" type="stmt"/>
        <line num="165" count="60" type="cond" truecount="1" falsecount="1"/>
        <line num="166" count="0" type="cond" truecount="0" falsecount="5"/>
        <line num="168" count="0" type="stmt"/>
        <line num="170" count="0" type="stmt"/>
        <line num="172" count="0" type="stmt"/>
        <line num="174" count="0" type="stmt"/>
        <line num="176" count="0" type="stmt"/>
        <line num="181" count="60" type="cond" truecount="1" falsecount="1"/>
        <line num="182" count="0" type="cond" truecount="0" falsecount="5"/>
        <line num="184" count="0" type="stmt"/>
        <line num="186" count="0" type="stmt"/>
        <line num="188" count="0" type="stmt"/>
        <line num="190" count="0" type="stmt"/>
        <line num="192" count="0" type="stmt"/>
        <line num="196" count="2" type="stmt"/>
      </file>
      <file name="PatientFilterMenu.js" path="C:\Users\Corey\OneDrive\Desktop\SWEN661Project\team_2_project\apps\react-native\src\screens\components\PatientFilterMenu.js">
        <metrics statements="7" coveredstatements="7" conditionals="8" coveredconditionals="8" methods="3" coveredmethods="3"/>
        <line num="18" count="3" type="stmt"/>
        <line num="19" count="19" type="stmt"/>
        <line num="25" count="19" type="stmt"/>
        <line num="39" count="57" type="stmt"/>
        <line num="46" count="3" type="stmt"/>
        <line num="47" count="3" type="stmt"/>
        <line num="85" count="3" type="stmt"/>
      </file>
      <file name="PatientRow.js" path="C:\Users\Corey\OneDrive\Desktop\SWEN661Project\team_2_project\apps\react-native\src\screens\components\PatientRow.js">
        <metrics statements="3" coveredstatements="3" conditionals="4" coveredconditionals="2" methods="1" coveredmethods="1"/>
        <line num="15" count="5" type="cond" truecount="1" falsecount="1"/>
        <line num="17" count="5" type="stmt"/>
        <line num="50" count="1" type="stmt"/>
      </file>
      <file name="SectionHeader.js" path="C:\Users\Corey\OneDrive\Desktop\SWEN661Project\team_2_project\apps\react-native\src\screens\components\SectionHeader.js">
        <metrics statements="2" coveredstatements="2" conditionals="0" coveredconditionals="0" methods="1" coveredmethods="1"/>
        <line num="10" count="5" type="stmt"/>
        <line num="17" count="1" type="stmt"/>
      </file>
      <file name="StatCard.js" path="C:\Users\Corey\OneDrive\Desktop\SWEN661Project\team_2_project\apps\react-native\src\screens\components\StatCard.js">
        <metrics statements="4" coveredstatements="4" conditionals="2" coveredconditionals="1" methods="1" coveredmethods="1"/>
        <line num="22" count="4" type="stmt"/>
        <line num="23" count="4" type="stmt"/>
        <line num="25" count="4" type="stmt"/>
        <line num="48" count="1" type="stmt"/>
      </file>
    </package>
    <package name="utils">
      <metrics statements="10" coveredstatements="10" conditionals="4" coveredconditionals="4" methods="2" coveredmethods="2"/>
      <file name="dtFormat.js" path="C:\Users\Corey\OneDrive\Desktop\SWEN661Project\team_2_project\apps\react-native\src\utils\dtFormat.js">
        <metrics statements="10" coveredstatements="10" conditionals="4" coveredconditionals="4" methods="2" coveredmethods="2"/>
        <line num="12" count="72" type="cond" truecount="2" falsecount="0"/>
        <line num="14" count="56" type="stmt"/>
        <line num="15" count="56" type="stmt"/>
        <line num="16" count="56" type="stmt"/>
        <line num="17" count="56" type="stmt"/>
        <line num="18" count="56" type="stmt"/>
        <line num="20" count="56" type="stmt"/>
        <line num="29" count="6" type="cond" truecount="2" falsecount="0"/>
        <line num="31" count="4" type="stmt"/>
        <line num="40" count="4" type="stmt"/>
      </file>
    </package>
  </project>
</coverage>
