<?xml version="1.0" encoding="UTF-8"?>
<coverage generated="1770740737833" clover="3.2.0">
  <project timestamp="1770740737833" name="All files">
    <metrics statements="741" coveredstatements="563" conditionals="449" coveredconditionals="305" methods="231" coveredmethods="144" elements="1421" coveredelements="1012" complexity="0" loc="741" ncloc="741" packages="8" files="37" classes="37"/>
    <package name="components">
      <metrics statements="5" coveredstatements="4" conditionals="6" coveredconditionals="1" methods="1" coveredmethods="1"/>
      <file name="HandednessToggleOverlay.js" path="C:\Users\Corey\OneDrive\Desktop\SWEN661Project\team_2_project\apps\react-native\src\components\HandednessToggleOverlay.js">
        <metrics statements="5" coveredstatements="4" conditionals="6" coveredconditionals="1" methods="1" coveredmethods="1"/>
        <line num="6" count="4" type="stmt"/>
        <line num="8" count="4" type="cond" truecount="1" falsecount="1"/>
        <line num="9" count="4" type="stmt"/>
        <line num="12" count="0" type="stmt"/>
        <line num="30" count="1" type="stmt"/>
      </file>
    </package>
    <package name="contexts">
      <metrics statements="223" coveredstatements="203" conditionals="65" coveredconditionals="50" methods="47" coveredmethods="34"/>
      <file name="AppProviders.js" path="C:\Users\Corey\OneDrive\Desktop\SWEN661Project\team_2_project\apps\react-native\src\contexts\AppProviders.js">
        <metrics statements="22" coveredstatements="19" conditionals="14" coveredconditionals="8" methods="9" coveredmethods="5"/>
        <line num="11" count="14" type="stmt"/>
        <line num="13" count="14" type="stmt"/>
        <line num="14" count="127" type="stmt"/>
        <line num="15" count="127" type="cond" truecount="2" falsecount="0"/>
        <line num="16" count="16" type="stmt"/>
        <line num="18" count="111" type="stmt"/>
        <line num="22" count="95" type="stmt"/>
        <line num="24" count="95" type="stmt"/>
        <line num="25" count="0" type="stmt"/>
        <line num="28" count="95" type="stmt"/>
        <line num="36" count="14" type="stmt"/>
        <line num="38" count="14" type="stmt"/>
        <line num="39" count="29" type="stmt"/>
        <line num="40" count="29" type="cond" truecount="1" falsecount="1"/>
        <line num="41" count="0" type="stmt"/>
        <line num="43" count="29" type="stmt"/>
        <line num="47" count="95" type="stmt"/>
        <line num="49" count="95" type="stmt"/>
        <line num="50" count="0" type="stmt"/>
        <line num="53" count="95" type="stmt"/>
        <line num="62" count="95" type="stmt"/>
        <line num="71" count="95" type="stmt"/>
      </file>
      <file name="AppSettingsContext.js" path="C:\Users\Corey\OneDrive\Desktop\SWEN661Project\team_2_project\apps\react-native\src\contexts\AppSettingsContext.js">
        <metrics statements="67" coveredstatements="55" conditionals="16" coveredconditionals="10" methods="12" coveredmethods="7"/>
        <line num="4" count="15" type="stmt"/>
        <line num="6" count="15" type="stmt"/>
        <line num="16" count="15" type="stmt"/>
        <line num="22" count="15" type="stmt"/>
        <line num="28" count="15" type="stmt"/>
        <line num="34" count="15" type="stmt"/>
        <line num="40" count="15" type="stmt"/>
        <line num="41" count="116" type="stmt"/>
        <line num="42" count="116" type="stmt"/>
        <line num="43" count="116" type="stmt"/>
        <line num="44" count="116" type="stmt"/>
        <line num="45" count="116" type="stmt"/>
        <line num="46" count="116" type="stmt"/>
        <line num="47" count="116" type="stmt"/>
        <line num="50" count="116" type="stmt"/>
        <line num="51" count="116" type="stmt"/>
        <line num="52" count="116" type="stmt"/>
        <line num="53" count="116" type="stmt"/>
        <line num="56" count="116" type="stmt"/>
        <line num="57" count="105" type="stmt"/>
        <line num="58" count="105" type="stmt"/>
        <line num="59" count="105" type="stmt"/>
        <line num="60" count="105" type="cond" truecount="2" falsecount="0"/>
        <line num="61" count="105" type="stmt"/>
        <line num="62" count="105" type="cond" truecount="1" falsecount="1"/>
        <line num="63" count="105" type="stmt"/>
        <line num="64" count="105" type="cond" truecount="1" falsecount="1"/>
        <line num="65" count="105" type="stmt"/>
        <line num="66" count="105" type="cond" truecount="1" falsecount="1"/>
        <line num="67" count="105" type="stmt"/>
        <line num="68" count="105" type="cond" truecount="2" falsecount="0"/>
        <line num="69" count="105" type="stmt"/>
        <line num="70" count="105" type="cond" truecount="1" falsecount="1"/>
        <line num="71" count="105" type="stmt"/>
        <line num="72" count="105" type="cond" truecount="1" falsecount="1"/>
        <line num="74" count="0" type="stmt"/>
        <line num="79" count="116" type="stmt"/>
        <line num="80" count="6" type="stmt"/>
        <line num="81" count="6" type="stmt"/>
        <line num="83" count="0" type="stmt"/>
        <line num="87" count="116" type="stmt"/>
        <line num="88" count="3" type="stmt"/>
        <line num="89" count="3" type="stmt"/>
        <line num="92" count="116" type="stmt"/>
        <line num="93" count="0" type="stmt"/>
        <line num="94" count="0" type="stmt"/>
        <line num="97" count="116" type="stmt"/>
        <line num="98" count="0" type="stmt"/>
        <line num="99" count="0" type="stmt"/>
        <line num="102" count="116" type="stmt"/>
        <line num="103" count="0" type="stmt"/>
        <line num="104" count="0" type="stmt"/>
        <line num="107" count="116" type="stmt"/>
        <line num="108" count="3" type="stmt"/>
        <line num="109" count="3" type="stmt"/>
        <line num="112" count="116" type="stmt"/>
        <line num="113" count="0" type="stmt"/>
        <line num="114" count="0" type="stmt"/>
        <line num="117" count="116" type="stmt"/>
        <line num="118" count="0" type="stmt"/>
        <line num="119" count="0" type="stmt"/>
        <line num="122" count="116" type="stmt"/>
        <line num="150" count="116" type="stmt"/>
        <line num="157" count="15" type="stmt"/>
        <line num="158" count="25" type="stmt"/>
        <line num="159" count="25" type="cond" truecount="1" falsecount="1"/>
        <line num="160" count="25" type="stmt"/>
      </file>
      <file name="AuthContext.js" path="C:\Users\Corey\OneDrive\Desktop\SWEN661Project\team_2_project\apps\react-native\src\contexts\AuthContext.js">
        <metrics statements="49" coveredstatements="49" conditionals="17" coveredconditionals="17" methods="7" coveredmethods="7"/>
        <line num="10" count="15" type="stmt"/>
        <line num="12" count="15" type="stmt"/>
        <line num="13" count="73" type="stmt"/>
        <line num="14" count="73" type="cond" truecount="2" falsecount="0"/>
        <line num="15" count="2" type="stmt"/>
        <line num="17" count="71" type="stmt"/>
        <line num="21" count="164" type="stmt"/>
        <line num="22" count="164" type="stmt"/>
        <line num="23" count="164" type="stmt"/>
        <line num="24" count="164" type="stmt"/>
        <line num="32" count="164" type="stmt"/>
        <line num="33" count="8" type="stmt"/>
        <line num="34" count="8" type="stmt"/>
        <line num="36" count="8" type="stmt"/>
        <line num="38" count="8" type="cond" truecount="4" falsecount="0"/>
        <line num="39" count="2" type="stmt"/>
        <line num="42" count="6" type="cond" truecount="2" falsecount="0"/>
        <line num="43" count="2" type="stmt"/>
        <line num="48" count="4" type="stmt"/>
        <line num="51" count="3" type="stmt"/>
        <line num="58" count="3" type="stmt"/>
        <line num="59" count="3" type="stmt"/>
        <line num="61" count="3" type="stmt"/>
        <line num="63" count="4" type="stmt"/>
        <line num="64" count="4" type="stmt"/>
        <line num="65" count="4" type="stmt"/>
        <line num="66" count="4" type="stmt"/>
        <line num="68" count="7" type="stmt"/>
        <line num="75" count="164" type="stmt"/>
        <line num="76" count="1" type="stmt"/>
        <line num="77" count="1" type="stmt"/>
        <line num="78" count="1" type="stmt"/>
        <line num="88" count="164" type="stmt"/>
        <line num="89" count="5" type="stmt"/>
        <line num="90" count="5" type="stmt"/>
        <line num="92" count="5" type="stmt"/>
        <line num="94" count="5" type="cond" truecount="5" falsecount="0"/>
        <line num="95" count="2" type="stmt"/>
        <line num="98" count="3" type="cond" truecount="2" falsecount="0"/>
        <line num="99" count="1" type="stmt"/>
        <line num="102" count="2" type="cond" truecount="2" falsecount="0"/>
        <line num="103" count="1" type="stmt"/>
        <line num="107" count="1" type="stmt"/>
        <line num="109" count="1" type="stmt"/>
        <line num="111" count="4" type="stmt"/>
        <line num="112" count="4" type="stmt"/>
        <line num="114" count="5" type="stmt"/>
        <line num="118" count="164" type="stmt"/>
        <line num="128" count="164" type="stmt"/>
      </file>
      <file name="DashboardContext.js" path="C:\Users\Corey\OneDrive\Desktop\SWEN661Project\team_2_project\apps\react-native\src\contexts\DashboardContext.js">
        <metrics statements="12" coveredstatements="11" conditionals="2" coveredconditionals="1" methods="2" coveredmethods="2"/>
        <line num="11" count="2" type="stmt"/>
        <line num="13" count="2" type="stmt"/>
        <line num="14" count="7" type="stmt"/>
        <line num="15" count="7" type="cond" truecount="1" falsecount="1"/>
        <line num="16" count="0" type="stmt"/>
        <line num="18" count="7" type="stmt"/>
        <line num="23" count="7" type="stmt"/>
        <line num="24" count="7" type="stmt"/>
        <line num="25" count="7" type="stmt"/>
        <line num="26" count="7" type="stmt"/>
        <line num="28" count="7" type="stmt"/>
        <line num="45" count="7" type="stmt"/>
      </file>
      <file name="MessagesContext.js" path="C:\Users\Corey\OneDrive\Desktop\SWEN661Project\team_2_project\apps\react-native\src\contexts\MessagesContext.js">
        <metrics statements="17" coveredstatements="13" conditionals="4" coveredconditionals="2" methods="5" coveredmethods="2"/>
        <line num="10" count="1" type="stmt"/>
        <line num="12" count="1" type="stmt"/>
        <line num="13" count="5" type="stmt"/>
        <line num="14" count="5" type="cond" truecount="1" falsecount="1"/>
        <line num="15" count="0" type="stmt"/>
        <line num="17" count="5" type="stmt"/>
        <line num="21" count="5" type="stmt"/>
        <line num="24" count="5" type="cond" truecount="1" falsecount="1"/>
        <line num="28" count="5" type="stmt"/>
        <line num="30" count="5" type="stmt"/>
        <line num="33" count="0" type="stmt"/>
        <line num="36" count="5" type="stmt"/>
        <line num="38" count="0" type="stmt"/>
        <line num="41" count="5" type="stmt"/>
        <line num="43" count="0" type="stmt"/>
        <line num="46" count="5" type="stmt"/>
        <line num="57" count="5" type="stmt"/>
      </file>
      <file name="PatientsContext.js" path="C:\Users\Corey\OneDrive\Desktop\SWEN661Project\team_2_project\apps\react-native\src\contexts\PatientsContext.js">
        <metrics statements="17" coveredstatements="17" conditionals="6" coveredconditionals="6" methods="4" coveredmethods="4"/>
        <line num="11" count="5" type="stmt"/>
        <line num="13" count="5" type="stmt"/>
        <line num="19" count="5" type="stmt"/>
        <line num="20" count="37" type="stmt"/>
        <line num="25" count="37" type="stmt"/>
        <line num="26" count="36" type="cond" truecount="4" falsecount="0"/>
        <line num="28" count="4" type="stmt"/>
        <line num="30" count="2" type="stmt"/>
        <line num="33" count="30" type="stmt"/>
        <line num="37" count="37" type="stmt"/>
        <line num="38" count="36" type="stmt"/>
        <line num="46" count="37" type="stmt"/>
        <line num="53" count="5" type="stmt"/>
        <line num="54" count="32" type="stmt"/>
        <line num="55" count="32" type="cond" truecount="2" falsecount="0"/>
        <line num="56" count="2" type="stmt"/>
        <line num="58" count="30" type="stmt"/>
      </file>
      <file name="ProfileContext.js" path="C:\Users\Corey\OneDrive\Desktop\SWEN661Project\team_2_project\apps\react-native\src\contexts\ProfileContext.js">
        <metrics statements="39" coveredstatements="39" conditionals="6" coveredconditionals="6" methods="8" coveredmethods="7"/>
        <line num="6" count="2" type="stmt"/>
        <line num="8" count="2" type="stmt"/>
        <line num="10" count="2" type="stmt"/>
        <line num="11" count="72" type="stmt"/>
        <line num="12" count="72" type="stmt"/>
        <line num="14" count="72" type="stmt"/>
        <line num="15" count="34" type="stmt"/>
        <line num="18" count="72" type="stmt"/>
        <line num="19" count="35" type="stmt"/>
        <line num="20" count="35" type="stmt"/>
        <line num="21" count="34" type="cond" truecount="2" falsecount="0"/>
        <line num="22" count="3" type="stmt"/>
        <line num="23" count="3" type="stmt"/>
        <line num="26" count="1" type="stmt"/>
        <line num="28" count="35" type="stmt"/>
        <line num="32" count="72" type="stmt"/>
        <line num="33" count="4" type="stmt"/>
        <line num="34" count="4" type="stmt"/>
        <line num="35" count="3" type="stmt"/>
        <line num="37" count="1" type="stmt"/>
        <line num="42" count="72" type="stmt"/>
        <line num="43" count="5" type="stmt"/>
        <line num="44" count="5" type="cond" truecount="2" falsecount="0"/>
        <line num="45" count="4" type="stmt"/>
        <line num="46" count="4" type="stmt"/>
        <line num="47" count="4" type="stmt"/>
        <line num="48" count="4" type="stmt"/>
        <line num="49" count="4" type="stmt"/>
        <line num="50" count="3" type="stmt"/>
        <line num="52" count="1" type="stmt"/>
        <line num="53" count="1" type="stmt"/>
        <line num="57" count="72" type="stmt"/>
        <line num="58" count="2" type="stmt"/>
        <line num="59" count="2" type="stmt"/>
        <line num="62" count="72" type="stmt"/>
        <line num="69" count="2" type="stmt"/>
        <line num="70" count="54" type="stmt"/>
        <line num="71" count="54" type="cond" truecount="2" falsecount="0"/>
        <line num="72" count="52" type="stmt"/>
      </file>
    </package>
    <package name="models">
      <metrics statements="38" coveredstatements="38" conditionals="61" coveredconditionals="60" methods="11" coveredmethods="11"/>
      <file name="CaregiverMessage.js" path="C:\Users\Corey\OneDrive\Desktop\SWEN661Project\team_2_project\apps\react-native\src\models\CaregiverMessage.js">
        <metrics statements="6" coveredstatements="6" conditionals="1" coveredconditionals="0" methods="1" coveredmethods="1"/>
        <line num="8" count="24" type="stmt"/>
        <line num="9" count="24" type="stmt"/>
        <line num="10" count="24" type="stmt"/>
        <line num="11" count="24" type="stmt"/>
        <line num="12" count="24" type="stmt"/>
        <line num="13" count="24" type="stmt"/>
      </file>
      <file name="CaregiverProfile.js" path="C:\Users\Corey\OneDrive\Desktop\SWEN661Project\team_2_project\apps\react-native\src\models\CaregiverProfile.js">
        <metrics statements="10" coveredstatements="10" conditionals="24" coveredconditionals="24" methods="3" coveredmethods="3"/>
        <line num="3" count="94" type="stmt"/>
        <line num="4" count="94" type="stmt"/>
        <line num="5" count="94" type="stmt"/>
        <line num="6" count="94" type="stmt"/>
        <line num="7" count="94" type="stmt"/>
        <line num="8" count="94" type="stmt"/>
        <line num="9" count="94" type="stmt"/>
        <line num="13" count="11" type="cond" truecount="2" falsecount="0"/>
        <line num="14" count="9" type="stmt"/>
        <line num="26" count="13" type="stmt"/>
      </file>
      <file name="CaregiverTask.js" path="C:\Users\Corey\OneDrive\Desktop\SWEN661Project\team_2_project\apps\react-native\src\models\CaregiverTask.js">
        <metrics statements="16" coveredstatements="16" conditionals="30" coveredconditionals="30" methods="5" coveredmethods="5"/>
        <line num="1" count="3" type="stmt"/>
        <line num="9" count="29" type="stmt"/>
        <line num="10" count="29" type="stmt"/>
        <line num="11" count="29" type="stmt"/>
        <line num="12" count="29" type="stmt"/>
        <line num="13" count="29" type="stmt"/>
        <line num="15" count="29" type="cond" truecount="4" falsecount="0"/>
        <line num="17" count="29" type="cond" truecount="4" falsecount="0"/>
        <line num="21" count="3" type="stmt"/>
        <line num="33" count="3" type="stmt"/>
        <line num="45" count="89" type="cond" truecount="2" falsecount="0"/>
        <line num="46" count="54" type="cond" truecount="2" falsecount="0"/>
        <line num="47" count="53" type="stmt"/>
        <line num="51" count="89" type="cond" truecount="2" falsecount="0"/>
        <line num="52" count="54" type="stmt"/>
        <line num="53" count="54" type="stmt"/>
      </file>
      <file name="Patient.js" path="C:\Users\Corey\OneDrive\Desktop\SWEN661Project\team_2_project\apps\react-native\src\models\Patient.js">
        <metrics statements="6" coveredstatements="6" conditionals="6" coveredconditionals="6" methods="2" coveredmethods="2"/>
        <line num="6" count="9" type="stmt"/>
        <line num="15" count="130" type="stmt"/>
        <line num="16" count="130" type="stmt"/>
        <line num="17" count="130" type="stmt"/>
        <line num="19" count="130" type="cond" truecount="4" falsecount="0"/>
        <line num="23" count="157" type="stmt"/>
      </file>
    </package>
    <package name="navigation">
      <metrics statements="8" coveredstatements="0" conditionals="2" coveredconditionals="0" methods="6" coveredmethods="0"/>
      <file name="MainTabNavigator.js" path="C:\Users\Corey\OneDrive\Desktop\SWEN661Project\team_2_project\apps\react-native\src\navigation\MainTabNavigator.js">
        <metrics statements="8" coveredstatements="0" conditionals="2" coveredconditionals="0" methods="6" coveredmethods="0"/>
        <line num="13" count="0" type="stmt"/>
        <line num="14" count="0" type="stmt"/>
        <line num="21" count="0" type="stmt"/>
        <line num="42" count="0" type="stmt"/>
        <line num="49" count="0" type="stmt"/>
        <line num="56" count="0" type="stmt"/>
        <line num="63" count="0" type="stmt"/>
        <line num="71" count="0" type="stmt"/>
      </file>
    </package>
    <package name="repositories">
      <metrics statements="68" coveredstatements="43" conditionals="51" coveredconditionals="21" methods="31" coveredmethods="25"/>
      <file name="MessagesRepository.js" path="C:\Users\Corey\OneDrive\Desktop\SWEN661Project\team_2_project\apps\react-native\src\repositories\MessagesRepository.js">
        <metrics statements="5" coveredstatements="4" conditionals="0" coveredconditionals="0" methods="6" coveredmethods="4"/>
        <line num="12" count="4" type="stmt"/>
        <line num="65" count="5" type="stmt"/>
        <line num="69" count="72" type="stmt"/>
        <line num="73" count="0" type="stmt"/>
        <line num="77" count="4" type="stmt"/>
      </file>
      <file name="PatientsRepository.js" path="C:\Users\Corey\OneDrive\Desktop\SWEN661Project\team_2_project\apps\react-native\src\repositories\PatientsRepository.js">
        <metrics statements="40" coveredstatements="32" conditionals="35" coveredconditionals="21" methods="11" coveredmethods="11"/>
        <line num="12" count="7" type="stmt"/>
        <line num="68" count="46" type="stmt"/>
        <line num="72" count="304" type="stmt"/>
        <line num="74" count="19" type="stmt"/>
        <line num="75" count="399" type="stmt"/>
        <line num="76" count="399" type="stmt"/>
        <line num="77" count="399" type="stmt"/>
        <line num="78" count="399" type="cond" truecount="2" falsecount="0"/>
        <line num="81" count="133" type="cond" truecount="4" falsecount="0"/>
        <line num="82" count="38" type="cond" truecount="1" falsecount="1"/>
        <line num="83" count="38" type="cond" truecount="1" falsecount="1"/>
        <line num="84" count="38" type="stmt"/>
        <line num="85" count="38" type="cond" truecount="1" falsecount="1"/>
        <line num="86" count="95" type="cond" truecount="2" falsecount="2"/>
        <line num="87" count="0" type="stmt"/>
        <line num="88" count="95" type="cond" truecount="3" falsecount="1"/>
        <line num="89" count="95" type="stmt"/>
        <line num="93" count="0" type="stmt"/>
        <line num="94" count="0" type="cond" truecount="0" falsecount="2"/>
        <line num="95" count="0" type="stmt"/>
        <line num="98" count="19" type="stmt"/>
        <line num="102" count="272" type="stmt"/>
        <line num="104" count="17" type="stmt"/>
        <line num="105" count="493" type="cond" truecount="1" falsecount="1"/>
        <line num="106" count="493" type="cond" truecount="1" falsecount="1"/>
        <line num="107" count="493" type="stmt"/>
        <line num="108" count="493" type="cond" truecount="1" falsecount="1"/>
        <line num="110" count="0" type="stmt"/>
        <line num="111" count="0" type="cond" truecount="0" falsecount="2"/>
        <line num="112" count="0" type="stmt"/>
        <line num="115" count="17" type="stmt"/>
        <line num="119" count="7" type="stmt"/>
        <line num="123" count="7" type="stmt"/>
        <line num="127" count="798" type="cond" truecount="4" falsecount="1"/>
        <line num="129" count="171" type="stmt"/>
        <line num="131" count="323" type="stmt"/>
        <line num="133" count="171" type="stmt"/>
        <line num="135" count="133" type="stmt"/>
        <line num="137" count="0" type="stmt"/>
        <line num="143" count="7" type="stmt"/>
      </file>
      <file name="TasksRepository.js" path="C:\Users\Corey\OneDrive\Desktop\SWEN661Project\team_2_project\apps\react-native\src\repositories\TasksRepository.js">
        <metrics statements="23" coveredstatements="7" conditionals="16" coveredconditionals="0" methods="14" coveredmethods="10"/>
        <line num="5" count="2" type="stmt"/>
        <line num="15" count="18" type="stmt"/>
        <line num="19" count="90" type="stmt"/>
        <line num="23" count="85" type="stmt"/>
        <line num="27" count="85" type="stmt"/>
        <line num="31" count="85" type="stmt"/>
        <line num="35" count="0" type="stmt"/>
        <line num="36" count="0" type="stmt"/>
        <line num="37" count="0" type="stmt"/>
        <line num="38" count="0" type="cond" truecount="0" falsecount="2"/>
        <line num="39" count="0" type="cond" truecount="0" falsecount="2"/>
        <line num="40" count="0" type="cond" truecount="0" falsecount="2"/>
        <line num="41" count="0" type="cond" truecount="0" falsecount="2"/>
        <line num="42" count="0" type="cond" truecount="0" falsecount="2"/>
        <line num="43" count="0" type="stmt"/>
        <line num="45" count="0" type="stmt"/>
        <line num="49" count="0" type="stmt"/>
        <line num="50" count="0" type="cond" truecount="0" falsecount="2"/>
        <line num="51" count="0" type="stmt"/>
        <line num="52" count="0" type="cond" truecount="0" falsecount="2"/>
        <line num="53" count="0" type="cond" truecount="0" falsecount="2"/>
        <line num="54" count="0" type="stmt"/>
        <line num="58" count="2" type="stmt"/>
      </file>
    </package>
    <package name="screens">
      <metrics statements="326" coveredstatements="213" conditionals="187" coveredconditionals="111" methods="117" coveredmethods="57"/>
      <file name="AccessibilityDetailScreen.js" path="C:\Users\Corey\OneDrive\Desktop\SWEN661Project\team_2_project\apps\react-native\src\screens\AccessibilityDetailScreen.js">
        <metrics statements="5" coveredstatements="5" conditionals="6" coveredconditionals="5" methods="2" coveredmethods="2"/>
        <line num="17" count="12" type="stmt"/>
        <line num="18" count="12" type="stmt"/>
        <line num="20" count="12" type="stmt"/>
        <line num="24" count="1" type="stmt"/>
        <line num="69" count="1" type="stmt"/>
      </file>
      <file name="CaregiverDashboardScreen.js" path="C:\Users\Corey\OneDrive\Desktop\SWEN661Project\team_2_project\apps\react-native\src\screens\CaregiverDashboardScreen.js">
        <metrics statements="51" coveredstatements="31" conditionals="31" coveredconditionals="17" methods="19" coveredmethods="10"/>
        <line num="30" count="2" type="stmt"/>
        <line num="33" count="7" type="stmt"/>
        <line num="34" count="7" type="stmt"/>
        <line num="35" count="7" type="stmt"/>
        <line num="37" count="7" type="stmt"/>
        <line num="40" count="7" type="stmt"/>
        <line num="41" count="42" type="cond" truecount="2" falsecount="0"/>
        <line num="42" count="35" type="cond" truecount="1" falsecount="4"/>
        <line num="44" count="35" type="stmt"/>
        <line num="46" count="0" type="stmt"/>
        <line num="48" count="0" type="stmt"/>
        <line num="50" count="0" type="stmt"/>
        <line num="52" count="0" type="stmt"/>
        <line num="56" count="7" type="stmt"/>
        <line num="57" count="21" type="cond" truecount="1" falsecount="1"/>
        <line num="58" count="21" type="cond" truecount="1" falsecount="4"/>
        <line num="60" count="21" type="stmt"/>
        <line num="62" count="0" type="stmt"/>
        <line num="64" count="0" type="stmt"/>
        <line num="66" count="0" type="stmt"/>
        <line num="68" count="0" type="stmt"/>
        <line num="72" count="7" type="stmt"/>
        <line num="73" count="42" type="cond" truecount="2" falsecount="0"/>
        <line num="74" count="35" type="cond" truecount="1" falsecount="4"/>
        <line num="76" count="35" type="stmt"/>
        <line num="78" count="0" type="stmt"/>
        <line num="80" count="0" type="stmt"/>
        <line num="82" count="0" type="stmt"/>
        <line num="84" count="0" type="stmt"/>
        <line num="88" count="7" type="stmt"/>
        <line num="90" count="0" type="stmt"/>
        <line num="93" count="7" type="stmt"/>
        <line num="94" count="0" type="stmt"/>
        <line num="98" count="7" type="stmt"/>
        <line num="99" count="7" type="stmt"/>
        <line num="118" count="7" type="stmt"/>
        <line num="119" count="7" type="stmt"/>
        <line num="130" count="0" type="stmt"/>
        <line num="137" count="0" type="stmt"/>
        <line num="144" count="0" type="stmt"/>
        <line num="151" count="0" type="stmt"/>
        <line num="157" count="7" type="stmt"/>
        <line num="158" count="7" type="stmt"/>
        <line num="162" count="21" type="stmt"/>
        <line num="176" count="0" type="stmt"/>
        <line num="184" count="7" type="stmt"/>
        <line num="185" count="7" type="stmt"/>
        <line num="189" count="21" type="stmt"/>
        <line num="207" count="0" type="stmt"/>
        <line num="214" count="7" type="stmt"/>
        <line num="249" count="2" type="stmt"/>
      </file>
      <file name="ChangePasswordScreen.js" path="C:\Users\Corey\OneDrive\Desktop\SWEN661Project\team_2_project\apps\react-native\src\screens\ChangePasswordScreen.js">
        <metrics statements="21" coveredstatements="10" conditionals="17" coveredconditionals="0" methods="7" coveredmethods="1"/>
        <line num="21" count="16" type="stmt"/>
        <line num="22" count="16" type="stmt"/>
        <line num="23" count="16" type="stmt"/>
        <line num="25" count="16" type="stmt"/>
        <line num="26" count="16" type="stmt"/>
        <line num="27" count="16" type="stmt"/>
        <line num="29" count="16" type="stmt"/>
        <line num="30" count="16" type="stmt"/>
        <line num="31" count="16" type="stmt"/>
        <line num="33" count="0" type="stmt"/>
        <line num="34" count="0" type="stmt"/>
        <line num="36" count="0" type="cond" truecount="0" falsecount="2"/>
        <line num="37" count="0" type="stmt"/>
        <line num="38" count="0" type="stmt"/>
        <line num="44" count="0" type="stmt"/>
        <line num="48" count="0" type="stmt"/>
        <line num="63" count="0" type="stmt"/>
        <line num="75" count="0" type="stmt"/>
        <line num="87" count="0" type="stmt"/>
        <line num="124" count="0" type="stmt"/>
        <line num="153" count="1" type="stmt"/>
      </file>
      <file name="LoginScreen.js" path="C:\Users\Corey\OneDrive\Desktop\SWEN661Project\team_2_project\apps\react-native\src\screens\LoginScreen.js">
        <metrics statements="36" coveredstatements="33" conditionals="36" coveredconditionals="30" methods="5" coveredmethods="4"/>
        <line num="23" count="24" type="stmt"/>
        <line num="24" count="24" type="stmt"/>
        <line num="25" count="24" type="stmt"/>
        <line num="26" count="24" type="stmt"/>
        <line num="27" count="24" type="stmt"/>
        <line num="29" count="24" type="stmt"/>
        <line num="30" count="24" type="stmt"/>
        <line num="32" count="24" type="stmt"/>
        <line num="33" count="5" type="stmt"/>
        <line num="34" count="5" type="stmt"/>
        <line num="37" count="5" type="cond" truecount="2" falsecount="0"/>
        <line num="38" count="2" type="stmt"/>
        <line num="39" count="2" type="stmt"/>
        <line num="41" count="3" type="stmt"/>
        <line num="44" count="5" type="cond" truecount="2" falsecount="0"/>
        <line num="45" count="3" type="stmt"/>
        <line num="46" count="3" type="stmt"/>
        <line num="48" count="2" type="stmt"/>
        <line num="51" count="5" type="cond" truecount="2" falsecount="0"/>
        <line num="52" count="3" type="stmt"/>
        <line num="56" count="2" type="stmt"/>
        <line num="57" count="1" type="cond" truecount="1" falsecount="1"/>
        <line num="59" count="0" type="stmt"/>
        <line num="61" count="1" type="stmt"/>
        <line num="65" count="24" type="stmt"/>
        <line num="66" count="5" type="stmt"/>
        <line num="67" count="5" type="cond" truecount="2" falsecount="0"/>
        <line num="68" count="1" type="stmt"/>
        <line num="72" count="24" type="stmt"/>
        <line num="73" count="3" type="stmt"/>
        <line num="74" count="3" type="cond" truecount="1" falsecount="1"/>
        <line num="75" count="0" type="stmt"/>
        <line num="79" count="24" type="stmt"/>
        <line num="80" count="0" type="stmt"/>
        <line num="83" count="24" type="stmt"/>
        <line num="194" count="2" type="stmt"/>
      </file>
      <file name="MessageDetailScreen.js" path="C:\Users\Corey\OneDrive\Desktop\SWEN661Project\team_2_project\apps\react-native\src\screens\MessageDetailScreen.js">
        <metrics statements="10" coveredstatements="10" conditionals="2" coveredconditionals="2" methods="3" coveredmethods="3"/>
        <line num="20" count="13" type="stmt"/>
        <line num="21" count="13" type="stmt"/>
        <line num="23" count="13" type="stmt"/>
        <line num="24" count="1" type="stmt"/>
        <line num="25" count="1" type="stmt"/>
        <line num="30" count="1" type="stmt"/>
        <line num="34" count="13" type="stmt"/>
        <line num="35" count="1" type="stmt"/>
        <line num="38" count="13" type="stmt"/>
        <line num="101" count="1" type="stmt"/>
      </file>
      <file name="MessagesListScreen.js" path="C:\Users\Corey\OneDrive\Desktop\SWEN661Project\team_2_project\apps\react-native\src\screens\MessagesListScreen.js">
        <metrics statements="26" coveredstatements="17" conditionals="8" coveredconditionals="5" methods="12" coveredmethods="5"/>
        <line num="25" count="5" type="stmt"/>
        <line num="26" count="5" type="stmt"/>
        <line num="27" count="5" type="stmt"/>
        <line num="30" count="5" type="stmt"/>
        <line num="31" count="5" type="cond" truecount="1" falsecount="1"/>
        <line num="32" count="0" type="stmt"/>
        <line num="36" count="5" type="stmt"/>
        <line num="37" count="5" type="cond" truecount="1" falsecount="1"/>
        <line num="40" count="5" type="stmt"/>
        <line num="41" count="0" type="stmt"/>
        <line num="44" count="5" type="stmt"/>
        <line num="45" count="0" type="stmt"/>
        <line num="48" count="5" type="stmt"/>
        <line num="49" count="0" type="stmt"/>
        <line num="50" count="0" type="stmt"/>
        <line num="53" count="5" type="stmt"/>
        <line num="54" count="0" type="stmt"/>
        <line num="57" count="5" type="stmt"/>
        <line num="58" count="30" type="stmt"/>
        <line num="62" count="0" type="stmt"/>
        <line num="66" count="5" type="stmt"/>
        <line num="67" count="0" type="stmt"/>
        <line num="72" count="5" type="stmt"/>
        <line num="96" count="35" type="stmt"/>
        <line num="109" count="0" type="stmt"/>
        <line num="116" count="1" type="stmt"/>
      </file>
      <file name="PatientsListScreen.js" path="C:\Users\Corey\OneDrive\Desktop\SWEN661Project\team_2_project\apps\react-native\src\screens\PatientsListScreen.js">
        <metrics statements="25" coveredstatements="15" conditionals="10" coveredconditionals="5" methods="11" coveredmethods="5"/>
        <line num="28" count="1" type="stmt"/>
        <line num="29" count="5" type="stmt"/>
        <line num="30" count="5" type="stmt"/>
        <line num="32" count="5" type="stmt"/>
        <line num="33" count="0" type="stmt"/>
        <line num="40" count="5" type="stmt"/>
        <line num="41" count="5" type="cond" truecount="2" falsecount="2"/>
        <line num="43" count="0" type="stmt"/>
        <line num="45" count="0" type="stmt"/>
        <line num="48" count="5" type="stmt"/>
        <line num="52" count="5" type="stmt"/>
        <line num="53" count="50" type="cond" truecount="2" falsecount="2"/>
        <line num="55" count="0" type="stmt"/>
        <line num="59" count="0" type="stmt"/>
        <line num="63" count="0" type="stmt"/>
        <line num="67" count="0" type="stmt"/>
        <line num="72" count="50" type="stmt"/>
        <line num="76" count="0" type="stmt"/>
        <line num="82" count="5" type="stmt"/>
        <line num="83" count="50" type="stmt"/>
        <line num="86" count="5" type="stmt"/>
        <line num="93" count="0" type="stmt"/>
        <line num="105" count="70" type="stmt"/>
        <line num="119" count="0" type="stmt"/>
        <line num="127" count="1" type="stmt"/>
      </file>
      <file name="PatientsScreen.js" path="C:\Users\Corey\OneDrive\Desktop\SWEN661Project\team_2_project\apps\react-native\src\screens\PatientsScreen.js">
        <metrics statements="25" coveredstatements="14" conditionals="10" coveredconditionals="5" methods="12" coveredmethods="5"/>
        <line num="28" count="6" type="stmt"/>
        <line num="29" count="6" type="stmt"/>
        <line num="31" count="6" type="stmt"/>
        <line num="32" count="0" type="stmt"/>
        <line num="39" count="6" type="stmt"/>
        <line num="40" count="6" type="cond" truecount="2" falsecount="2"/>
        <line num="42" count="0" type="stmt"/>
        <line num="44" count="0" type="stmt"/>
        <line num="47" count="6" type="stmt"/>
        <line num="51" count="6" type="stmt"/>
        <line num="52" count="60" type="cond" truecount="2" falsecount="2"/>
        <line num="54" count="0" type="stmt"/>
        <line num="58" count="0" type="stmt"/>
        <line num="62" count="0" type="stmt"/>
        <line num="66" count="0" type="stmt"/>
        <line num="71" count="60" type="stmt"/>
        <line num="75" count="0" type="stmt"/>
        <line num="81" count="6" type="stmt"/>
        <line num="82" count="60" type="stmt"/>
        <line num="85" count="6" type="stmt"/>
        <line num="91" count="0" type="stmt"/>
        <line num="99" count="0" type="stmt"/>
        <line num="116" count="84" type="stmt"/>
        <line num="125" count="0" type="stmt"/>
        <line num="133" count="1" type="stmt"/>
      </file>
      <file name="ProfileScreen.js" path="C:\Users\Corey\OneDrive\Desktop\SWEN661Project\team_2_project\apps\react-native\src\screens\ProfileScreen.js">
        <metrics statements="46" coveredstatements="24" conditionals="28" coveredconditionals="18" methods="8" coveredmethods="3"/>
        <line num="16" count="20" type="stmt"/>
        <line num="17" count="20" type="stmt"/>
        <line num="18" count="20" type="stmt"/>
        <line num="19" count="20" type="stmt"/>
        <line num="20" count="20" type="stmt"/>
        <line num="21" count="20" type="stmt"/>
        <line num="22" count="20" type="stmt"/>
        <line num="23" count="20" type="stmt"/>
        <line num="25" count="20" type="stmt"/>
        <line num="26" count="20" type="cond" truecount="2" falsecount="0"/>
        <line num="27" count="10" type="stmt"/>
        <line num="28" count="10" type="stmt"/>
        <line num="29" count="10" type="stmt"/>
        <line num="30" count="10" type="stmt"/>
        <line num="31" count="10" type="stmt"/>
        <line num="32" count="10" type="stmt"/>
        <line num="35" count="20" type="stmt"/>
        <line num="36" count="0" type="stmt"/>
        <line num="39" count="20" type="stmt"/>
        <line num="40" count="0" type="stmt"/>
        <line num="41" count="0" type="stmt"/>
        <line num="42" count="0" type="stmt"/>
        <line num="43" count="0" type="stmt"/>
        <line num="44" count="0" type="stmt"/>
        <line num="45" count="0" type="stmt"/>
        <line num="46" count="0" type="stmt"/>
        <line num="49" count="20" type="stmt"/>
        <line num="50" count="0" type="stmt"/>
        <line num="58" count="0" type="stmt"/>
        <line num="59" count="0" type="stmt"/>
        <line num="62" count="20" type="stmt"/>
        <line num="63" count="0" type="stmt"/>
        <line num="64" count="0" type="cond" truecount="0" falsecount="2"/>
        <line num="65" count="0" type="stmt"/>
        <line num="66" count="0" type="stmt"/>
        <line num="69" count="0" type="stmt"/>
        <line num="70" count="0" type="cond" truecount="0" falsecount="2"/>
        <line num="73" count="0" type="stmt"/>
        <line num="74" count="0" type="cond" truecount="0" falsecount="2"/>
        <line num="75" count="0" type="stmt"/>
        <line num="76" count="0" type="stmt"/>
        <line num="80" count="20" type="cond" truecount="2" falsecount="0"/>
        <line num="82" count="10" type="stmt"/>
        <line num="85" count="0" type="stmt"/>
        <line num="142" count="10" type="stmt"/>
        <line num="149" count="1" type="stmt"/>
      </file>
      <file name="ScheduleScreen.js" path="C:\Users\Corey\OneDrive\Desktop\SWEN661Project\team_2_project\apps\react-native\src\screens\ScheduleScreen.js">
        <metrics statements="4" coveredstatements="4" conditionals="0" coveredconditionals="0" methods="2" coveredmethods="2"/>
        <line num="6" count="6" type="stmt"/>
        <line num="8" count="6" type="stmt"/>
        <line num="11" count="1" type="stmt"/>
        <line num="25" count="1" type="stmt"/>
      </file>
      <file name="SettingsScreen.js" path="C:\Users\Corey\OneDrive\Desktop\SWEN661Project\team_2_project\apps\react-native\src\screens\SettingsScreen.js">
        <metrics statements="18" coveredstatements="6" conditionals="0" coveredconditionals="0" methods="13" coveredmethods="1"/>
        <line num="8" count="7" type="stmt"/>
        <line num="9" count="7" type="stmt"/>
        <line num="10" count="7" type="stmt"/>
        <line num="12" count="7" type="stmt"/>
        <line num="14" count="7" type="stmt"/>
        <line num="19" count="0" type="stmt"/>
        <line num="22" count="0" type="stmt"/>
        <line num="25" count="0" type="stmt"/>
        <line num="44" count="0" type="stmt"/>
        <line num="47" count="0" type="stmt"/>
        <line num="50" count="0" type="stmt"/>
        <line num="65" count="0" type="stmt"/>
        <line num="92" count="0" type="stmt"/>
        <line num="98" count="0" type="stmt"/>
        <line num="101" count="0" type="stmt"/>
        <line num="104" count="0" type="stmt"/>
        <line num="107" count="0" type="stmt"/>
        <line num="117" count="1" type="stmt"/>
      </file>
      <file name="TasksScreen.js" path="C:\Users\Corey\OneDrive\Desktop\SWEN661Project\team_2_project\apps\react-native\src\screens\TasksScreen.js">
        <metrics statements="25" coveredstatements="21" conditionals="25" coveredconditionals="20" methods="11" coveredmethods="10"/>
        <line num="19" count="16" type="stmt"/>
        <line num="20" count="16" type="stmt"/>
        <line num="21" count="16" type="stmt"/>
        <line num="22" count="16" type="stmt"/>
        <line num="24" count="16" type="stmt"/>
        <line num="26" count="16" type="stmt"/>
        <line num="27" count="16" type="cond" truecount="3" falsecount="4"/>
        <line num="29" count="14" type="stmt"/>
        <line num="31" count="0" type="stmt"/>
        <line num="33" count="0" type="stmt"/>
        <line num="35" count="0" type="stmt"/>
        <line num="37" count="1" type="stmt"/>
        <line num="39" count="1" type="stmt"/>
        <line num="41" count="0" type="stmt"/>
        <line num="45" count="16" type="stmt"/>
        <line num="46" count="96" type="stmt"/>
        <line num="52" count="2" type="stmt"/>
        <line num="65" count="16" type="stmt"/>
        <line num="66" count="74" type="stmt"/>
        <line num="104" count="16" type="stmt"/>
        <line num="110" count="1" type="stmt"/>
        <line num="134" count="80" type="stmt"/>
        <line num="151" count="74" type="stmt"/>
        <line num="152" count="90" type="stmt"/>
        <line num="164" count="1" type="stmt"/>
      </file>
      <file name="WelcomeScreen.js" path="C:\Users\Corey\OneDrive\Desktop\SWEN661Project\team_2_project\apps\react-native\src\screens\WelcomeScreen.js">
        <metrics statements="34" coveredstatements="23" conditionals="14" coveredconditionals="4" methods="12" coveredmethods="6"/>
        <line num="28" count="2" type="stmt"/>
        <line num="41" count="2" type="stmt"/>
        <line num="42" count="2" type="stmt"/>
        <line num="45" count="5" type="stmt"/>
        <line num="48" count="5" type="stmt"/>
        <line num="49" count="5" type="stmt"/>
        <line num="50" count="5" type="stmt"/>
        <line num="53" count="5" type="stmt"/>
        <line num="55" count="5" type="cond" truecount="1" falsecount="1"/>
        <line num="56" count="5" type="stmt"/>
        <line num="57" count="0" type="cond" truecount="0" falsecount="2"/>
        <line num="58" count="0" type="stmt"/>
        <line num="67" count="5" type="stmt"/>
        <line num="68" count="0" type="stmt"/>
        <line num="69" count="0" type="stmt"/>
        <line num="70" count="0" type="cond" truecount="0" falsecount="2"/>
        <line num="71" count="0" type="stmt"/>
        <line num="76" count="0" type="stmt"/>
        <line num="80" count="5" type="stmt"/>
        <line num="81" count="5" type="cond" truecount="1" falsecount="1"/>
        <line num="82" count="5" type="stmt"/>
        <line num="87" count="5" type="stmt"/>
        <line num="88" count="0" type="stmt"/>
        <line num="91" count="5" type="stmt"/>
        <line num="93" count="0" type="stmt"/>
        <line num="96" count="5" type="stmt"/>
        <line num="97" count="50" type="stmt"/>
        <line num="104" count="5" type="stmt"/>
        <line num="105" count="0" type="cond" truecount="0" falsecount="4"/>
        <line num="106" count="0" type="stmt"/>
        <line num="110" count="5" type="stmt"/>
        <line num="142" count="55" type="stmt"/>
        <line num="157" count="50" type="stmt"/>
        <line num="183" count="2" type="stmt"/>
      </file>
    </package>
    <package name="screens.components">
      <metrics statements="63" coveredstatements="52" conditionals="73" coveredconditionals="58" methods="16" coveredmethods="14"/>
      <file name="FilterMenu.js" path="C:\Users\Corey\OneDrive\Desktop\SWEN661Project\team_2_project\apps\react-native\src\screens\components\FilterMenu.js">
        <metrics statements="4" coveredstatements="4" conditionals="12" coveredconditionals="12" methods="3" coveredmethods="3"/>
        <line num="23" count="13" type="stmt"/>
        <line num="48" count="1" type="stmt"/>
        <line num="74" count="1" type="stmt"/>
        <line num="109" count="2" type="stmt"/>
      </file>
      <file name="MessageCard.js" path="C:\Users\Corey\OneDrive\Desktop\SWEN661Project\team_2_project\apps\react-native\src\screens\components\MessageCard.js">
        <metrics statements="5" coveredstatements="5" conditionals="14" coveredconditionals="13" methods="1" coveredmethods="1"/>
        <line num="17" count="30" type="stmt"/>
        <line num="19" count="30" type="stmt"/>
        <line num="21" count="30" type="cond" truecount="2" falsecount="0"/>
        <line num="27" count="30" type="stmt"/>
        <line num="88" count="1" type="stmt"/>
      </file>
      <file name="PatientCardComponents.js" path="C:\Users\Corey\OneDrive\Desktop\SWEN661Project\team_2_project\apps\react-native\src\screens\components\PatientCardComponents.js">
        <metrics statements="38" coveredstatements="27" conditionals="33" coveredconditionals="19" methods="6" coveredmethods="4"/>
        <line num="12" count="2" type="stmt"/>
        <line num="13" count="0" type="stmt"/>
        <line num="14" count="0" type="stmt"/>
        <line num="16" count="0" type="cond" truecount="0" falsecount="2"/>
        <line num="20" count="0" type="stmt"/>
        <line num="58" count="2" type="stmt"/>
        <line num="59" count="0" type="stmt"/>
        <line num="60" count="0" type="stmt"/>
        <line num="62" count="0" type="cond" truecount="0" falsecount="2"/>
        <line num="66" count="0" type="stmt"/>
        <line num="104" count="2" type="stmt"/>
        <line num="105" count="110" type="stmt"/>
        <line num="106" count="110" type="stmt"/>
        <line num="107" count="110" type="stmt"/>
        <line num="109" count="110" type="cond" truecount="2" falsecount="0"/>
        <line num="113" count="110" type="stmt"/>
        <line num="149" count="110" type="cond" truecount="1" falsecount="1"/>
        <line num="150" count="110" type="cond" truecount="4" falsecount="1"/>
        <line num="152" count="33" type="stmt"/>
        <line num="154" count="33" type="stmt"/>
        <line num="156" count="22" type="stmt"/>
        <line num="158" count="22" type="stmt"/>
        <line num="160" count="0" type="stmt"/>
        <line num="165" count="110" type="cond" truecount="1" falsecount="1"/>
        <line num="166" count="110" type="cond" truecount="4" falsecount="1"/>
        <line num="168" count="33" type="stmt"/>
        <line num="170" count="33" type="stmt"/>
        <line num="172" count="22" type="stmt"/>
        <line num="174" count="22" type="stmt"/>
        <line num="176" count="0" type="stmt"/>
        <line num="181" count="110" type="cond" truecount="1" falsecount="1"/>
        <line num="182" count="110" type="cond" truecount="4" falsecount="1"/>
        <line num="184" count="33" type="stmt"/>
        <line num="186" count="33" type="stmt"/>
        <line num="188" count="22" type="stmt"/>
        <line num="190" count="22" type="stmt"/>
        <line num="192" count="0" type="stmt"/>
        <line num="196" count="2" type="stmt"/>
      </file>
      <file name="PatientFilterMenu.js" path="C:\Users\Corey\OneDrive\Desktop\SWEN661Project\team_2_project\apps\react-native\src\screens\components\PatientFilterMenu.js">
        <metrics statements="7" coveredstatements="7" conditionals="8" coveredconditionals="8" methods="3" coveredmethods="3"/>
        <line num="18" count="3" type="stmt"/>
        <line num="19" count="24" type="stmt"/>
        <line num="25" count="24" type="stmt"/>
        <line num="39" count="72" type="stmt"/>
        <line num="46" count="3" type="stmt"/>
        <line num="47" count="3" type="stmt"/>
        <line num="85" count="3" type="stmt"/>
      </file>
      <file name="PatientRow.js" path="C:\Users\Corey\OneDrive\Desktop\SWEN661Project\team_2_project\apps\react-native\src\screens\components\PatientRow.js">
        <metrics statements="3" coveredstatements="3" conditionals="4" coveredconditionals="4" methods="1" coveredmethods="1"/>
        <line num="15" count="47" type="cond" truecount="2" falsecount="0"/>
        <line num="17" count="47" type="stmt"/>
        <line num="50" count="3" type="stmt"/>
      </file>
      <file name="SectionHeader.js" path="C:\Users\Corey\OneDrive\Desktop\SWEN661Project\team_2_project\apps\react-native\src\screens\components\SectionHeader.js">
        <metrics statements="2" coveredstatements="2" conditionals="0" coveredconditionals="0" methods="1" coveredmethods="1"/>
        <line num="10" count="19" type="stmt"/>
        <line num="17" count="3" type="stmt"/>
      </file>
      <file name="StatCard.js" path="C:\Users\Corey\OneDrive\Desktop\SWEN661Project\team_2_project\apps\react-native\src\screens\components\StatCard.js">
        <metrics statements="4" coveredstatements="4" conditionals="2" coveredconditionals="2" methods="1" coveredmethods="1"/>
        <line num="22" count="32" type="stmt"/>
        <line num="23" count="32" type="stmt"/>
        <line num="25" count="32" type="stmt"/>
        <line num="48" count="3" type="stmt"/>
      </file>
    </package>
    <package name="utils">
      <metrics statements="10" coveredstatements="10" conditionals="4" coveredconditionals="4" methods="2" coveredmethods="2"/>
      <file name="dtFormat.js" path="C:\Users\Corey\OneDrive\Desktop\SWEN661Project\team_2_project\apps\react-native\src\utils\dtFormat.js">
        <metrics statements="10" coveredstatements="10" conditionals="4" coveredconditionals="4" methods="2" coveredmethods="2"/>
        <line num="12" count="138" type="cond" truecount="2" falsecount="0"/>
        <line num="14" count="123" type="stmt"/>
        <line num="15" count="123" type="stmt"/>
        <line num="16" count="123" type="stmt"/>
        <line num="17" count="123" type="stmt"/>
        <line num="18" count="123" type="stmt"/>
        <line num="20" count="123" type="stmt"/>
        <line num="29" count="6" type="cond" truecount="2" falsecount="0"/>
        <line num="31" count="4" type="stmt"/>
        <line num="40" count="4" type="stmt"/>
      </file>
    </package>
  </project>
</coverage>
