{"C:\\Users\\Corey\\OneDrive\\Desktop\\SWEN661Project\\team_2_project\\apps\\react-native\\src\\components\\HandednessToggleOverlay.js": {"path":"C:\\Users\\Corey\\OneDrive\\Desktop\\SWEN661Project\\team_2_project\\apps\\react-native\\src\\components\\HandednessToggleOverlay.js","statementMap":{"0":{"start":{"line":6,"column":61},"end":{"line":6,"column":76}},"1":{"start":{"line":8,"column":2},"end":{"line":10,"column":3}},"2":{"start":{"line":9,"column":4},"end":{"line":9,"column":16}},"3":{"start":{"line":12,"column":2},"end":{"line":27,"column":4}},"4":{"start":{"line":30,"column":15},"end":{"line":58,"column":2}}},"fnMap":{"0":{"name":"HandednessToggleOverlay","decl":{"start":{"line":5,"column":24},"end":{"line":5,"column":47}},"loc":{"start":{"line":5,"column":50},"end":{"line":28,"column":1}},"line":5}},"branchMap":{"0":{"loc":{"start":{"line":8,"column":2},"end":{"line":10,"column":3}},"type":"if","locations":[{"start":{"line":8,"column":2},"end":{"line":10,"column":3}},{"start":{},"end":{}}],"line":8},"1":{"loc":{"start":{"line":19,"column":36},"end":{"line":19,"column":70}},"type":"binary-expr","locations":[{"start":{"line":19,"column":36},"end":{"line":19,"column":48}},{"start":{"line":19,"column":52},"end":{"line":19,"column":70}}],"line":19},"2":{"loc":{"start":{"line":22,"column":36},"end":{"line":22,"column":71}},"type":"binary-expr","locations":[{"start":{"line":22,"column":36},"end":{"line":22,"column":49}},{"start":{"line":22,"column":53},"end":{"line":22,"column":71}}],"line":22}},"s":{"0":4,"1":4,"2":4,"3":0,"4":1},"f":{"0":4},"b":{"0":[4,0],"1":[0,0],"2":[0,0]},"_coverageSchema":"1a1c01bbd47fc00a2c39e90264f33305004495a9","hash":"ccbf972f683db79fa3aaec9ce023e45516772d75"}
,"C:\\Users\\Corey\\OneDrive\\Desktop\\SWEN661Project\\team_2_project\\apps\\react-native\\src\\contexts\\AppProviders.js": {"path":"C:\\Users\\Corey\\OneDrive\\Desktop\\SWEN661Project\\team_2_project\\apps\\react-native\\src\\contexts\\AppProviders.js","statementMap":{"0":{"start":{"line":11,"column":26},"end":{"line":11,"column":41}},"1":{"start":{"line":13,"column":29},"end":{"line":19,"column":1}},"2":{"start":{"line":14,"column":18},"end":{"line":14,"column":47}},"3":{"start":{"line":15,"column":2},"end":{"line":17,"column":3}},"4":{"start":{"line":16,"column":4},"end":{"line":16,"column":76}},"5":{"start":{"line":18,"column":2},"end":{"line":18,"column":17}},"6":{"start":{"line":22,"column":42},"end":{"line":22,"column":56}},"7":{"start":{"line":24,"column":27},"end":{"line":26,"column":3}},"8":{"start":{"line":25,"column":4},"end":{"line":25,"column":35}},"9":{"start":{"line":25,"column":28},"end":{"line":25,"column":33}},"10":{"start":{"line":28,"column":2},"end":{"line":32,"column":4}},"11":{"start":{"line":36,"column":21},"end":{"line":36,"column":36}},"12":{"start":{"line":38,"column":24},"end":{"line":44,"column":1}},"13":{"start":{"line":39,"column":18},"end":{"line":39,"column":42}},"14":{"start":{"line":40,"column":2},"end":{"line":42,"column":3}},"15":{"start":{"line":41,"column":4},"end":{"line":41,"column":66}},"16":{"start":{"line":43,"column":2},"end":{"line":43,"column":17}},"17":{"start":{"line":47,"column":38},"end":{"line":47,"column":53}},"18":{"start":{"line":49,"column":22},"end":{"line":51,"column":3}},"19":{"start":{"line":50,"column":4},"end":{"line":50,"column":33}},"20":{"start":{"line":50,"column":26},"end":{"line":50,"column":31}},"21":{"start":{"line":53,"column":17},"end":{"line":60,"column":3}},"22":{"start":{"line":62,"column":2},"end":{"line":66,"column":4}},"23":{"start":{"line":71,"column":2},"end":{"line":81,"column":4}}},"fnMap":{"0":{"name":"(anonymous_0)","decl":{"start":{"line":13,"column":29},"end":{"line":13,"column":30}},"loc":{"start":{"line":13,"column":35},"end":{"line":19,"column":1}},"line":13},"1":{"name":"HandednessProvider","decl":{"start":{"line":21,"column":9},"end":{"line":21,"column":27}},"loc":{"start":{"line":21,"column":42},"end":{"line":33,"column":1}},"line":21},"2":{"name":"(anonymous_2)","decl":{"start":{"line":24,"column":27},"end":{"line":24,"column":28}},"loc":{"start":{"line":24,"column":33},"end":{"line":26,"column":3}},"line":24},"3":{"name":"(anonymous_3)","decl":{"start":{"line":25,"column":20},"end":{"line":25,"column":21}},"loc":{"start":{"line":25,"column":28},"end":{"line":25,"column":33}},"line":25},"4":{"name":"(anonymous_4)","decl":{"start":{"line":38,"column":24},"end":{"line":38,"column":25}},"loc":{"start":{"line":38,"column":30},"end":{"line":44,"column":1}},"line":38},"5":{"name":"ThemeProvider","decl":{"start":{"line":46,"column":9},"end":{"line":46,"column":22}},"loc":{"start":{"line":46,"column":37},"end":{"line":67,"column":1}},"line":46},"6":{"name":"(anonymous_6)","decl":{"start":{"line":49,"column":22},"end":{"line":49,"column":23}},"loc":{"start":{"line":49,"column":28},"end":{"line":51,"column":3}},"line":49},"7":{"name":"(anonymous_7)","decl":{"start":{"line":50,"column":18},"end":{"line":50,"column":19}},"loc":{"start":{"line":50,"column":26},"end":{"line":50,"column":31}},"line":50},"8":{"name":"AppProviders","decl":{"start":{"line":70,"column":16},"end":{"line":70,"column":28}},"loc":{"start":{"line":70,"column":43},"end":{"line":82,"column":1}},"line":70}},"branchMap":{"0":{"loc":{"start":{"line":15,"column":2},"end":{"line":17,"column":3}},"type":"if","locations":[{"start":{"line":15,"column":2},"end":{"line":17,"column":3}},{"start":{},"end":{}}],"line":15},"1":{"loc":{"start":{"line":40,"column":2},"end":{"line":42,"column":3}},"type":"if","locations":[{"start":{"line":40,"column":2},"end":{"line":42,"column":3}},{"start":{},"end":{}}],"line":40},"2":{"loc":{"start":{"line":55,"column":16},"end":{"line":55,"column":50}},"type":"cond-expr","locations":[{"start":{"line":55,"column":29},"end":{"line":55,"column":38}},{"start":{"line":55,"column":41},"end":{"line":55,"column":50}}],"line":55},"3":{"loc":{"start":{"line":56,"column":13},"end":{"line":56,"column":47}},"type":"cond-expr","locations":[{"start":{"line":56,"column":26},"end":{"line":56,"column":35}},{"start":{"line":56,"column":38},"end":{"line":56,"column":47}}],"line":56},"4":{"loc":{"start":{"line":57,"column":10},"end":{"line":57,"column":44}},"type":"cond-expr","locations":[{"start":{"line":57,"column":23},"end":{"line":57,"column":32}},{"start":{"line":57,"column":35},"end":{"line":57,"column":44}}],"line":57},"5":{"loc":{"start":{"line":58,"column":19},"end":{"line":58,"column":53}},"type":"cond-expr","locations":[{"start":{"line":58,"column":32},"end":{"line":58,"column":41}},{"start":{"line":58,"column":44},"end":{"line":58,"column":53}}],"line":58},"6":{"loc":{"start":{"line":59,"column":12},"end":{"line":59,"column":46}},"type":"cond-expr","locations":[{"start":{"line":59,"column":25},"end":{"line":59,"column":34}},{"start":{"line":59,"column":37},"end":{"line":59,"column":46}}],"line":59}},"s":{"0":14,"1":14,"2":127,"3":127,"4":16,"5":111,"6":95,"7":95,"8":0,"9":0,"10":95,"11":14,"12":14,"13":29,"14":29,"15":0,"16":29,"17":95,"18":95,"19":0,"20":0,"21":95,"22":95,"23":95},"f":{"0":127,"1":95,"2":0,"3":0,"4":29,"5":95,"6":0,"7":0,"8":95},"b":{"0":[16,111],"1":[0,29],"2":[0,95],"3":[0,95],"4":[0,95],"5":[0,95],"6":[0,95]},"_coverageSchema":"1a1c01bbd47fc00a2c39e90264f33305004495a9","hash":"a738f61684b60c5deb8a65330d37f2eb21b39e3f"}
,"C:\\Users\\Corey\\OneDrive\\Desktop\\SWEN661Project\\team_2_project\\apps\\react-native\\src\\contexts\\AppSettingsContext.js": {"path":"C:\\Users\\Corey\\OneDrive\\Desktop\\SWEN661Project\\team_2_project\\apps\\react-native\\src\\contexts\\AppSettingsContext.js","statementMap":{"0":{"start":{"line":4,"column":23},"end":{"line":4,"column":49}},"1":{"start":{"line":6,"column":13},"end":{"line":14,"column":1}},"2":{"start":{"line":16,"column":30},"end":{"line":20,"column":1}},"3":{"start":{"line":22,"column":28},"end":{"line":26,"column":1}},"4":{"start":{"line":28,"column":33},"end":{"line":32,"column":1}},"5":{"start":{"line":34,"column":27},"end":{"line":34,"column":42}},"6":{"start":{"line":40,"column":35},"end":{"line":155,"column":1}},"7":{"start":{"line":41,"column":46},"end":{"line":41,"column":75}},"8":{"start":{"line":42,"column":64},"end":{"line":42,"column":93}},"9":{"start":{"line":43,"column":40},"end":{"line":43,"column":55}},"10":{"start":{"line":44,"column":58},"end":{"line":44,"column":72}},"11":{"start":{"line":45,"column":42},"end":{"line":45,"column":71}},"12":{"start":{"line":46,"column":56},"end":{"line":46,"column":71}},"13":{"start":{"line":47,"column":52},"end":{"line":47,"column":85}},"14":{"start":{"line":50,"column":50},"end":{"line":50,"column":65}},"15":{"start":{"line":51,"column":58},"end":{"line":51,"column":73}},"16":{"start":{"line":52,"column":62},"end":{"line":52,"column":77}},"17":{"start":{"line":53,"column":52},"end":{"line":53,"column":67}},"18":{"start":{"line":56,"column":2},"end":{"line":77,"column":9}},"19":{"start":{"line":57,"column":4},"end":{"line":76,"column":9}},"20":{"start":{"line":58,"column":6},"end":{"line":75,"column":7}},"21":{"start":{"line":59,"column":18},"end":{"line":59,"column":61}},"22":{"start":{"line":60,"column":8},"end":{"line":60,"column":36}},"23":{"start":{"line":60,"column":15},"end":{"line":60,"column":36}},"24":{"start":{"line":61,"column":19},"end":{"line":61,"column":75}},"25":{"start":{"line":62,"column":8},"end":{"line":62,"column":47}},"26":{"start":{"line":62,"column":16},"end":{"line":62,"column":47}},"27":{"start":{"line":63,"column":18},"end":{"line":63,"column":62}},"28":{"start":{"line":64,"column":8},"end":{"line":64,"column":53}},"29":{"start":{"line":64,"column":24},"end":{"line":64,"column":53}},"30":{"start":{"line":65,"column":18},"end":{"line":65,"column":64}},"31":{"start":{"line":66,"column":8},"end":{"line":66,"column":62}},"32":{"start":{"line":66,"column":24},"end":{"line":66,"column":62}},"33":{"start":{"line":67,"column":18},"end":{"line":67,"column":59}},"34":{"start":{"line":68,"column":8},"end":{"line":68,"column":34}},"35":{"start":{"line":68,"column":15},"end":{"line":68,"column":34}},"36":{"start":{"line":69,"column":19},"end":{"line":69,"column":64}},"37":{"start":{"line":70,"column":8},"end":{"line":70,"column":63}},"38":{"start":{"line":70,"column":25},"end":{"line":70,"column":63}},"39":{"start":{"line":71,"column":18},"end":{"line":71,"column":68}},"40":{"start":{"line":72,"column":8},"end":{"line":72,"column":39}},"41":{"start":{"line":72,"column":15},"end":{"line":72,"column":39}},"42":{"start":{"line":74,"column":8},"end":{"line":74,"column":55}},"43":{"start":{"line":79,"column":18},"end":{"line":85,"column":3}},"44":{"start":{"line":80,"column":4},"end":{"line":84,"column":5}},"45":{"start":{"line":81,"column":6},"end":{"line":81,"column":53}},"46":{"start":{"line":83,"column":6},"end":{"line":83,"column":60}},"47":{"start":{"line":87,"column":24},"end":{"line":90,"column":3}},"48":{"start":{"line":88,"column":4},"end":{"line":88,"column":28}},"49":{"start":{"line":89,"column":4},"end":{"line":89,"column":41}},"50":{"start":{"line":92,"column":27},"end":{"line":95,"column":3}},"51":{"start":{"line":93,"column":4},"end":{"line":93,"column":37}},"52":{"start":{"line":94,"column":4},"end":{"line":94,"column":54}},"53":{"start":{"line":97,"column":32},"end":{"line":100,"column":3}},"54":{"start":{"line":98,"column":4},"end":{"line":98,"column":22}},"55":{"start":{"line":99,"column":4},"end":{"line":99,"column":39}},"56":{"start":{"line":102,"column":27},"end":{"line":105,"column":3}},"57":{"start":{"line":103,"column":4},"end":{"line":103,"column":31}},"58":{"start":{"line":104,"column":4},"end":{"line":104,"column":41}},"59":{"start":{"line":107,"column":22},"end":{"line":110,"column":3}},"60":{"start":{"line":108,"column":4},"end":{"line":108,"column":26}},"61":{"start":{"line":109,"column":4},"end":{"line":109,"column":39}},"62":{"start":{"line":112,"column":26},"end":{"line":115,"column":3}},"63":{"start":{"line":113,"column":4},"end":{"line":113,"column":30}},"64":{"start":{"line":114,"column":4},"end":{"line":114,"column":40}},"65":{"start":{"line":117,"column":22},"end":{"line":120,"column":3}},"66":{"start":{"line":118,"column":4},"end":{"line":118,"column":31}},"67":{"start":{"line":119,"column":4},"end":{"line":119,"column":48}},"68":{"start":{"line":122,"column":16},"end":{"line":148,"column":3}},"69":{"start":{"line":150,"column":2},"end":{"line":154,"column":4}},"70":{"start":{"line":157,"column":30},"end":{"line":161,"column":1}},"71":{"start":{"line":158,"column":14},"end":{"line":158,"column":44}},"72":{"start":{"line":159,"column":2},"end":{"line":159,"column":86}},"73":{"start":{"line":159,"column":12},"end":{"line":159,"column":86}},"74":{"start":{"line":160,"column":2},"end":{"line":160,"column":13}}},"fnMap":{"0":{"name":"(anonymous_0)","decl":{"start":{"line":40,"column":35},"end":{"line":40,"column":36}},"loc":{"start":{"line":40,"column":53},"end":{"line":155,"column":1}},"line":40},"1":{"name":"(anonymous_1)","decl":{"start":{"line":56,"column":12},"end":{"line":56,"column":13}},"loc":{"start":{"line":56,"column":18},"end":{"line":77,"column":3}},"line":56},"2":{"name":"(anonymous_2)","decl":{"start":{"line":57,"column":5},"end":{"line":57,"column":6}},"loc":{"start":{"line":57,"column":17},"end":{"line":76,"column":5}},"line":57},"3":{"name":"(anonymous_3)","decl":{"start":{"line":79,"column":18},"end":{"line":79,"column":19}},"loc":{"start":{"line":79,"column":40},"end":{"line":85,"column":3}},"line":79},"4":{"name":"(anonymous_4)","decl":{"start":{"line":87,"column":24},"end":{"line":87,"column":25}},"loc":{"start":{"line":87,"column":40},"end":{"line":90,"column":3}},"line":87},"5":{"name":"(anonymous_5)","decl":{"start":{"line":92,"column":27},"end":{"line":92,"column":28}},"loc":{"start":{"line":92,"column":43},"end":{"line":95,"column":3}},"line":92},"6":{"name":"(anonymous_6)","decl":{"start":{"line":97,"column":32},"end":{"line":97,"column":33}},"loc":{"start":{"line":97,"column":45},"end":{"line":100,"column":3}},"line":97},"7":{"name":"(anonymous_7)","decl":{"start":{"line":102,"column":27},"end":{"line":102,"column":28}},"loc":{"start":{"line":102,"column":40},"end":{"line":105,"column":3}},"line":102},"8":{"name":"(anonymous_8)","decl":{"start":{"line":107,"column":22},"end":{"line":107,"column":23}},"loc":{"start":{"line":107,"column":38},"end":{"line":110,"column":3}},"line":107},"9":{"name":"(anonymous_9)","decl":{"start":{"line":112,"column":26},"end":{"line":112,"column":27}},"loc":{"start":{"line":112,"column":39},"end":{"line":115,"column":3}},"line":112},"10":{"name":"(anonymous_10)","decl":{"start":{"line":117,"column":22},"end":{"line":117,"column":23}},"loc":{"start":{"line":117,"column":38},"end":{"line":120,"column":3}},"line":117},"11":{"name":"(anonymous_11)","decl":{"start":{"line":157,"column":30},"end":{"line":157,"column":31}},"loc":{"start":{"line":157,"column":36},"end":{"line":161,"column":1}},"line":157}},"branchMap":{"0":{"loc":{"start":{"line":60,"column":8},"end":{"line":60,"column":36}},"type":"if","locations":[{"start":{"line":60,"column":8},"end":{"line":60,"column":36}},{"start":{},"end":{}}],"line":60},"1":{"loc":{"start":{"line":62,"column":8},"end":{"line":62,"column":47}},"type":"if","locations":[{"start":{"line":62,"column":8},"end":{"line":62,"column":47}},{"start":{},"end":{}}],"line":62},"2":{"loc":{"start":{"line":64,"column":8},"end":{"line":64,"column":53}},"type":"if","locations":[{"start":{"line":64,"column":8},"end":{"line":64,"column":53}},{"start":{},"end":{}}],"line":64},"3":{"loc":{"start":{"line":66,"column":8},"end":{"line":66,"column":62}},"type":"if","locations":[{"start":{"line":66,"column":8},"end":{"line":66,"column":62}},{"start":{},"end":{}}],"line":66},"4":{"loc":{"start":{"line":68,"column":8},"end":{"line":68,"column":34}},"type":"if","locations":[{"start":{"line":68,"column":8},"end":{"line":68,"column":34}},{"start":{},"end":{}}],"line":68},"5":{"loc":{"start":{"line":70,"column":8},"end":{"line":70,"column":63}},"type":"if","locations":[{"start":{"line":70,"column":8},"end":{"line":70,"column":63}},{"start":{},"end":{}}],"line":70},"6":{"loc":{"start":{"line":72,"column":8},"end":{"line":72,"column":39}},"type":"if","locations":[{"start":{"line":72,"column":8},"end":{"line":72,"column":39}},{"start":{},"end":{}}],"line":72},"7":{"loc":{"start":{"line":159,"column":2},"end":{"line":159,"column":86}},"type":"if","locations":[{"start":{"line":159,"column":2},"end":{"line":159,"column":86}},{"start":{},"end":{}}],"line":159}},"s":{"0":15,"1":15,"2":15,"3":15,"4":15,"5":15,"6":15,"7":116,"8":116,"9":116,"10":116,"11":116,"12":116,"13":116,"14":116,"15":116,"16":116,"17":116,"18":116,"19":105,"20":105,"21":105,"22":105,"23":1,"24":105,"25":105,"26":0,"27":105,"28":105,"29":0,"30":105,"31":105,"32":0,"33":105,"34":105,"35":4,"36":105,"37":105,"38":0,"39":105,"40":105,"41":0,"42":0,"43":116,"44":6,"45":6,"46":0,"47":116,"48":3,"49":3,"50":116,"51":0,"52":0,"53":116,"54":0,"55":0,"56":116,"57":0,"58":0,"59":116,"60":3,"61":3,"62":116,"63":0,"64":0,"65":116,"66":0,"67":0,"68":116,"69":116,"70":15,"71":25,"72":25,"73":0,"74":25},"f":{"0":116,"1":105,"2":105,"3":6,"4":3,"5":0,"6":0,"7":0,"8":3,"9":0,"10":0,"11":25},"b":{"0":[1,104],"1":[0,105],"2":[0,105],"3":[0,105],"4":[4,101],"5":[0,105],"6":[0,105],"7":[0,25]},"_coverageSchema":"1a1c01bbd47fc00a2c39e90264f33305004495a9","hash":"3745deeeb80eb3f5ad6ab7ff3ba649f65ad55e4b"}
,"C:\\Users\\Corey\\OneDrive\\Desktop\\SWEN661Project\\team_2_project\\apps\\react-native\\src\\contexts\\AuthContext.js": {"path":"C:\\Users\\Corey\\OneDrive\\Desktop\\SWEN661Project\\team_2_project\\apps\\react-native\\src\\contexts\\AuthContext.js","statementMap":{"0":{"start":{"line":10,"column":20},"end":{"line":10,"column":35}},"1":{"start":{"line":12,"column":23},"end":{"line":18,"column":1}},"2":{"start":{"line":13,"column":18},"end":{"line":13,"column":41}},"3":{"start":{"line":14,"column":2},"end":{"line":16,"column":3}},"4":{"start":{"line":15,"column":4},"end":{"line":15,"column":64}},"5":{"start":{"line":17,"column":2},"end":{"line":17,"column":17}},"6":{"start":{"line":21,"column":48},"end":{"line":21,"column":63}},"7":{"start":{"line":22,"column":40},"end":{"line":22,"column":54}},"8":{"start":{"line":23,"column":32},"end":{"line":23,"column":47}},"9":{"start":{"line":24,"column":28},"end":{"line":24,"column":42}},"10":{"start":{"line":32,"column":16},"end":{"line":70,"column":8}},"11":{"start":{"line":33,"column":4},"end":{"line":33,"column":21}},"12":{"start":{"line":34,"column":4},"end":{"line":34,"column":19}},"13":{"start":{"line":36,"column":4},"end":{"line":69,"column":5}},"14":{"start":{"line":38,"column":6},"end":{"line":40,"column":7}},"15":{"start":{"line":39,"column":8},"end":{"line":39,"column":59}},"16":{"start":{"line":42,"column":6},"end":{"line":44,"column":7}},"17":{"start":{"line":43,"column":8},"end":{"line":43,"column":48}},"18":{"start":{"line":48,"column":6},"end":{"line":48,"column":61}},"19":{"start":{"line":48,"column":35},"end":{"line":48,"column":59}},"20":{"start":{"line":51,"column":23},"end":{"line":56,"column":7}},"21":{"start":{"line":58,"column":6},"end":{"line":58,"column":31}},"22":{"start":{"line":59,"column":6},"end":{"line":59,"column":31}},"23":{"start":{"line":61,"column":6},"end":{"line":61,"column":18}},"24":{"start":{"line":63,"column":6},"end":{"line":63,"column":28}},"25":{"start":{"line":64,"column":6},"end":{"line":64,"column":32}},"26":{"start":{"line":65,"column":6},"end":{"line":65,"column":27}},"27":{"start":{"line":66,"column":6},"end":{"line":66,"column":19}},"28":{"start":{"line":68,"column":6},"end":{"line":68,"column":24}},"29":{"start":{"line":75,"column":17},"end":{"line":79,"column":8}},"30":{"start":{"line":76,"column":4},"end":{"line":76,"column":30}},"31":{"start":{"line":77,"column":4},"end":{"line":77,"column":25}},"32":{"start":{"line":78,"column":4},"end":{"line":78,"column":19}},"33":{"start":{"line":88,"column":25},"end":{"line":116,"column":8}},"34":{"start":{"line":89,"column":4},"end":{"line":89,"column":21}},"35":{"start":{"line":90,"column":4},"end":{"line":90,"column":19}},"36":{"start":{"line":92,"column":4},"end":{"line":115,"column":5}},"37":{"start":{"line":94,"column":6},"end":{"line":96,"column":7}},"38":{"start":{"line":95,"column":8},"end":{"line":95,"column":51}},"39":{"start":{"line":98,"column":6},"end":{"line":100,"column":7}},"40":{"start":{"line":99,"column":8},"end":{"line":99,"column":69}},"41":{"start":{"line":102,"column":6},"end":{"line":104,"column":7}},"42":{"start":{"line":103,"column":8},"end":{"line":103,"column":66}},"43":{"start":{"line":107,"column":6},"end":{"line":107,"column":61}},"44":{"start":{"line":107,"column":35},"end":{"line":107,"column":59}},"45":{"start":{"line":109,"column":6},"end":{"line":109,"column":18}},"46":{"start":{"line":111,"column":6},"end":{"line":111,"column":28}},"47":{"start":{"line":112,"column":6},"end":{"line":112,"column":19}},"48":{"start":{"line":114,"column":6},"end":{"line":114,"column":24}},"49":{"start":{"line":118,"column":16},"end":{"line":126,"column":3}},"50":{"start":{"line":128,"column":2},"end":{"line":132,"column":4}}},"fnMap":{"0":{"name":"(anonymous_0)","decl":{"start":{"line":12,"column":23},"end":{"line":12,"column":24}},"loc":{"start":{"line":12,"column":29},"end":{"line":18,"column":1}},"line":12},"1":{"name":"AuthProvider","decl":{"start":{"line":20,"column":16},"end":{"line":20,"column":28}},"loc":{"start":{"line":20,"column":43},"end":{"line":133,"column":1}},"line":20},"2":{"name":"(anonymous_2)","decl":{"start":{"line":32,"column":28},"end":{"line":32,"column":29}},"loc":{"start":{"line":32,"column":55},"end":{"line":70,"column":3}},"line":32},"3":{"name":"(anonymous_3)","decl":{"start":{"line":48,"column":24},"end":{"line":48,"column":25}},"loc":{"start":{"line":48,"column":35},"end":{"line":48,"column":59}},"line":48},"4":{"name":"(anonymous_4)","decl":{"start":{"line":75,"column":29},"end":{"line":75,"column":30}},"loc":{"start":{"line":75,"column":35},"end":{"line":79,"column":3}},"line":75},"5":{"name":"(anonymous_5)","decl":{"start":{"line":88,"column":37},"end":{"line":88,"column":38}},"loc":{"start":{"line":88,"column":90},"end":{"line":116,"column":3}},"line":88},"6":{"name":"(anonymous_6)","decl":{"start":{"line":107,"column":24},"end":{"line":107,"column":25}},"loc":{"start":{"line":107,"column":35},"end":{"line":107,"column":59}},"line":107}},"branchMap":{"0":{"loc":{"start":{"line":14,"column":2},"end":{"line":16,"column":3}},"type":"if","locations":[{"start":{"line":14,"column":2},"end":{"line":16,"column":3}},{"start":{},"end":{}}],"line":14},"1":{"loc":{"start":{"line":38,"column":6},"end":{"line":40,"column":7}},"type":"if","locations":[{"start":{"line":38,"column":6},"end":{"line":40,"column":7}},{"start":{},"end":{}}],"line":38},"2":{"loc":{"start":{"line":38,"column":10},"end":{"line":38,"column":29}},"type":"binary-expr","locations":[{"start":{"line":38,"column":10},"end":{"line":38,"column":16}},{"start":{"line":38,"column":20},"end":{"line":38,"column":29}}],"line":38},"3":{"loc":{"start":{"line":42,"column":6},"end":{"line":44,"column":7}},"type":"if","locations":[{"start":{"line":42,"column":6},"end":{"line":44,"column":7}},{"start":{},"end":{}}],"line":42},"4":{"loc":{"start":{"line":94,"column":6},"end":{"line":96,"column":7}},"type":"if","locations":[{"start":{"line":94,"column":6},"end":{"line":96,"column":7}},{"start":{},"end":{}}],"line":94},"5":{"loc":{"start":{"line":94,"column":10},"end":{"line":94,"column":58}},"type":"binary-expr","locations":[{"start":{"line":94,"column":10},"end":{"line":94,"column":22}},{"start":{"line":94,"column":26},"end":{"line":94,"column":38}},{"start":{"line":94,"column":42},"end":{"line":94,"column":58}}],"line":94},"6":{"loc":{"start":{"line":98,"column":6},"end":{"line":100,"column":7}},"type":"if","locations":[{"start":{"line":98,"column":6},"end":{"line":100,"column":7}},{"start":{},"end":{}}],"line":98},"7":{"loc":{"start":{"line":102,"column":6},"end":{"line":104,"column":7}},"type":"if","locations":[{"start":{"line":102,"column":6},"end":{"line":104,"column":7}},{"start":{},"end":{}}],"line":102}},"s":{"0":15,"1":15,"2":73,"3":73,"4":2,"5":71,"6":164,"7":164,"8":164,"9":164,"10":164,"11":8,"12":8,"13":8,"14":8,"15":2,"16":6,"17":2,"18":4,"19":4,"20":3,"21":3,"22":3,"23":3,"24":4,"25":4,"26":4,"27":4,"28":7,"29":164,"30":1,"31":1,"32":1,"33":164,"34":5,"35":5,"36":5,"37":5,"38":2,"39":3,"40":1,"41":2,"42":1,"43":1,"44":1,"45":1,"46":4,"47":4,"48":5,"49":164,"50":164},"f":{"0":73,"1":164,"2":8,"3":4,"4":1,"5":5,"6":1},"b":{"0":[2,71],"1":[2,6],"2":[8,7],"3":[2,4],"4":[2,3],"5":[5,4,3],"6":[1,2],"7":[1,1]},"_coverageSchema":"1a1c01bbd47fc00a2c39e90264f33305004495a9","hash":"ca6c81560d7d091b3a6f783fbc4c780b8e81d00e"}
,"C:\\Users\\Corey\\OneDrive\\Desktop\\SWEN661Project\\team_2_project\\apps\\react-native\\src\\contexts\\DashboardContext.js": {"path":"C:\\Users\\Corey\\OneDrive\\Desktop\\SWEN661Project\\team_2_project\\apps\\react-native\\src\\contexts\\DashboardContext.js","statementMap":{"0":{"start":{"line":11,"column":25},"end":{"line":11,"column":40}},"1":{"start":{"line":13,"column":28},"end":{"line":19,"column":1}},"2":{"start":{"line":14,"column":18},"end":{"line":14,"column":46}},"3":{"start":{"line":15,"column":2},"end":{"line":17,"column":3}},"4":{"start":{"line":16,"column":4},"end":{"line":16,"column":74}},"5":{"start":{"line":18,"column":2},"end":{"line":18,"column":17}},"6":{"start":{"line":23,"column":22},"end":{"line":23,"column":54}},"7":{"start":{"line":24,"column":27},"end":{"line":24,"column":68}},"8":{"start":{"line":25,"column":25},"end":{"line":25,"column":64}},"9":{"start":{"line":26,"column":29},"end":{"line":26,"column":61}},"10":{"start":{"line":28,"column":16},"end":{"line":43,"column":3}},"11":{"start":{"line":45,"column":2},"end":{"line":49,"column":4}}},"fnMap":{"0":{"name":"(anonymous_0)","decl":{"start":{"line":13,"column":28},"end":{"line":13,"column":29}},"loc":{"start":{"line":13,"column":34},"end":{"line":19,"column":1}},"line":13},"1":{"name":"DashboardProvider","decl":{"start":{"line":21,"column":16},"end":{"line":21,"column":33}},"loc":{"start":{"line":21,"column":48},"end":{"line":50,"column":1}},"line":21}},"branchMap":{"0":{"loc":{"start":{"line":15,"column":2},"end":{"line":17,"column":3}},"type":"if","locations":[{"start":{"line":15,"column":2},"end":{"line":17,"column":3}},{"start":{},"end":{}}],"line":15}},"s":{"0":2,"1":2,"2":7,"3":7,"4":0,"5":7,"6":7,"7":7,"8":7,"9":7,"10":7,"11":7},"f":{"0":7,"1":7},"b":{"0":[0,7]},"_coverageSchema":"1a1c01bbd47fc00a2c39e90264f33305004495a9","hash":"873bc24678e5fe3199cd3958d945fdf7360bfc2d"}
,"C:\\Users\\Corey\\OneDrive\\Desktop\\SWEN661Project\\team_2_project\\apps\\react-native\\src\\contexts\\MessagesContext.js": {"path":"C:\\Users\\Corey\\OneDrive\\Desktop\\SWEN661Project\\team_2_project\\apps\\react-native\\src\\contexts\\MessagesContext.js","statementMap":{"0":{"start":{"line":10,"column":24},"end":{"line":10,"column":39}},"1":{"start":{"line":12,"column":27},"end":{"line":18,"column":1}},"2":{"start":{"line":13,"column":18},"end":{"line":13,"column":45}},"3":{"start":{"line":14,"column":2},"end":{"line":16,"column":3}},"4":{"start":{"line":15,"column":4},"end":{"line":15,"column":72}},"5":{"start":{"line":17,"column":2},"end":{"line":17,"column":17}},"6":{"start":{"line":21,"column":34},"end":{"line":21,"column":49}},"7":{"start":{"line":24,"column":19},"end":{"line":26,"column":38}},"8":{"start":{"line":28,"column":22},"end":{"line":28,"column":54}},"9":{"start":{"line":30,"column":27},"end":{"line":34,"column":8}},"10":{"start":{"line":33,"column":4},"end":{"line":33,"column":53}},"11":{"start":{"line":36,"column":29},"end":{"line":39,"column":8}},"12":{"start":{"line":38,"column":4},"end":{"line":38,"column":55}},"13":{"start":{"line":41,"column":30},"end":{"line":44,"column":8}},"14":{"start":{"line":43,"column":4},"end":{"line":43,"column":47}},"15":{"start":{"line":46,"column":16},"end":{"line":55,"column":3}},"16":{"start":{"line":57,"column":2},"end":{"line":61,"column":4}}},"fnMap":{"0":{"name":"(anonymous_0)","decl":{"start":{"line":12,"column":27},"end":{"line":12,"column":28}},"loc":{"start":{"line":12,"column":33},"end":{"line":18,"column":1}},"line":12},"1":{"name":"MessagesProvider","decl":{"start":{"line":20,"column":16},"end":{"line":20,"column":32}},"loc":{"start":{"line":20,"column":47},"end":{"line":62,"column":1}},"line":20},"2":{"name":"(anonymous_2)","decl":{"start":{"line":30,"column":39},"end":{"line":30,"column":40}},"loc":{"start":{"line":30,"column":54},"end":{"line":34,"column":3}},"line":30},"3":{"name":"(anonymous_3)","decl":{"start":{"line":36,"column":41},"end":{"line":36,"column":42}},"loc":{"start":{"line":36,"column":56},"end":{"line":39,"column":3}},"line":36},"4":{"name":"(anonymous_4)","decl":{"start":{"line":41,"column":42},"end":{"line":41,"column":43}},"loc":{"start":{"line":41,"column":57},"end":{"line":44,"column":3}},"line":41}},"branchMap":{"0":{"loc":{"start":{"line":14,"column":2},"end":{"line":16,"column":3}},"type":"if","locations":[{"start":{"line":14,"column":2},"end":{"line":16,"column":3}},{"start":{},"end":{}}],"line":14},"1":{"loc":{"start":{"line":24,"column":19},"end":{"line":26,"column":38}},"type":"cond-expr","locations":[{"start":{"line":25,"column":6},"end":{"line":25,"column":41}},{"start":{"line":26,"column":6},"end":{"line":26,"column":38}}],"line":24}},"s":{"0":1,"1":1,"2":5,"3":5,"4":0,"5":5,"6":5,"7":5,"8":5,"9":5,"10":0,"11":5,"12":0,"13":5,"14":0,"15":5,"16":5},"f":{"0":5,"1":5,"2":0,"3":0,"4":0},"b":{"0":[0,5],"1":[0,5]},"_coverageSchema":"1a1c01bbd47fc00a2c39e90264f33305004495a9","hash":"b8514488c1da5b6bc06b83d3244401047bfc719f"}
,"C:\\Users\\Corey\\OneDrive\\Desktop\\SWEN661Project\\team_2_project\\apps\\react-native\\src\\contexts\\PatientsContext.js": {"path":"C:\\Users\\Corey\\OneDrive\\Desktop\\SWEN661Project\\team_2_project\\apps\\react-native\\src\\contexts\\PatientsContext.js","statementMap":{"0":{"start":{"line":11,"column":24},"end":{"line":11,"column":39}},"1":{"start":{"line":13,"column":31},"end":{"line":17,"column":1}},"2":{"start":{"line":19,"column":32},"end":{"line":51,"column":1}},"3":{"start":{"line":20,"column":34},"end":{"line":20,"column":63}},"4":{"start":{"line":25,"column":22},"end":{"line":35,"column":3}},"5":{"start":{"line":26,"column":4},"end":{"line":34,"column":5}},"6":{"start":{"line":28,"column":8},"end":{"line":28,"column":59}},"7":{"start":{"line":30,"column":8},"end":{"line":30,"column":57}},"8":{"start":{"line":33,"column":8},"end":{"line":33,"column":48}},"9":{"start":{"line":37,"column":16},"end":{"line":44,"column":3}},"10":{"start":{"line":38,"column":11},"end":{"line":42,"column":5}},"11":{"start":{"line":46,"column":2},"end":{"line":50,"column":4}},"12":{"start":{"line":53,"column":27},"end":{"line":59,"column":1}},"13":{"start":{"line":54,"column":18},"end":{"line":54,"column":45}},"14":{"start":{"line":55,"column":2},"end":{"line":57,"column":3}},"15":{"start":{"line":56,"column":4},"end":{"line":56,"column":74}},"16":{"start":{"line":58,"column":2},"end":{"line":58,"column":17}}},"fnMap":{"0":{"name":"(anonymous_0)","decl":{"start":{"line":19,"column":32},"end":{"line":19,"column":33}},"loc":{"start":{"line":19,"column":50},"end":{"line":51,"column":1}},"line":19},"1":{"name":"(anonymous_1)","decl":{"start":{"line":25,"column":22},"end":{"line":25,"column":23}},"loc":{"start":{"line":25,"column":28},"end":{"line":35,"column":3}},"line":25},"2":{"name":"(anonymous_2)","decl":{"start":{"line":38,"column":4},"end":{"line":38,"column":5}},"loc":{"start":{"line":38,"column":11},"end":{"line":42,"column":5}},"line":38},"3":{"name":"(anonymous_3)","decl":{"start":{"line":53,"column":27},"end":{"line":53,"column":28}},"loc":{"start":{"line":53,"column":33},"end":{"line":59,"column":1}},"line":53}},"branchMap":{"0":{"loc":{"start":{"line":26,"column":4},"end":{"line":34,"column":5}},"type":"switch","locations":[{"start":{"line":27,"column":6},"end":{"line":28,"column":59}},{"start":{"line":29,"column":6},"end":{"line":30,"column":57}},{"start":{"line":31,"column":6},"end":{"line":31,"column":31}},{"start":{"line":32,"column":6},"end":{"line":33,"column":48}}],"line":26},"1":{"loc":{"start":{"line":55,"column":2},"end":{"line":57,"column":3}},"type":"if","locations":[{"start":{"line":55,"column":2},"end":{"line":57,"column":3}},{"start":{},"end":{}}],"line":55}},"s":{"0":5,"1":5,"2":5,"3":37,"4":37,"5":36,"6":4,"7":2,"8":30,"9":37,"10":36,"11":37,"12":5,"13":32,"14":32,"15":2,"16":30},"f":{"0":37,"1":36,"2":36,"3":32},"b":{"0":[4,2,30,30],"1":[2,30]},"_coverageSchema":"1a1c01bbd47fc00a2c39e90264f33305004495a9","hash":"ddae81250834d77692efa210bb1eb4d038317be8"}
,"C:\\Users\\Corey\\OneDrive\\Desktop\\SWEN661Project\\team_2_project\\apps\\react-native\\src\\contexts\\ProfileContext.js": {"path":"C:\\Users\\Corey\\OneDrive\\Desktop\\SWEN661Project\\team_2_project\\apps\\react-native\\src\\contexts\\ProfileContext.js","statementMap":{"0":{"start":{"line":6,"column":20},"end":{"line":6,"column":54}},"1":{"start":{"line":8,"column":23},"end":{"line":8,"column":38}},"2":{"start":{"line":10,"column":31},"end":{"line":67,"column":1}},"3":{"start":{"line":11,"column":32},"end":{"line":11,"column":64}},"4":{"start":{"line":12,"column":30},"end":{"line":12,"column":45}},"5":{"start":{"line":14,"column":2},"end":{"line":16,"column":9}},"6":{"start":{"line":15,"column":4},"end":{"line":15,"column":11}},"7":{"start":{"line":18,"column":15},"end":{"line":30,"column":3}},"8":{"start":{"line":19,"column":4},"end":{"line":29,"column":5}},"9":{"start":{"line":20,"column":18},"end":{"line":20,"column":57}},"10":{"start":{"line":21,"column":6},"end":{"line":24,"column":7}},"11":{"start":{"line":22,"column":23},"end":{"line":22,"column":38}},"12":{"start":{"line":23,"column":8},"end":{"line":23,"column":54}},"13":{"start":{"line":26,"column":6},"end":{"line":26,"column":48}},"14":{"start":{"line":28,"column":6},"end":{"line":28,"column":22}},"15":{"start":{"line":32,"column":15},"end":{"line":39,"column":3}},"16":{"start":{"line":33,"column":4},"end":{"line":38,"column":5}},"17":{"start":{"line":34,"column":6},"end":{"line":34,"column":83}},"18":{"start":{"line":35,"column":6},"end":{"line":35,"column":65}},"19":{"start":{"line":37,"column":6},"end":{"line":37,"column":48}},"20":{"start":{"line":42,"column":20},"end":{"line":55,"column":3}},"21":{"start":{"line":43,"column":4},"end":{"line":54,"column":5}},"22":{"start":{"line":44,"column":6},"end":{"line":44,"column":33}},"23":{"start":{"line":44,"column":21},"end":{"line":44,"column":33}},"24":{"start":{"line":45,"column":22},"end":{"line":45,"column":70}},"25":{"start":{"line":46,"column":6},"end":{"line":46,"column":92}},"26":{"start":{"line":47,"column":18},"end":{"line":47,"column":57}},"27":{"start":{"line":48,"column":19},"end":{"line":48,"column":61}},"28":{"start":{"line":49,"column":6},"end":{"line":49,"column":63}},"29":{"start":{"line":50,"column":6},"end":{"line":50,"column":18}},"30":{"start":{"line":52,"column":6},"end":{"line":52,"column":46}},"31":{"start":{"line":53,"column":6},"end":{"line":53,"column":22}},"32":{"start":{"line":57,"column":22},"end":{"line":60,"column":3}},"33":{"start":{"line":58,"column":20},"end":{"line":58,"column":45}},"34":{"start":{"line":59,"column":4},"end":{"line":59,"column":46}},"35":{"start":{"line":62,"column":2},"end":{"line":66,"column":4}},"36":{"start":{"line":69,"column":26},"end":{"line":73,"column":1}},"37":{"start":{"line":70,"column":14},"end":{"line":70,"column":40}},"38":{"start":{"line":71,"column":2},"end":{"line":71,"column":78}},"39":{"start":{"line":71,"column":12},"end":{"line":71,"column":78}},"40":{"start":{"line":72,"column":2},"end":{"line":72,"column":13}}},"fnMap":{"0":{"name":"(anonymous_0)","decl":{"start":{"line":10,"column":31},"end":{"line":10,"column":32}},"loc":{"start":{"line":10,"column":49},"end":{"line":67,"column":1}},"line":10},"1":{"name":"(anonymous_1)","decl":{"start":{"line":14,"column":12},"end":{"line":14,"column":13}},"loc":{"start":{"line":14,"column":18},"end":{"line":16,"column":3}},"line":14},"2":{"name":"(anonymous_2)","decl":{"start":{"line":18,"column":15},"end":{"line":18,"column":16}},"loc":{"start":{"line":18,"column":27},"end":{"line":30,"column":3}},"line":18},"3":{"name":"(anonymous_3)","decl":{"start":{"line":32,"column":15},"end":{"line":32,"column":16}},"loc":{"start":{"line":32,"column":37},"end":{"line":39,"column":3}},"line":32},"4":{"name":"(anonymous_4)","decl":{"start":{"line":42,"column":20},"end":{"line":42,"column":21}},"loc":{"start":{"line":42,"column":40},"end":{"line":55,"column":3}},"line":42},"5":{"name":"(anonymous_5)","decl":{"start":{"line":46,"column":82},"end":{"line":46,"column":83}},"loc":{"start":{"line":46,"column":88},"end":{"line":46,"column":90}},"line":46},"6":{"name":"(anonymous_6)","decl":{"start":{"line":57,"column":22},"end":{"line":57,"column":23}},"loc":{"start":{"line":57,"column":40},"end":{"line":60,"column":3}},"line":57},"7":{"name":"(anonymous_7)","decl":{"start":{"line":69,"column":26},"end":{"line":69,"column":27}},"loc":{"start":{"line":69,"column":32},"end":{"line":73,"column":1}},"line":69}},"branchMap":{"0":{"loc":{"start":{"line":21,"column":6},"end":{"line":24,"column":7}},"type":"if","locations":[{"start":{"line":21,"column":6},"end":{"line":24,"column":7}},{"start":{},"end":{}}],"line":21},"1":{"loc":{"start":{"line":44,"column":6},"end":{"line":44,"column":33}},"type":"if","locations":[{"start":{"line":44,"column":6},"end":{"line":44,"column":33}},{"start":{},"end":{}}],"line":44},"2":{"loc":{"start":{"line":71,"column":2},"end":{"line":71,"column":78}},"type":"if","locations":[{"start":{"line":71,"column":2},"end":{"line":71,"column":78}},{"start":{},"end":{}}],"line":71}},"s":{"0":2,"1":2,"2":2,"3":72,"4":72,"5":72,"6":34,"7":72,"8":35,"9":35,"10":34,"11":3,"12":3,"13":1,"14":35,"15":72,"16":4,"17":4,"18":3,"19":1,"20":72,"21":5,"22":5,"23":1,"24":4,"25":4,"26":4,"27":4,"28":4,"29":3,"30":1,"31":1,"32":72,"33":2,"34":2,"35":72,"36":2,"37":54,"38":54,"39":2,"40":52},"f":{"0":72,"1":34,"2":35,"3":4,"4":5,"5":0,"6":2,"7":54},"b":{"0":[3,31],"1":[1,4],"2":[2,52]},"_coverageSchema":"1a1c01bbd47fc00a2c39e90264f33305004495a9","hash":"188b38e19ff33924046d59061b1cc47e75c329f8"}
,"C:\\Users\\Corey\\OneDrive\\Desktop\\SWEN661Project\\team_2_project\\apps\\react-native\\src\\models\\CaregiverMessage.js": {"path":"C:\\Users\\Corey\\OneDrive\\Desktop\\SWEN661Project\\team_2_project\\apps\\react-native\\src\\models\\CaregiverMessage.js","statementMap":{"0":{"start":{"line":8,"column":4},"end":{"line":8,"column":17}},"1":{"start":{"line":9,"column":4},"end":{"line":9,"column":25}},"2":{"start":{"line":10,"column":4},"end":{"line":10,"column":27}},"3":{"start":{"line":11,"column":4},"end":{"line":11,"column":27}},"4":{"start":{"line":12,"column":4},"end":{"line":12,"column":25}},"5":{"start":{"line":13,"column":4},"end":{"line":13,"column":25}}},"fnMap":{"0":{"name":"(anonymous_0)","decl":{"start":{"line":7,"column":2},"end":{"line":7,"column":3}},"loc":{"start":{"line":7,"column":68},"end":{"line":14,"column":3}},"line":7}},"branchMap":{"0":{"loc":{"start":{"line":7,"column":52},"end":{"line":7,"column":66}},"type":"default-arg","locations":[{"start":{"line":7,"column":61},"end":{"line":7,"column":66}}],"line":7}},"s":{"0":24,"1":24,"2":24,"3":24,"4":24,"5":24},"f":{"0":24},"b":{"0":[0]},"_coverageSchema":"1a1c01bbd47fc00a2c39e90264f33305004495a9","hash":"36657a20fbf27c9f72ef6a4c2729aa907a7cf18f"}
,"C:\\Users\\Corey\\OneDrive\\Desktop\\SWEN661Project\\team_2_project\\apps\\react-native\\src\\models\\CaregiverProfile.js": {"path":"C:\\Users\\Corey\\OneDrive\\Desktop\\SWEN661Project\\team_2_project\\apps\\react-native\\src\\models\\CaregiverProfile.js","statementMap":{"0":{"start":{"line":3,"column":4},"end":{"line":3,"column":29}},"1":{"start":{"line":4,"column":4},"end":{"line":4,"column":21}},"2":{"start":{"line":5,"column":4},"end":{"line":5,"column":31}},"3":{"start":{"line":6,"column":4},"end":{"line":6,"column":29}},"4":{"start":{"line":7,"column":4},"end":{"line":7,"column":37}},"5":{"start":{"line":8,"column":4},"end":{"line":8,"column":23}},"6":{"start":{"line":9,"column":4},"end":{"line":9,"column":23}},"7":{"start":{"line":13,"column":4},"end":{"line":13,"column":45}},"8":{"start":{"line":13,"column":15},"end":{"line":13,"column":45}},"9":{"start":{"line":14,"column":4},"end":{"line":22,"column":7}},"10":{"start":{"line":26,"column":4},"end":{"line":34,"column":6}}},"fnMap":{"0":{"name":"(anonymous_0)","decl":{"start":{"line":2,"column":2},"end":{"line":2,"column":3}},"loc":{"start":{"line":2,"column":125},"end":{"line":10,"column":3}},"line":2},"1":{"name":"(anonymous_1)","decl":{"start":{"line":12,"column":2},"end":{"line":12,"column":3}},"loc":{"start":{"line":12,"column":24},"end":{"line":23,"column":3}},"line":12},"2":{"name":"(anonymous_2)","decl":{"start":{"line":25,"column":2},"end":{"line":25,"column":3}},"loc":{"start":{"line":25,"column":11},"end":{"line":35,"column":3}},"line":25}},"branchMap":{"0":{"loc":{"start":{"line":2,"column":14},"end":{"line":2,"column":123}},"type":"default-arg","locations":[{"start":{"line":2,"column":121},"end":{"line":2,"column":123}}],"line":2},"1":{"loc":{"start":{"line":2,"column":16},"end":{"line":2,"column":31}},"type":"default-arg","locations":[{"start":{"line":2,"column":27},"end":{"line":2,"column":31}}],"line":2},"2":{"loc":{"start":{"line":2,"column":33},"end":{"line":2,"column":42}},"type":"default-arg","locations":[{"start":{"line":2,"column":40},"end":{"line":2,"column":42}}],"line":2},"3":{"loc":{"start":{"line":2,"column":44},"end":{"line":2,"column":58}},"type":"default-arg","locations":[{"start":{"line":2,"column":56},"end":{"line":2,"column":58}}],"line":2},"4":{"loc":{"start":{"line":2,"column":60},"end":{"line":2,"column":73}},"type":"default-arg","locations":[{"start":{"line":2,"column":71},"end":{"line":2,"column":73}}],"line":2},"5":{"loc":{"start":{"line":2,"column":75},"end":{"line":2,"column":92}},"type":"default-arg","locations":[{"start":{"line":2,"column":90},"end":{"line":2,"column":92}}],"line":2},"6":{"loc":{"start":{"line":2,"column":94},"end":{"line":2,"column":104}},"type":"default-arg","locations":[{"start":{"line":2,"column":102},"end":{"line":2,"column":104}}],"line":2},"7":{"loc":{"start":{"line":2,"column":106},"end":{"line":2,"column":116}},"type":"default-arg","locations":[{"start":{"line":2,"column":114},"end":{"line":2,"column":116}}],"line":2},"8":{"loc":{"start":{"line":13,"column":4},"end":{"line":13,"column":45}},"type":"if","locations":[{"start":{"line":13,"column":4},"end":{"line":13,"column":45}},{"start":{},"end":{}}],"line":13},"9":{"loc":{"start":{"line":15,"column":16},"end":{"line":15,"column":37}},"type":"binary-expr","locations":[{"start":{"line":15,"column":16},"end":{"line":15,"column":29}},{"start":{"line":15,"column":33},"end":{"line":15,"column":37}}],"line":15},"10":{"loc":{"start":{"line":16,"column":12},"end":{"line":16,"column":27}},"type":"binary-expr","locations":[{"start":{"line":16,"column":12},"end":{"line":16,"column":21}},{"start":{"line":16,"column":25},"end":{"line":16,"column":27}}],"line":16},"11":{"loc":{"start":{"line":17,"column":17},"end":{"line":17,"column":37}},"type":"binary-expr","locations":[{"start":{"line":17,"column":17},"end":{"line":17,"column":31}},{"start":{"line":17,"column":35},"end":{"line":17,"column":37}}],"line":17},"12":{"loc":{"start":{"line":18,"column":16},"end":{"line":18,"column":35}},"type":"binary-expr","locations":[{"start":{"line":18,"column":16},"end":{"line":18,"column":29}},{"start":{"line":18,"column":33},"end":{"line":18,"column":35}}],"line":18},"13":{"loc":{"start":{"line":19,"column":20},"end":{"line":19,"column":43}},"type":"binary-expr","locations":[{"start":{"line":19,"column":20},"end":{"line":19,"column":37}},{"start":{"line":19,"column":41},"end":{"line":19,"column":43}}],"line":19},"14":{"loc":{"start":{"line":20,"column":13},"end":{"line":20,"column":29}},"type":"binary-expr","locations":[{"start":{"line":20,"column":13},"end":{"line":20,"column":23}},{"start":{"line":20,"column":27},"end":{"line":20,"column":29}}],"line":20},"15":{"loc":{"start":{"line":21,"column":13},"end":{"line":21,"column":29}},"type":"binary-expr","locations":[{"start":{"line":21,"column":13},"end":{"line":21,"column":23}},{"start":{"line":21,"column":27},"end":{"line":21,"column":29}}],"line":21}},"s":{"0":94,"1":94,"2":94,"3":94,"4":94,"5":94,"6":94,"7":11,"8":2,"9":9,"10":13},"f":{"0":94,"1":11,"2":13},"b":{"0":[75],"1":[80],"2":[80],"3":[80],"4":[80],"5":[80],"6":[79],"7":[80],"8":[2,9],"9":[9,7],"10":[9,6],"11":[9,7],"12":[9,7],"13":[9,7],"14":[9,4],"15":[9,6]},"_coverageSchema":"1a1c01bbd47fc00a2c39e90264f33305004495a9","hash":"5859a16f825781e41d301ce6953cfc4dec30c953"}
,"C:\\Users\\Corey\\OneDrive\\Desktop\\SWEN661Project\\team_2_project\\apps\\react-native\\src\\models\\CaregiverTask.js": {"path":"C:\\Users\\Corey\\OneDrive\\Desktop\\SWEN661Project\\team_2_project\\apps\\react-native\\src\\models\\CaregiverTask.js","statementMap":{"0":{"start":{"line":1,"column":26},"end":{"line":5,"column":1}},"1":{"start":{"line":9,"column":4},"end":{"line":9,"column":25}},"2":{"start":{"line":10,"column":4},"end":{"line":10,"column":23}},"3":{"start":{"line":11,"column":4},"end":{"line":11,"column":25}},"4":{"start":{"line":12,"column":4},"end":{"line":12,"column":29}},"5":{"start":{"line":13,"column":4},"end":{"line":13,"column":27}},"6":{"start":{"line":15,"column":4},"end":{"line":15,"column":92}},"7":{"start":{"line":17,"column":4},"end":{"line":17,"column":112}},"8":{"start":{"line":21,"column":4},"end":{"line":29,"column":6}},"9":{"start":{"line":33,"column":4},"end":{"line":41,"column":7}},"10":{"start":{"line":45,"column":4},"end":{"line":45,"column":59}},"11":{"start":{"line":45,"column":46},"end":{"line":45,"column":59}},"12":{"start":{"line":46,"column":4},"end":{"line":46,"column":36}},"13":{"start":{"line":46,"column":23},"end":{"line":46,"column":36}},"14":{"start":{"line":47,"column":4},"end":{"line":47,"column":47}},"15":{"start":{"line":51,"column":4},"end":{"line":51,"column":36}},"16":{"start":{"line":51,"column":23},"end":{"line":51,"column":36}},"17":{"start":{"line":52,"column":14},"end":{"line":52,"column":24}},"18":{"start":{"line":53,"column":4},"end":{"line":57,"column":6}}},"fnMap":{"0":{"name":"(anonymous_0)","decl":{"start":{"line":8,"column":2},"end":{"line":8,"column":3}},"loc":{"start":{"line":8,"column":129},"end":{"line":18,"column":3}},"line":8},"1":{"name":"(anonymous_1)","decl":{"start":{"line":20,"column":2},"end":{"line":20,"column":3}},"loc":{"start":{"line":20,"column":11},"end":{"line":30,"column":3}},"line":20},"2":{"name":"(anonymous_2)","decl":{"start":{"line":32,"column":2},"end":{"line":32,"column":3}},"loc":{"start":{"line":32,"column":23},"end":{"line":42,"column":3}},"line":32},"3":{"name":"(anonymous_3)","decl":{"start":{"line":44,"column":2},"end":{"line":44,"column":3}},"loc":{"start":{"line":44,"column":18},"end":{"line":48,"column":3}},"line":44},"4":{"name":"(anonymous_4)","decl":{"start":{"line":50,"column":2},"end":{"line":50,"column":3}},"loc":{"start":{"line":50,"column":19},"end":{"line":58,"column":3}},"line":50}},"branchMap":{"0":{"loc":{"start":{"line":8,"column":27},"end":{"line":8,"column":54}},"type":"default-arg","locations":[{"start":{"line":8,"column":36},"end":{"line":8,"column":54}}],"line":8},"1":{"loc":{"start":{"line":8,"column":56},"end":{"line":8,"column":75}},"type":"default-arg","locations":[{"start":{"line":8,"column":67},"end":{"line":8,"column":75}}],"line":8},"2":{"loc":{"start":{"line":8,"column":77},"end":{"line":8,"column":89}},"type":"default-arg","locations":[{"start":{"line":8,"column":87},"end":{"line":8,"column":89}}],"line":8},"3":{"loc":{"start":{"line":8,"column":91},"end":{"line":8,"column":105}},"type":"default-arg","locations":[{"start":{"line":8,"column":101},"end":{"line":8,"column":105}}],"line":8},"4":{"loc":{"start":{"line":8,"column":107},"end":{"line":8,"column":125}},"type":"default-arg","locations":[{"start":{"line":8,"column":121},"end":{"line":8,"column":125}}],"line":8},"5":{"loc":{"start":{"line":15,"column":19},"end":{"line":15,"column":91}},"type":"cond-expr","locations":[{"start":{"line":15,"column":30},"end":{"line":15,"column":83}},{"start":{"line":15,"column":87},"end":{"line":15,"column":91}}],"line":15},"6":{"loc":{"start":{"line":15,"column":30},"end":{"line":15,"column":83}},"type":"cond-expr","locations":[{"start":{"line":15,"column":56},"end":{"line":15,"column":63}},{"start":{"line":15,"column":66},"end":{"line":15,"column":83}}],"line":15},"7":{"loc":{"start":{"line":17,"column":23},"end":{"line":17,"column":111}},"type":"cond-expr","locations":[{"start":{"line":17,"column":38},"end":{"line":17,"column":103}},{"start":{"line":17,"column":107},"end":{"line":17,"column":111}}],"line":17},"8":{"loc":{"start":{"line":17,"column":38},"end":{"line":17,"column":103}},"type":"cond-expr","locations":[{"start":{"line":17,"column":68},"end":{"line":17,"column":79}},{"start":{"line":17,"column":82},"end":{"line":17,"column":103}}],"line":17},"9":{"loc":{"start":{"line":27,"column":15},"end":{"line":27,"column":63}},"type":"cond-expr","locations":[{"start":{"line":27,"column":30},"end":{"line":27,"column":56}},{"start":{"line":27,"column":59},"end":{"line":27,"column":63}}],"line":27},"10":{"loc":{"start":{"line":28,"column":19},"end":{"line":28,"column":75}},"type":"cond-expr","locations":[{"start":{"line":28,"column":38},"end":{"line":28,"column":68}},{"start":{"line":28,"column":71},"end":{"line":28,"column":75}}],"line":28},"11":{"loc":{"start":{"line":39,"column":15},"end":{"line":39,"column":57}},"type":"cond-expr","locations":[{"start":{"line":39,"column":29},"end":{"line":39,"column":50}},{"start":{"line":39,"column":53},"end":{"line":39,"column":57}}],"line":39},"12":{"loc":{"start":{"line":40,"column":19},"end":{"line":40,"column":69}},"type":"cond-expr","locations":[{"start":{"line":40,"column":37},"end":{"line":40,"column":62}},{"start":{"line":40,"column":65},"end":{"line":40,"column":69}}],"line":40},"13":{"loc":{"start":{"line":45,"column":4},"end":{"line":45,"column":59}},"type":"if","locations":[{"start":{"line":45,"column":4},"end":{"line":45,"column":59}},{"start":{},"end":{}}],"line":45},"14":{"loc":{"start":{"line":46,"column":4},"end":{"line":46,"column":36}},"type":"if","locations":[{"start":{"line":46,"column":4},"end":{"line":46,"column":36}},{"start":{},"end":{}}],"line":46},"15":{"loc":{"start":{"line":51,"column":4},"end":{"line":51,"column":36}},"type":"if","locations":[{"start":{"line":51,"column":4},"end":{"line":51,"column":36}},{"start":{},"end":{}}],"line":51},"16":{"loc":{"start":{"line":54,"column":6},"end":{"line":56,"column":44}},"type":"binary-expr","locations":[{"start":{"line":54,"column":6},"end":{"line":54,"column":52}},{"start":{"line":55,"column":6},"end":{"line":55,"column":46}},{"start":{"line":56,"column":6},"end":{"line":56,"column":44}}],"line":54}},"s":{"0":3,"1":29,"2":29,"3":29,"4":29,"5":29,"6":29,"7":29,"8":3,"9":3,"10":89,"11":35,"12":54,"13":1,"14":53,"15":89,"16":35,"17":54,"18":54},"f":{"0":29,"1":3,"2":3,"3":89,"4":89},"b":{"0":[9],"1":[13],"2":[13],"3":[10],"4":[19],"5":[18,11],"6":[11,7],"7":[8,21],"8":[3,5],"9":[2,1],"10":[2,1],"11":[2,1],"12":[1,2],"13":[35,54],"14":[1,53],"15":[35,54],"16":[54,54,54]},"_coverageSchema":"1a1c01bbd47fc00a2c39e90264f33305004495a9","hash":"a6d4db26896240bb7faefcd87ccc5dd95c3ad323"}
,"C:\\Users\\Corey\\OneDrive\\Desktop\\SWEN661Project\\team_2_project\\apps\\react-native\\src\\models\\Patient.js": {"path":"C:\\Users\\Corey\\OneDrive\\Desktop\\SWEN661Project\\team_2_project\\apps\\react-native\\src\\models\\Patient.js","statementMap":{"0":{"start":{"line":6,"column":34},"end":{"line":11,"column":1}},"1":{"start":{"line":15,"column":4},"end":{"line":15,"column":31}},"2":{"start":{"line":16,"column":4},"end":{"line":16,"column":29}},"3":{"start":{"line":17,"column":4},"end":{"line":17,"column":35}},"4":{"start":{"line":19,"column":4},"end":{"line":19,"column":102}},"5":{"start":{"line":23,"column":4},"end":{"line":23,"column":48}}},"fnMap":{"0":{"name":"(anonymous_0)","decl":{"start":{"line":14,"column":2},"end":{"line":14,"column":3}},"loc":{"start":{"line":14,"column":73},"end":{"line":20,"column":3}},"line":14},"1":{"name":"(anonymous_1)","decl":{"start":{"line":22,"column":2},"end":{"line":22,"column":3}},"loc":{"start":{"line":22,"column":17},"end":{"line":24,"column":3}},"line":22}},"branchMap":{"0":{"loc":{"start":{"line":14,"column":35},"end":{"line":14,"column":53}},"type":"default-arg","locations":[{"start":{"line":14,"column":49},"end":{"line":14,"column":53}}],"line":14},"1":{"loc":{"start":{"line":14,"column":55},"end":{"line":14,"column":71}},"type":"default-arg","locations":[{"start":{"line":14,"column":67},"end":{"line":14,"column":71}}],"line":14},"2":{"loc":{"start":{"line":19,"column":21},"end":{"line":19,"column":101}},"type":"cond-expr","locations":[{"start":{"line":19,"column":34},"end":{"line":19,"column":93}},{"start":{"line":19,"column":97},"end":{"line":19,"column":101}}],"line":19},"3":{"loc":{"start":{"line":19,"column":34},"end":{"line":19,"column":93}},"type":"cond-expr","locations":[{"start":{"line":19,"column":62},"end":{"line":19,"column":71}},{"start":{"line":19,"column":74},"end":{"line":19,"column":93}}],"line":19}},"s":{"0":9,"1":130,"2":130,"3":130,"4":130,"5":157},"f":{"0":130,"1":157},"b":{"0":[9],"1":[15],"2":[87,43],"3":[86,1]},"_coverageSchema":"1a1c01bbd47fc00a2c39e90264f33305004495a9","hash":"eafed7c009a75a7321b0c6833082e5c31d5b220a"}
,"C:\\Users\\Corey\\OneDrive\\Desktop\\SWEN661Project\\team_2_project\\apps\\react-native\\src\\navigation\\MainTabNavigator.js": {"path":"C:\\Users\\Corey\\OneDrive\\Desktop\\SWEN661Project\\team_2_project\\apps\\react-native\\src\\navigation\\MainTabNavigator.js","statementMap":{"0":{"start":{"line":13,"column":12},"end":{"line":13,"column":38}},"1":{"start":{"line":14,"column":20},"end":{"line":14,"column":52}},"2":{"start":{"line":21,"column":2},"end":{"line":75,"column":4}},"3":{"start":{"line":42,"column":37},"end":{"line":42,"column":77}},"4":{"start":{"line":49,"column":37},"end":{"line":49,"column":77}},"5":{"start":{"line":56,"column":37},"end":{"line":56,"column":76}},"6":{"start":{"line":63,"column":37},"end":{"line":63,"column":77}},"7":{"start":{"line":71,"column":37},"end":{"line":71,"column":77}}},"fnMap":{"0":{"name":"MainTabNavigator","decl":{"start":{"line":20,"column":24},"end":{"line":20,"column":40}},"loc":{"start":{"line":20,"column":43},"end":{"line":76,"column":1}},"line":20},"1":{"name":"(anonymous_1)","decl":{"start":{"line":42,"column":22},"end":{"line":42,"column":23}},"loc":{"start":{"line":42,"column":37},"end":{"line":42,"column":77}},"line":42},"2":{"name":"(anonymous_2)","decl":{"start":{"line":49,"column":22},"end":{"line":49,"column":23}},"loc":{"start":{"line":49,"column":37},"end":{"line":49,"column":77}},"line":49},"3":{"name":"(anonymous_3)","decl":{"start":{"line":56,"column":22},"end":{"line":56,"column":23}},"loc":{"start":{"line":56,"column":37},"end":{"line":56,"column":76}},"line":56},"4":{"name":"(anonymous_4)","decl":{"start":{"line":63,"column":22},"end":{"line":63,"column":23}},"loc":{"start":{"line":63,"column":37},"end":{"line":63,"column":77}},"line":63},"5":{"name":"(anonymous_5)","decl":{"start":{"line":71,"column":22},"end":{"line":71,"column":23}},"loc":{"start":{"line":71,"column":37},"end":{"line":71,"column":77}},"line":71}},"branchMap":{"0":{"loc":{"start":{"line":64,"column":23},"end":{"line":64,"column":64}},"type":"cond-expr","locations":[{"start":{"line":64,"column":41},"end":{"line":64,"column":52}},{"start":{"line":64,"column":55},"end":{"line":64,"column":64}}],"line":64}},"s":{"0":0,"1":0,"2":0,"3":0,"4":0,"5":0,"6":0,"7":0},"f":{"0":0,"1":0,"2":0,"3":0,"4":0,"5":0},"b":{"0":[0,0]}}
,"C:\\Users\\Corey\\OneDrive\\Desktop\\SWEN661Project\\team_2_project\\apps\\react-native\\src\\repositories\\MessagesRepository.js": {"path":"C:\\Users\\Corey\\OneDrive\\Desktop\\SWEN661Project\\team_2_project\\apps\\react-native\\src\\repositories\\MessagesRepository.js","statementMap":{"0":{"start":{"line":12,"column":4},"end":{"line":61,"column":6}},"1":{"start":{"line":65,"column":4},"end":{"line":65,"column":31}},"2":{"start":{"line":69,"column":4},"end":{"line":69,"column":55}},"3":{"start":{"line":69,"column":38},"end":{"line":69,"column":46}},"4":{"start":{"line":73,"column":4},"end":{"line":73,"column":48}},"5":{"start":{"line":73,"column":38},"end":{"line":73,"column":46}},"6":{"start":{"line":77,"column":34},"end":{"line":77,"column":58}}},"fnMap":{"0":{"name":"(anonymous_0)","decl":{"start":{"line":11,"column":2},"end":{"line":11,"column":3}},"loc":{"start":{"line":11,"column":16},"end":{"line":62,"column":3}},"line":11},"1":{"name":"(anonymous_1)","decl":{"start":{"line":64,"column":2},"end":{"line":64,"column":3}},"loc":{"start":{"line":64,"column":16},"end":{"line":66,"column":3}},"line":64},"2":{"name":"(anonymous_2)","decl":{"start":{"line":68,"column":2},"end":{"line":68,"column":3}},"loc":{"start":{"line":68,"column":16},"end":{"line":70,"column":3}},"line":68},"3":{"name":"(anonymous_3)","decl":{"start":{"line":69,"column":33},"end":{"line":69,"column":34}},"loc":{"start":{"line":69,"column":38},"end":{"line":69,"column":46}},"line":69},"4":{"name":"(anonymous_4)","decl":{"start":{"line":72,"column":2},"end":{"line":72,"column":3}},"loc":{"start":{"line":72,"column":19},"end":{"line":74,"column":3}},"line":72},"5":{"name":"(anonymous_5)","decl":{"start":{"line":73,"column":33},"end":{"line":73,"column":34}},"loc":{"start":{"line":73,"column":38},"end":{"line":73,"column":46}},"line":73}},"branchMap":{},"s":{"0":4,"1":5,"2":12,"3":72,"4":0,"5":0,"6":4},"f":{"0":4,"1":5,"2":12,"3":72,"4":0,"5":0},"b":{},"_coverageSchema":"1a1c01bbd47fc00a2c39e90264f33305004495a9","hash":"0c0693269f8dcae7dcf9974989a19080c3ecd125"}
,"C:\\Users\\Corey\\OneDrive\\Desktop\\SWEN661Project\\team_2_project\\apps\\react-native\\src\\repositories\\PatientsRepository.js": {"path":"C:\\Users\\Corey\\OneDrive\\Desktop\\SWEN661Project\\team_2_project\\apps\\react-native\\src\\repositories\\PatientsRepository.js","statementMap":{"0":{"start":{"line":12,"column":4},"end":{"line":64,"column":6}},"1":{"start":{"line":68,"column":4},"end":{"line":68,"column":31}},"2":{"start":{"line":72,"column":18},"end":{"line":72,"column":68}},"3":{"start":{"line":72,"column":45},"end":{"line":72,"column":67}},"4":{"start":{"line":74,"column":4},"end":{"line":96,"column":7}},"5":{"start":{"line":75,"column":24},"end":{"line":75,"column":53}},"6":{"start":{"line":76,"column":24},"end":{"line":76,"column":53}},"7":{"start":{"line":77,"column":26},"end":{"line":77,"column":47}},"8":{"start":{"line":78,"column":6},"end":{"line":78,"column":48}},"9":{"start":{"line":78,"column":29},"end":{"line":78,"column":48}},"10":{"start":{"line":81,"column":6},"end":{"line":90,"column":7}},"11":{"start":{"line":82,"column":22},"end":{"line":82,"column":107}},"12":{"start":{"line":83,"column":22},"end":{"line":83,"column":107}},"13":{"start":{"line":84,"column":29},"end":{"line":84,"column":42}},"14":{"start":{"line":85,"column":8},"end":{"line":85,"column":52}},"15":{"start":{"line":85,"column":32},"end":{"line":85,"column":52}},"16":{"start":{"line":86,"column":13},"end":{"line":90,"column":7}},"17":{"start":{"line":87,"column":8},"end":{"line":87,"column":18}},"18":{"start":{"line":88,"column":13},"end":{"line":90,"column":7}},"19":{"start":{"line":89,"column":8},"end":{"line":89,"column":17}},"20":{"start":{"line":93,"column":30},"end":{"line":93,"column":66}},"21":{"start":{"line":94,"column":6},"end":{"line":94,"column":56}},"22":{"start":{"line":94,"column":33},"end":{"line":94,"column":56}},"23":{"start":{"line":95,"column":6},"end":{"line":95,"column":52}},"24":{"start":{"line":98,"column":4},"end":{"line":98,"column":17}},"25":{"start":{"line":102,"column":18},"end":{"line":102,"column":66}},"26":{"start":{"line":102,"column":45},"end":{"line":102,"column":65}},"27":{"start":{"line":104,"column":4},"end":{"line":113,"column":7}},"28":{"start":{"line":105,"column":20},"end":{"line":105,"column":105}},"29":{"start":{"line":106,"column":20},"end":{"line":106,"column":105}},"30":{"start":{"line":107,"column":27},"end":{"line":107,"column":40}},"31":{"start":{"line":108,"column":6},"end":{"line":108,"column":50}},"32":{"start":{"line":108,"column":30},"end":{"line":108,"column":50}},"33":{"start":{"line":110,"column":30},"end":{"line":110,"column":66}},"34":{"start":{"line":111,"column":6},"end":{"line":111,"column":56}},"35":{"start":{"line":111,"column":33},"end":{"line":111,"column":56}},"36":{"start":{"line":112,"column":6},"end":{"line":112,"column":52}},"37":{"start":{"line":115,"column":4},"end":{"line":115,"column":17}},"38":{"start":{"line":119,"column":4},"end":{"line":119,"column":53}},"39":{"start":{"line":123,"column":4},"end":{"line":123,"column":51}},"40":{"start":{"line":127,"column":4},"end":{"line":138,"column":5}},"41":{"start":{"line":129,"column":8},"end":{"line":129,"column":17}},"42":{"start":{"line":131,"column":8},"end":{"line":131,"column":17}},"43":{"start":{"line":133,"column":8},"end":{"line":133,"column":17}},"44":{"start":{"line":135,"column":8},"end":{"line":135,"column":17}},"45":{"start":{"line":137,"column":8},"end":{"line":137,"column":17}},"46":{"start":{"line":143,"column":34},"end":{"line":143,"column":58}}},"fnMap":{"0":{"name":"(anonymous_0)","decl":{"start":{"line":11,"column":2},"end":{"line":11,"column":3}},"loc":{"start":{"line":11,"column":16},"end":{"line":65,"column":3}},"line":11},"1":{"name":"(anonymous_1)","decl":{"start":{"line":67,"column":2},"end":{"line":67,"column":3}},"loc":{"start":{"line":67,"column":16},"end":{"line":69,"column":3}},"line":67},"2":{"name":"(anonymous_2)","decl":{"start":{"line":71,"column":2},"end":{"line":71,"column":3}},"loc":{"start":{"line":71,"column":27},"end":{"line":99,"column":3}},"line":71},"3":{"name":"(anonymous_3)","decl":{"start":{"line":72,"column":40},"end":{"line":72,"column":41}},"loc":{"start":{"line":72,"column":45},"end":{"line":72,"column":67}},"line":72},"4":{"name":"(anonymous_4)","decl":{"start":{"line":74,"column":15},"end":{"line":74,"column":16}},"loc":{"start":{"line":74,"column":25},"end":{"line":96,"column":5}},"line":74},"5":{"name":"(anonymous_5)","decl":{"start":{"line":101,"column":2},"end":{"line":101,"column":3}},"loc":{"start":{"line":101,"column":25},"end":{"line":116,"column":3}},"line":101},"6":{"name":"(anonymous_6)","decl":{"start":{"line":102,"column":40},"end":{"line":102,"column":41}},"loc":{"start":{"line":102,"column":45},"end":{"line":102,"column":65}},"line":102},"7":{"name":"(anonymous_7)","decl":{"start":{"line":104,"column":15},"end":{"line":104,"column":16}},"loc":{"start":{"line":104,"column":25},"end":{"line":113,"column":5}},"line":104},"8":{"name":"(anonymous_8)","decl":{"start":{"line":118,"column":2},"end":{"line":118,"column":3}},"loc":{"start":{"line":118,"column":25},"end":{"line":120,"column":3}},"line":118},"9":{"name":"(anonymous_9)","decl":{"start":{"line":122,"column":2},"end":{"line":122,"column":3}},"loc":{"start":{"line":122,"column":23},"end":{"line":124,"column":3}},"line":122},"10":{"name":"(anonymous_10)","decl":{"start":{"line":126,"column":2},"end":{"line":126,"column":3}},"loc":{"start":{"line":126,"column":25},"end":{"line":139,"column":3}},"line":126}},"branchMap":{"0":{"loc":{"start":{"line":78,"column":6},"end":{"line":78,"column":48}},"type":"if","locations":[{"start":{"line":78,"column":6},"end":{"line":78,"column":48}},{"start":{},"end":{}}],"line":78},"1":{"loc":{"start":{"line":81,"column":6},"end":{"line":90,"column":7}},"type":"if","locations":[{"start":{"line":81,"column":6},"end":{"line":90,"column":7}},{"start":{"line":86,"column":13},"end":{"line":90,"column":7}}],"line":81},"2":{"loc":{"start":{"line":81,"column":10},"end":{"line":81,"column":36}},"type":"binary-expr","locations":[{"start":{"line":81,"column":10},"end":{"line":81,"column":21}},{"start":{"line":81,"column":25},"end":{"line":81,"column":36}}],"line":81},"3":{"loc":{"start":{"line":82,"column":22},"end":{"line":82,"column":107}},"type":"cond-expr","locations":[{"start":{"line":82,"column":52},"end":{"line":82,"column":73}},{"start":{"line":82,"column":76},"end":{"line":82,"column":107}}],"line":82},"4":{"loc":{"start":{"line":83,"column":22},"end":{"line":83,"column":107}},"type":"cond-expr","locations":[{"start":{"line":83,"column":52},"end":{"line":83,"column":73}},{"start":{"line":83,"column":76},"end":{"line":83,"column":107}}],"line":83},"5":{"loc":{"start":{"line":85,"column":8},"end":{"line":85,"column":52}},"type":"if","locations":[{"start":{"line":85,"column":8},"end":{"line":85,"column":52}},{"start":{},"end":{}}],"line":85},"6":{"loc":{"start":{"line":86,"column":13},"end":{"line":90,"column":7}},"type":"if","locations":[{"start":{"line":86,"column":13},"end":{"line":90,"column":7}},{"start":{"line":88,"column":13},"end":{"line":90,"column":7}}],"line":86},"7":{"loc":{"start":{"line":86,"column":17},"end":{"line":86,"column":44}},"type":"binary-expr","locations":[{"start":{"line":86,"column":17},"end":{"line":86,"column":28}},{"start":{"line":86,"column":32},"end":{"line":86,"column":44}}],"line":86},"8":{"loc":{"start":{"line":88,"column":13},"end":{"line":90,"column":7}},"type":"if","locations":[{"start":{"line":88,"column":13},"end":{"line":90,"column":7}},{"start":{},"end":{}}],"line":88},"9":{"loc":{"start":{"line":88,"column":17},"end":{"line":88,"column":44}},"type":"binary-expr","locations":[{"start":{"line":88,"column":17},"end":{"line":88,"column":29}},{"start":{"line":88,"column":33},"end":{"line":88,"column":44}}],"line":88},"10":{"loc":{"start":{"line":94,"column":6},"end":{"line":94,"column":56}},"type":"if","locations":[{"start":{"line":94,"column":6},"end":{"line":94,"column":56}},{"start":{},"end":{}}],"line":94},"11":{"loc":{"start":{"line":105,"column":20},"end":{"line":105,"column":105}},"type":"cond-expr","locations":[{"start":{"line":105,"column":50},"end":{"line":105,"column":71}},{"start":{"line":105,"column":74},"end":{"line":105,"column":105}}],"line":105},"12":{"loc":{"start":{"line":106,"column":20},"end":{"line":106,"column":105}},"type":"cond-expr","locations":[{"start":{"line":106,"column":50},"end":{"line":106,"column":71}},{"start":{"line":106,"column":74},"end":{"line":106,"column":105}}],"line":106},"13":{"loc":{"start":{"line":108,"column":6},"end":{"line":108,"column":50}},"type":"if","locations":[{"start":{"line":108,"column":6},"end":{"line":108,"column":50}},{"start":{},"end":{}}],"line":108},"14":{"loc":{"start":{"line":111,"column":6},"end":{"line":111,"column":56}},"type":"if","locations":[{"start":{"line":111,"column":6},"end":{"line":111,"column":56}},{"start":{},"end":{}}],"line":111},"15":{"loc":{"start":{"line":127,"column":4},"end":{"line":138,"column":5}},"type":"switch","locations":[{"start":{"line":128,"column":6},"end":{"line":129,"column":17}},{"start":{"line":130,"column":6},"end":{"line":131,"column":17}},{"start":{"line":132,"column":6},"end":{"line":133,"column":17}},{"start":{"line":134,"column":6},"end":{"line":135,"column":17}},{"start":{"line":136,"column":6},"end":{"line":137,"column":17}}],"line":127}},"s":{"0":7,"1":46,"2":19,"3":304,"4":19,"5":399,"6":399,"7":399,"8":399,"9":266,"10":133,"11":38,"12":38,"13":38,"14":38,"15":38,"16":95,"17":0,"18":95,"19":95,"20":0,"21":0,"22":0,"23":0,"24":19,"25":17,"26":272,"27":17,"28":493,"29":493,"30":493,"31":493,"32":493,"33":0,"34":0,"35":0,"36":0,"37":17,"38":7,"39":7,"40":798,"41":171,"42":323,"43":171,"44":133,"45":0,"46":7},"f":{"0":7,"1":46,"2":19,"3":304,"4":399,"5":17,"6":272,"7":493,"8":7,"9":7,"10":798},"b":{"0":[266,133],"1":[38,95],"2":[133,38],"3":[38,0],"4":[38,0],"5":[38,0],"6":[0,95],"7":[95,0],"8":[95,0],"9":[95,95],"10":[0,0],"11":[493,0],"12":[493,0],"13":[493,0],"14":[0,0],"15":[171,323,171,133,0]},"_coverageSchema":"1a1c01bbd47fc00a2c39e90264f33305004495a9","hash":"05bda7291c03566f64c68d8d0236ce06f2cb61a3"}
,"C:\\Users\\Corey\\OneDrive\\Desktop\\SWEN661Project\\team_2_project\\apps\\react-native\\src\\repositories\\TasksRepository.js": {"path":"C:\\Users\\Corey\\OneDrive\\Desktop\\SWEN661Project\\team_2_project\\apps\\react-native\\src\\repositories\\TasksRepository.js","statementMap":{"0":{"start":{"line":5,"column":4},"end":{"line":11,"column":6}},"1":{"start":{"line":15,"column":4},"end":{"line":15,"column":28}},"2":{"start":{"line":19,"column":4},"end":{"line":19,"column":70}},"3":{"start":{"line":19,"column":35},"end":{"line":19,"column":68}},"4":{"start":{"line":23,"column":4},"end":{"line":23,"column":70}},"5":{"start":{"line":23,"column":35},"end":{"line":23,"column":68}},"6":{"start":{"line":27,"column":4},"end":{"line":27,"column":48}},"7":{"start":{"line":27,"column":35},"end":{"line":27,"column":46}},"8":{"start":{"line":31,"column":4},"end":{"line":31,"column":49}},"9":{"start":{"line":31,"column":35},"end":{"line":31,"column":47}},"10":{"start":{"line":35,"column":17},"end":{"line":35,"column":31}},"11":{"start":{"line":36,"column":4},"end":{"line":44,"column":7}},"12":{"start":{"line":37,"column":17},"end":{"line":37,"column":47}},"13":{"start":{"line":38,"column":17},"end":{"line":38,"column":36}},"14":{"start":{"line":39,"column":17},"end":{"line":39,"column":36}},"15":{"start":{"line":40,"column":6},"end":{"line":40,"column":36}},"16":{"start":{"line":40,"column":21},"end":{"line":40,"column":36}},"17":{"start":{"line":41,"column":17},"end":{"line":41,"column":59}},"18":{"start":{"line":42,"column":17},"end":{"line":42,"column":59}},"19":{"start":{"line":43,"column":6},"end":{"line":43,"column":21}},"20":{"start":{"line":45,"column":4},"end":{"line":45,"column":16}},"21":{"start":{"line":49,"column":16},"end":{"line":49,"column":59}},"22":{"start":{"line":49,"column":43},"end":{"line":49,"column":58}},"23":{"start":{"line":50,"column":4},"end":{"line":50,"column":32}},"24":{"start":{"line":50,"column":20},"end":{"line":50,"column":32}},"25":{"start":{"line":51,"column":17},"end":{"line":51,"column":33}},"26":{"start":{"line":52,"column":4},"end":{"line":52,"column":99}},"27":{"start":{"line":53,"column":4},"end":{"line":53,"column":80}},"28":{"start":{"line":54,"column":4},"end":{"line":54,"column":16}},"29":{"start":{"line":58,"column":17},"end":{"line":58,"column":38}}},"fnMap":{"0":{"name":"(anonymous_0)","decl":{"start":{"line":4,"column":2},"end":{"line":4,"column":3}},"loc":{"start":{"line":4,"column":16},"end":{"line":12,"column":3}},"line":4},"1":{"name":"(anonymous_1)","decl":{"start":{"line":14,"column":2},"end":{"line":14,"column":3}},"loc":{"start":{"line":14,"column":8},"end":{"line":16,"column":3}},"line":14},"2":{"name":"(anonymous_2)","decl":{"start":{"line":18,"column":2},"end":{"line":18,"column":3}},"loc":{"start":{"line":18,"column":12},"end":{"line":20,"column":3}},"line":18},"3":{"name":"(anonymous_3)","decl":{"start":{"line":19,"column":30},"end":{"line":19,"column":31}},"loc":{"start":{"line":19,"column":35},"end":{"line":19,"column":68}},"line":19},"4":{"name":"(anonymous_4)","decl":{"start":{"line":22,"column":2},"end":{"line":22,"column":3}},"loc":{"start":{"line":22,"column":14},"end":{"line":24,"column":3}},"line":22},"5":{"name":"(anonymous_5)","decl":{"start":{"line":23,"column":30},"end":{"line":23,"column":31}},"loc":{"start":{"line":23,"column":35},"end":{"line":23,"column":68}},"line":23},"6":{"name":"(anonymous_6)","decl":{"start":{"line":26,"column":2},"end":{"line":26,"column":3}},"loc":{"start":{"line":26,"column":12},"end":{"line":28,"column":3}},"line":26},"7":{"name":"(anonymous_7)","decl":{"start":{"line":27,"column":30},"end":{"line":27,"column":31}},"loc":{"start":{"line":27,"column":35},"end":{"line":27,"column":46}},"line":27},"8":{"name":"(anonymous_8)","decl":{"start":{"line":30,"column":2},"end":{"line":30,"column":3}},"loc":{"start":{"line":30,"column":13},"end":{"line":32,"column":3}},"line":30},"9":{"name":"(anonymous_9)","decl":{"start":{"line":31,"column":30},"end":{"line":31,"column":31}},"loc":{"start":{"line":31,"column":35},"end":{"line":31,"column":47}},"line":31},"10":{"name":"(anonymous_10)","decl":{"start":{"line":34,"column":2},"end":{"line":34,"column":3}},"loc":{"start":{"line":34,"column":28},"end":{"line":46,"column":3}},"line":34},"11":{"name":"(anonymous_11)","decl":{"start":{"line":36,"column":14},"end":{"line":36,"column":15}},"loc":{"start":{"line":36,"column":24},"end":{"line":44,"column":5}},"line":36},"12":{"name":"(anonymous_12)","decl":{"start":{"line":48,"column":2},"end":{"line":48,"column":3}},"loc":{"start":{"line":48,"column":23},"end":{"line":55,"column":3}},"line":48},"13":{"name":"(anonymous_13)","decl":{"start":{"line":49,"column":38},"end":{"line":49,"column":39}},"loc":{"start":{"line":49,"column":43},"end":{"line":49,"column":58}},"line":49}},"branchMap":{"0":{"loc":{"start":{"line":38,"column":17},"end":{"line":38,"column":36}},"type":"binary-expr","locations":[{"start":{"line":38,"column":17},"end":{"line":38,"column":31}},{"start":{"line":38,"column":35},"end":{"line":38,"column":36}}],"line":38},"1":{"loc":{"start":{"line":39,"column":17},"end":{"line":39,"column":36}},"type":"binary-expr","locations":[{"start":{"line":39,"column":17},"end":{"line":39,"column":31}},{"start":{"line":39,"column":35},"end":{"line":39,"column":36}}],"line":39},"2":{"loc":{"start":{"line":40,"column":6},"end":{"line":40,"column":36}},"type":"if","locations":[{"start":{"line":40,"column":6},"end":{"line":40,"column":36}},{"start":{},"end":{}}],"line":40},"3":{"loc":{"start":{"line":41,"column":17},"end":{"line":41,"column":59}},"type":"cond-expr","locations":[{"start":{"line":41,"column":29},"end":{"line":41,"column":48}},{"start":{"line":41,"column":51},"end":{"line":41,"column":59}}],"line":41},"4":{"loc":{"start":{"line":42,"column":17},"end":{"line":42,"column":59}},"type":"cond-expr","locations":[{"start":{"line":42,"column":29},"end":{"line":42,"column":48}},{"start":{"line":42,"column":51},"end":{"line":42,"column":59}}],"line":42},"5":{"loc":{"start":{"line":50,"column":4},"end":{"line":50,"column":32}},"type":"if","locations":[{"start":{"line":50,"column":4},"end":{"line":50,"column":32}},{"start":{},"end":{}}],"line":50},"6":{"loc":{"start":{"line":52,"column":18},"end":{"line":52,"column":98}},"type":"cond-expr","locations":[{"start":{"line":52,"column":57},"end":{"line":52,"column":75}},{"start":{"line":52,"column":78},"end":{"line":52,"column":98}}],"line":52},"7":{"loc":{"start":{"line":53,"column":23},"end":{"line":53,"column":79}},"type":"cond-expr","locations":[{"start":{"line":53,"column":62},"end":{"line":53,"column":72}},{"start":{"line":53,"column":75},"end":{"line":53,"column":79}}],"line":53}},"s":{"0":2,"1":18,"2":18,"3":90,"4":17,"5":85,"6":17,"7":85,"8":17,"9":85,"10":0,"11":0,"12":0,"13":0,"14":0,"15":0,"16":0,"17":0,"18":0,"19":0,"20":0,"21":0,"22":0,"23":0,"24":0,"25":0,"26":0,"27":0,"28":0,"29":2},"f":{"0":2,"1":18,"2":18,"3":90,"4":17,"5":85,"6":17,"7":85,"8":17,"9":85,"10":0,"11":0,"12":0,"13":0},"b":{"0":[0,0],"1":[0,0],"2":[0,0],"3":[0,0],"4":[0,0],"5":[0,0],"6":[0,0],"7":[0,0]},"_coverageSchema":"1a1c01bbd47fc00a2c39e90264f33305004495a9","hash":"3fa352981aa0b4f693ba4a62abe86eec71c74f3c"}
,"C:\\Users\\Corey\\OneDrive\\Desktop\\SWEN661Project\\team_2_project\\apps\\react-native\\src\\screens\\AccessibilityDetailScreen.js": {"path":"C:\\Users\\Corey\\OneDrive\\Desktop\\SWEN661Project\\team_2_project\\apps\\react-native\\src\\screens\\AccessibilityDetailScreen.js","statementMap":{"0":{"start":{"line":17,"column":58},"end":{"line":17,"column":70}},"1":{"start":{"line":18,"column":27},"end":{"line":18,"column":42}},"2":{"start":{"line":20,"column":2},"end":{"line":66,"column":4}},"3":{"start":{"line":24,"column":41},"end":{"line":24,"column":60}},"4":{"start":{"line":69,"column":15},"end":{"line":161,"column":2}}},"fnMap":{"0":{"name":"AccessibilityDetailScreen","decl":{"start":{"line":16,"column":24},"end":{"line":16,"column":49}},"loc":{"start":{"line":16,"column":73},"end":{"line":67,"column":1}},"line":16},"1":{"name":"(anonymous_1)","decl":{"start":{"line":24,"column":35},"end":{"line":24,"column":36}},"loc":{"start":{"line":24,"column":41},"end":{"line":24,"column":60}},"line":24}},"branchMap":{"0":{"loc":{"start":{"line":46,"column":13},"end":{"line":46,"column":80}},"type":"binary-expr","locations":[{"start":{"line":46,"column":13},"end":{"line":46,"column":25}},{"start":{"line":46,"column":29},"end":{"line":46,"column":80}}],"line":46},"1":{"loc":{"start":{"line":49,"column":17},"end":{"line":49,"column":49}},"type":"cond-expr","locations":[{"start":{"line":49,"column":27},"end":{"line":49,"column":36}},{"start":{"line":49,"column":39},"end":{"line":49,"column":49}}],"line":49},"2":{"loc":{"start":{"line":55,"column":13},"end":{"line":55,"column":81}},"type":"binary-expr","locations":[{"start":{"line":55,"column":13},"end":{"line":55,"column":26}},{"start":{"line":55,"column":30},"end":{"line":55,"column":81}}],"line":55}},"s":{"0":12,"1":12,"2":12,"3":1,"4":1},"f":{"0":12,"1":1},"b":{"0":[12,12],"1":[1,11],"2":[12,0]},"_coverageSchema":"1a1c01bbd47fc00a2c39e90264f33305004495a9","hash":"6cf2ea1f4ff2342f3be8b505775520e9417b7c75"}
,"C:\\Users\\Corey\\OneDrive\\Desktop\\SWEN661Project\\team_2_project\\apps\\react-native\\src\\screens\\CaregiverDashboardScreen.js": {"path":"C:\\Users\\Corey\\OneDrive\\Desktop\\SWEN661Project\\team_2_project\\apps\\react-native\\src\\screens\\CaregiverDashboardScreen.js","statementMap":{"0":{"start":{"line":30,"column":26},"end":{"line":30,"column":29}},"1":{"start":{"line":33,"column":20},"end":{"line":33,"column":34}},"2":{"start":{"line":34,"column":27},"end":{"line":34,"column":42}},"3":{"start":{"line":35,"column":22},"end":{"line":35,"column":52}},"4":{"start":{"line":37,"column":19},"end":{"line":37,"column":51}},"5":{"start":{"line":40,"column":30},"end":{"line":54,"column":3}},"6":{"start":{"line":41,"column":4},"end":{"line":41,"column":39}},"7":{"start":{"line":41,"column":22},"end":{"line":41,"column":39}},"8":{"start":{"line":42,"column":4},"end":{"line":53,"column":5}},"9":{"start":{"line":44,"column":8},"end":{"line":44,"column":25}},"10":{"start":{"line":46,"column":8},"end":{"line":46,"column":25}},"11":{"start":{"line":48,"column":8},"end":{"line":48,"column":25}},"12":{"start":{"line":50,"column":8},"end":{"line":50,"column":25}},"13":{"start":{"line":52,"column":8},"end":{"line":52,"column":25}},"14":{"start":{"line":56,"column":29},"end":{"line":70,"column":3}},"15":{"start":{"line":57,"column":4},"end":{"line":57,"column":33}},"16":{"start":{"line":57,"column":22},"end":{"line":57,"column":33}},"17":{"start":{"line":58,"column":4},"end":{"line":69,"column":5}},"18":{"start":{"line":60,"column":8},"end":{"line":60,"column":26}},"19":{"start":{"line":62,"column":8},"end":{"line":62,"column":22}},"20":{"start":{"line":64,"column":8},"end":{"line":64,"column":24}},"21":{"start":{"line":66,"column":8},"end":{"line":66,"column":21}},"22":{"start":{"line":68,"column":8},"end":{"line":68,"column":19}},"23":{"start":{"line":72,"column":28},"end":{"line":86,"column":3}},"24":{"start":{"line":73,"column":4},"end":{"line":73,"column":32}},"25":{"start":{"line":73,"column":22},"end":{"line":73,"column":32}},"26":{"start":{"line":74,"column":4},"end":{"line":85,"column":5}},"27":{"start":{"line":76,"column":8},"end":{"line":76,"column":26}},"28":{"start":{"line":78,"column":8},"end":{"line":78,"column":22}},"29":{"start":{"line":80,"column":8},"end":{"line":80,"column":21}},"30":{"star
[...]
,"C:\\Users\\Corey\\OneDrive\\Desktop\\SWEN661Project\\team_2_project\\apps\\react-native\\src\\screens\\components\\MessageCard.js": {"path":"C:\\Users\\Corey\\OneDrive\\Desktop\\SWEN661Project\\team_2_project\\apps\\react-native\\src\\screens\\components\\MessageCard.js","statementMap":{"0":{"start":{"line":17,"column":27},"end":{"line":17,"column":42}},"1":{"start":{"line":19,"column":24},"end":{"line":19,"column":54}},"2":{"start":{"line":21,"column":26},"end":{"line":25,"column":3}},"3":{"start":{"line":27,"column":2},"end":{"line":85,"column":4}},"4":{"start":{"line":88,"column":15},"end":{"line":165,"column":2}}},"fnMap":{"0":{"name":"MessageCard","decl":{"start":{"line":16,"column":24},"end":{"line":16,"column":35}},"loc":{"start":{"line":16,"column":65},"end":{"line":86,"column":1}},"line":16}},"branchMap":{"0":{"loc":{"start":{"line":21,"column":26},"end":{"line":25,"column":3}},"type":"cond-expr","locations":[{"start":{"line":22,"column":4},"end":{"line":22,"column":37}},{"start":{"line":24,"column":4},"end":{"line":24,"column":35}}],"line":21},"1":{"loc":{"start":{"line":32,"column":8},"end":{"line":32,"column":43}},"type":"binary-expr","locations":[{"start":{"line":32,"column":8},"end":{"line":32,"column":22}},{"start":{"line":32,"column":26},"end":{"line":32,"column":43}}],"line":32},"2":{"loc":{"start":{"line":40,"column":10},"end":{"line":40,"column":48}},"type":"binary-expr","locations":[{"start":{"line":40,"column":10},"end":{"line":40,"column":22}},{"start":{"line":40,"column":26},"end":{"line":40,"column":48}}],"line":40},"3":{"loc":{"start":{"line":43,"column":9},"end":{"line":43,"column":40}},"type":"binary-expr","locations":[{"start":{"line":43,"column":9},"end":{"line":43,"column":21}},{"start":{"line":43,"column":25},"end":{"line":43,"column":40}}],"line":43},"4":{"loc":{"start":{"line":50,"column":16},"end":{"line":50,"column":53}},"type":"binary-expr","locations":[{"start":{"line":50,"column":16},"end":{"line":50,"column":30}},{"start":{"line":50,"column":34},"end":{"line":50,"column":53}}],"line":50},"5":{"loc":{"start":{"line":67,"column":14},"end":{"line":67,"column":52}},"type":"binary-expr","locations":[{"start":{"line":67,"column":14},"end":{"line":67,"column":28}},{"start":{"line":67,"column":32},"end":{"line":67,"column":52}}],"line":67},"6":{"loc":{"start":{"line":82,"column":9},"end":{"line":82,"column":41}},"type":"binary-expr","locations":[{"start":{"line":82,"column":9},"end":{"line":82,"column":22}},{"start":{"line":82,"column":26},"end":{"line":82,"column":41}}],"line":82}},"s":{"0":30,"1":30,"2":30,"3":30,"4":1},"f":{"0":30},"b":{"0":[20,10],"1":[30,20],"2":[30,30],"3":[30,30],"4":[30,20],"5":[30,20],"6":[30,0]},"_coverageSchema":"1a1c01bbd47fc00a2c39e90264f33305004495a9","hash":"1862003a46f0efa253ab6e22409b74aa9d1ef5a5"}
,"C:\\Users\\Corey\\OneDrive\\Desktop\\SWEN661Project\\team_2_project\\apps\\react-native\\src\\screens\\components\\PatientCardComponents.js": {"path":"C:\\Users\\Corey\\OneDrive\\Desktop\\SWEN661Project\\team_2_project\\apps\\react-native\\src\\screens\\components\\PatientCardComponents.js","statementMap":{"0":{"start":{"line":12,"column":28},"end":{"line":51,"column":1}},"1":{"start":{"line":13,"column":25},"end":{"line":13,"column":63}},"2":{"start":{"line":14,"column":27},"end":{"line":14,"column":67}},"3":{"start":{"line":16,"column":20},"end":{"line":18,"column":25}},"4":{"start":{"line":20,"column":2},"end":{"line":50,"column":4}},"5":{"start":{"line":58,"column":32},"end":{"line":97,"column":1}},"6":{"start":{"line":59,"column":25},"end":{"line":59,"column":63}},"7":{"start":{"line":60,"column":27},"end":{"line":60,"column":67}},"8":{"start":{"line":62,"column":20},"end":{"line":64,"column":25}},"9":{"start":{"line":66,"column":2},"end":{"line":96,"column":4}},"10":{"start":{"line":104,"column":27},"end":{"line":145,"column":1}},"11":{"start":{"line":105,"column":25},"end":{"line":105,"column":63}},"12":{"start":{"line":106,"column":27},"end":{"line":106,"column":67}},"13":{"start":{"line":107,"column":26},"end":{"line":107,"column":65}},"14":{"start":{"line":109,"column":20},"end":{"line":111,"column":25}},"15":{"start":{"line":113,"column":2},"end":{"line":144,"column":4}},"16":{"start":{"line":149,"column":2},"end":{"line":149,"column":30}},"17":{"start":{"line":149,"column":20},"end":{"line":149,"column":30}},"18":{"start":{"line":150,"column":2},"end":{"line":161,"column":3}},"19":{"start":{"line":152,"column":6},"end":{"line":152,"column":24}},"20":{"start":{"line":154,"column":6},"end":{"line":154,"column":20}},"21":{"start":{"line":156,"column":6},"end":{"line":156,"column":19}},"22":{"start":{"line":158,"column":6},"end":{"line":158,"column":19}},"23":{"start":{"line":160,"column":6},"end":{"line":160,"column":16}},"24":{"start":{"line":165,"column":2},"end":{"line":165,"column":31}},"25":{"start":{"line":165,"column":20},"end":{"line":165,"column":31}},"26":{"start":{"line":166,"column":2},"end":{"line":177,"column":3}},"27":{"start":{"line":168,"column":6},"end":{"line":168,"column":24}},"28":{"start":{"line":170,"column":6},"end":{"line":170,"column":20}},"29":{"start":{"line":172,"column":6},"end":{"line":172,"column":22}},"30":{"start":{"line":174,"column":6},"end":{"line":174,"column":19}},"31":{"start":{"line":176,"column":6},"end":{"line":176,"column":17}},"32":{"start":{"line":181,"column":2},"end":{"line":181,"column":37}},"33":{"start":{"line":181,"column":20},"end":{"line":181,"column":37}},"34":{"start":{"line":182,"column":2},"end":{"line":193,"column":3}},"35":{"start":{"line":184,"column":6},"end":{"line":184,"column":23}},"36":{"start":{"line":186,"column":6},"end":{"line":186,"column":23}},"37":{"start":{"line":188,"column":6},"end":{"line":188,"column":23}},"38":{"start":{"line":190,"column":6},"end":{"line":190,"column":23}},"39":{"start":{"line":192,"column":6},"end":{"line":192,"column":23}},"40":{"start":{"line":196,"column":15},"end":{"line":238,"column":2}}},"fnMap":{"0":{"name":"(anonymous_0)","decl":{"start":{"line":12,"column":28},"end":{"line":12,"column":29}},"loc":{"start":{"line":12,"column":61},"end":{"line":51,"column":1}},"line":12},"1":{"name":"(anonymous_1)","decl":{"start":{"line":58,"column":32},"end":{"line":58,"column":33}},"loc":{"start":{"line":58,"column":65},"end":{"line":97,"column":1}},"line":58},"2":{"name":"(anonymous_2)","decl":{"start":{"line":104,"column":27},"end":{"line":104,"column":28}},"loc":{"start":{"line":104,"column":60},"end":{"line":145,"column":1}},"line":104},"3":{"name":"getCriticalityTag","decl":{"start":{"line":148,"column":9},"end":{"line":148,"column":26}},"loc":{"start":{"line":148,"column":40},"end":{"line":162,"column":1}},"line":148},"4":{"name":"getCriticalityText","decl":{"start":{"line":164,"column":9},"end":{"line":164,"column":27}},"loc":{"start":{"line":164,"column":41},"end":{"line":178,"column":1}},"line":164},"5":{"name":"getCriticalityColor","decl":{"start":{"line":180,"column":9},"end":{"line":180,"column":28}},"loc":{"start":{"line":180,"column":42},"end":{"line":194,"column":1}},"line":180}},"branchMap":{"0":{"loc":{"start":{"line":16,"column":20},"end":{"line":18,"column":25}},"type":"cond-expr","locations":[{"start":{"line":17,"column":6},"end":{"line":17,"column":51}},{"start":{"line":18,"column":6},"end":{"line":18,"column":25}}],"line":16},"1":{"loc":{"start":{"line":32,"column":9},"end":{"line":47,"column":9}},"type":"binary-expr","locations":[{"start":{"line":32,"column":9},"end":{"line":32,"column":23}},{"start":{"line":33,"column":10},"end":{"line":46,"column":17}}],"line":32},"2":{"loc":{"start":{"line":62,"column":20},"end":{"line":64,"column":25}},"type":"cond-expr","locations":[{"start":{"line":63,"column":6},"end":{"line":63,"column":51}},{"start":{"line":64,"column":6},"end":{"line":64,"column":25}}],"line":62},"3":{"loc":{"start":{"line":78,"column":9},"end":{"line":93,"column":9}},"type":"binary-expr","locations":[{"start":{"line":78,"column":9},"end":{"line":78,"column":23}},{"start":{"line":79,"column":10},"end":{"line":92,"column":17}}],"line":78},"4":{"loc":{"start":{"line":109,"column":20},"end":{"line":111,"column":25}},"type":"cond-expr","locations":[{"start":{"line":110,"column":6},"end":{"line":110,"column":56}},{"start":{"line":111,"column":6},"end":{"line":111,"column":25}}],"line":109},"5":{"loc":{"start":{"line":126,"column":9},"end":{"line":141,"column":9}},"type":"binary-expr","locations":[{"start":{"line":126,"column":9},"end":{"line":126,"column":23}},{"start":{"line":127,"column":10},"end":{"line":140,"column":17}}],"line":126},"6":{"loc":{"start":{"line":149,"column":2},"end":{"line":149,"column":30}},"type":"if","locations":[{"start":{"line":149,"column":2},"end":{"line":149,"column":30}},{"start":{},"end":{}}],"line":149},"7":{"loc":{"start":{"line":150,"column":2},"end":{"line":161,"column":3}},"type":"switch","locations":[{"start":{"line":151,"column":4},"end":{"line":152,"column":24}},{"start":{"line":153,"column":4},"end":{"line":154,"column":20}},{"start":{"line":155,"column":4},"end":{"line":156,"column":19}},{"start":{"line":157,"column":4},"end":{"line":158,"column":19}},{"start":{"line":159,"column":4},"end":{"line":160,"column":16}}],"line":150},"8":{"loc":{"start":{"line":165,"column":2},"end":{"line":165,"column":31}},"type":"if","locations":[{"start":{"line":165,"column":2},"end":{"line":165,"column":31}},{"start":{},"end":{}}],"line":165},"9":{"loc":{"start":{"line":166,"column":2},"end":{"line":177,"column":3}},"type":"switch","locations":[{"start":{"line":167,"column":4},"end":{"line":168,"column":24}},{"start":{"line":169,"column":4},"end":{"line":170,"column":20}},{"start":{"line":171,"column":4},"end":{"line":172,"column":22}},{"start":{"line":173,"column":4},"end":{"line":174,"column":19}},{"start":{"line":175,"column":4},"end":{"line":176,"column":17}}],"line":166},"10":{"loc":{"start":{"line":181,"column":2},"end":{"line":181,"column":37}},"type":"if","locations":[{"start":{"line":181,"column":2},"end":{"line":181,"column":37}},{"start":{},"end":{}}],"line":181},"11":{"loc":{"start":{"line":182,"column":2},"end":{"line":193,"column":3}},"type":"switch","locations":[{"start":{"line":183,"column":4},"end":{"line":184,"column":23}},{"start":{"line":185,"column":4},"end":{"line":186,"column":23}},{"start":{"line":187,"column":4},"end":{"line":188,"column":23}},{"start":{"line":189,"column":4},"end":{"line":190,"column":23}},{"start":{"line":191,"column":4},"end":{"line":192,"column":23}}],"line":182}},"s":{"0":2,"1":0,"2":0,"3":0,"4":0,"5":2,"6":0,"7":0,"8":0,"9":0,"10":2,"11":110,"12":110,"13":110,"14":110,"15":110,"16":110,"17":0,"18":110,"19":33,"20":33,"21":22,"22":22,"23":0,"24":110,"25":0,"26":110,"27":33,"28":33,"29":22,"30":22,"31":0,"32":110,"33":0,"34":110,"35":33,"36":33,"37":22,"38":22,"39":0,"40":2},"f":{"0":0,"1":0,"2":110,"3":110,"4":110,"5":110},"b":{"0":[0,0],"1":[0,0],"2":[0,0],"3":[0,0],"4":[66,44],"5":[110,110],"6":[0,110],"7":[33,33,22,22,0],"8":[0,110],"9":[33,33,22,22,0],"10":[0,110],"11":[33,33,22,22,0]},"_coverageSchema":"1a1c01bbd47fc00a2c39e90264f33305004495a9","hash":"737782b9573ab4693243aef0988152c4967a03b5"}
,"C:\\Users\\Corey\\OneDrive\\Desktop\\SWEN661Project\\team_2_project\\apps\\react-native\\src\\screens\\components\\PatientFilterMenu.js": {"path":"C:\\Users\\Corey\\OneDrive\\Desktop\\SWEN661Project\\team_2_project\\apps\\react-native\\src\\screens\\components\\PatientFilterMenu.js","statementMap":{"0":{"start":{"line":18,"column":26},"end":{"line":83,"column":1}},"1":{"start":{"line":19,"column":24},"end":{"line":23,"column":3}},"2":{"start":{"line":25,"column":2},"end":{"line":82,"column":4}},"3":{"start":{"line":39,"column":12},"end":{"line":69,"column":31}},"4":{"start":{"line":46,"column":16},"end":{"line":46,"column":47}},"5":{"start":{"line":47,"column":16},"end":{"line":47,"column":26}},"6":{"start":{"line":85,"column":15},"end":{"line":165,"column":2}}},"fnMap":{"0":{"name":"(anonymous_0)","decl":{"start":{"line":18,"column":26},"end":{"line":18,"column":27}},"loc":{"start":{"line":18,"column":80},"end":{"line":83,"column":1}},"line":18},"1":{"name":"(anonymous_1)","decl":{"start":{"line":38,"column":29},"end":{"line":38,"column":30}},"loc":{"start":{"line":39,"column":12},"end":{"line":69,"column":31}},"line":39},"2":{"name":"(anonymous_2)","decl":{"start":{"line":45,"column":23},"end":{"line":45,"column":24}},"loc":{"start":{"line":45,"column":29},"end":{"line":48,"column":15}},"line":45}},"branchMap":{"0":{"loc":{"start":{"line":43,"column":16},"end":{"line":43,"column":66}},"type":"binary-expr","locations":[{"start":{"line":43,"column":16},"end":{"line":43,"column":41}},{"start":{"line":43,"column":45},"end":{"line":43,"column":66}}],"line":43},"1":{"loc":{"start":{"line":54,"column":18},"end":{"line":54,"column":67}},"type":"binary-expr","locations":[{"start":{"line":54,"column":18},"end":{"line":54,"column":43}},{"start":{"line":54,"column":47},"end":{"line":54,"column":67}}],"line":54},"2":{"loc":{"start":{"line":57,"column":17},"end":{"line":59,"column":17}},"type":"binary-expr","locations":[{"start":{"line":57,"column":17},"end":{"line":57,"column":42}},{"start":{"line":58,"column":18},"end":{"line":58,"column":50}}],"line":57},"3":{"loc":{"start":{"line":64,"column":18},"end":{"line":64,"column":72}},"type":"binary-expr","locations":[{"start":{"line":64,"column":18},"end":{"line":64,"column":43}},{"start":{"line":64,"column":47},"end":{"line":64,"column":72}}],"line":64}},"s":{"0":3,"1":24,"2":24,"3":72,"4":3,"5":3,"6":3},"f":{"0":24,"1":72,"2":3},"b":{"0":[72,24],"1":[72,24],"2":[72,24],"3":[72,24]},"_coverageSchema":"1a1c01bbd47fc00a2c39e90264f33305004495a9","hash":"186ff266db3974058620a635fdde4a6c79cb6c0f"}
,"C:\\Users\\Corey\\OneDrive\\Desktop\\SWEN661Project\\team_2_project\\apps\\react-native\\src\\screens\\components\\PatientRow.js": {"path":"C:\\Users\\Corey\\OneDrive\\Desktop\\SWEN661Project\\team_2_project\\apps\\react-native\\src\\screens\\components\\PatientRow.js","statementMap":{"0":{"start":{"line":15,"column":18},"end":{"line":15,"column":46}},"1":{"start":{"line":17,"column":2},"end":{"line":47,"column":4}},"2":{"start":{"line":50,"column":15},"end":{"line":90,"column":2}}},"fnMap":{"0":{"name":"PatientRow","decl":{"start":{"line":9,"column":24},"end":{"line":9,"column":34}},"loc":{"start":{"line":14,"column":3},"end":{"line":48,"column":1}},"line":14}},"branchMap":{"0":{"loc":{"start":{"line":15,"column":18},"end":{"line":15,"column":46}},"type":"binary-expr","locations":[{"start":{"line":15,"column":18},"end":{"line":15,"column":21}},{"start":{"line":15,"column":25},"end":{"line":15,"column":46}}],"line":15},"1":{"loc":{"start":{"line":28,"column":7},"end":{"line":45,"column":7}},"type":"binary-expr","locations":[{"start":{"line":28,"column":7},"end":{"line":28,"column":14}},{"start":{"line":29,"column":8},"end":{"line":44,"column":15}}],"line":28}},"s":{"0":47,"1":47,"2":3},"f":{"0":47},"b":{"0":[47,35],"1":[47,35]},"_coverageSchema":"1a1c01bbd47fc00a2c39e90264f33305004495a9","hash":"6b323c534ab29909a85883908227fa6ea8346809"}
,"C:\\Users\\Corey\\OneDrive\\Desktop\\SWEN661Project\\team_2_project\\apps\\react-native\\src\\screens\\components\\SectionHeader.js": {"path":"C:\\Users\\Corey\\OneDrive\\Desktop\\SWEN661Project\\team_2_project\\apps\\react-native\\src\\screens\\components\\SectionHeader.js","statementMap":{"0":{"start":{"line":10,"column":2},"end":{"line":14,"column":4}},"1":{"start":{"line":17,"column":15},"end":{"line":24,"column":2}}},"fnMap":{"0":{"name":"SectionHeader","decl":{"start":{"line":9,"column":24},"end":{"line":9,"column":37}},"loc":{"start":{"line":9,"column":49},"end":{"line":15,"column":1}},"line":9}},"branchMap":{},"s":{"0":19,"1":3},"f":{"0":19},"b":{},"_coverageSchema":"1a1c01bbd47fc00a2c39e90264f33305004495a9","hash":"0cee7358c9b6dd8fed5a7b0dcd39476e71cacd96"}
,"C:\\Users\\Corey\\OneDrive\\Desktop\\SWEN661Project\\team_2_project\\apps\\react-native\\src\\screens\\components\\StatCard.js": {"path":"C:\\Users\\Corey\\OneDrive\\Desktop\\SWEN661Project\\team_2_project\\apps\\react-native\\src\\screens\\components\\StatCard.js","statementMap":{"0":{"start":{"line":22,"column":22},"end":{"line":22,"column":52}},"1":{"start":{"line":23,"column":24},"end":{"line":23,"column":41}},"2":{"start":{"line":25,"column":2},"end":{"line":45,"column":4}},"3":{"start":{"line":48,"column":15},"end":{"line":82,"column":2}}},"fnMap":{"0":{"name":"StatCard","decl":{"start":{"line":15,"column":24},"end":{"line":15,"column":32}},"loc":{"start":{"line":21,"column":3},"end":{"line":46,"column":1}},"line":21}},"branchMap":{"0":{"loc":{"start":{"line":31,"column":8},"end":{"line":31,"column":41}},"type":"binary-expr","locations":[{"start":{"line":31,"column":8},"end":{"line":31,"column":21}},{"start":{"line":31,"column":25},"end":{"line":31,"column":41}}],"line":31}},"s":{"0":32,"1":32,"2":32,"3":3},"f":{"0":32},"b":{"0":[32,8]},"_coverageSchema":"1a1c01bbd47fc00a2c39e90264f33305004495a9","hash":"9e825812a290c8248db5fecb647c4c6f76a85f78"}
,"C:\\Users\\Corey\\OneDrive\\Desktop\\SWEN661Project\\team_2_project\\apps\\react-native\\src\\utils\\dtFormat.js": {"path":"C:\\Users\\Corey\\OneDrive\\Desktop\\SWEN661Project\\team_2_project\\apps\\react-native\\src\\utils\\dtFormat.js","statementMap":{"0":{"start":{"line":12,"column":2},"end":{"line":12,"column":23}},"1":{"start":{"line":12,"column":13},"end":{"line":12,"column":23}},"2":{"start":{"line":14,"column":15},"end":{"line":14,"column":33}},"3":{"start":{"line":15,"column":16},"end":{"line":15,"column":60}},"4":{"start":{"line":16,"column":14},"end":{"line":16,"column":53}},"5":{"start":{"line":17,"column":16},"end":{"line":17,"column":56}},"6":{"start":{"line":18,"column":18},"end":{"line":18,"column":60}},"7":{"start":{"line":20,"column":2},"end":{"line":20,"column":55}},"8":{"start":{"line":29,"column":2},"end":{"line":29,"column":23}},"9":{"start":{"line":29,"column":13},"end":{"line":29,"column":23}},"10":{"start":{"line":31,"column":18},"end":{"line":38,"column":3}},"11":{"start":{"line":40,"column":2},"end":{"line":40,"column":47}}},"fnMap":{"0":{"name":"formatDtYmdHmm","decl":{"start":{"line":11,"column":16},"end":{"line":11,"column":30}},"loc":{"start":{"line":11,"column":37},"end":{"line":21,"column":1}},"line":11},"1":{"name":"formatDtMmmDdYyyyHmm","decl":{"start":{"line":28,"column":16},"end":{"line":28,"column":36}},"loc":{"start":{"line":28,"column":43},"end":{"line":41,"column":1}},"line":28}},"branchMap":{"0":{"loc":{"start":{"line":12,"column":2},"end":{"line":12,"column":23}},"type":"if","locations":[{"start":{"line":12,"column":2},"end":{"line":12,"column":23}},{"start":{},"end":{}}],"line":12},"1":{"loc":{"start":{"line":29,"column":2},"end":{"line":29,"column":23}},"type":"if","locations":[{"start":{"line":29,"column":2},"end":{"line":29,"column":23}},{"start":{},"end":{}}],"line":29}},"s":{"0":138,"1":15,"2":123,"3":123,"4":123,"5":123,"6":123,"7":123,"8":6,"9":2,"10":4,"11":4},"f":{"0":138,"1":6},"b":{"0":[15,123],"1":[2,4]},"_coverageSchema":"1a1c01bbd47fc00a2c39e90264f33305004495a9","hash":"c86cdf56eca82b9de6f9707d86719df97e1216c3"}
}
