TN:
SF:src\components\HandednessToggleOverlay.js
FN:5,HandednessToggleOverlay
FNF:1
FNH:1
FNDA:99,HandednessToggleOverlay
DA:6,99
DA:8,99
DA:9,99
DA:12,0
DA:30,9
LF:5
LH:4
BRDA:8,0,0,99
BRDA:8,0,1,0
BRDA:19,1,0,0
BRDA:19,1,1,0
BRDA:22,2,0,0
BRDA:22,2,1,0
BRF:6
BRH:1
end_of_record
TN:
SF:src\contexts\AppProviders.js
FN:17,(anonymous_0)
FN:25,HandednessProvider
FN:29,(anonymous_2)
FN:30,(anonymous_3)
FN:38,(anonymous_4)
FN:51,(anonymous_5)
FN:59,ThemeProvider
FN:62,(anonymous_7)
FN:63,(anonymous_8)
FN:83,AppProviders
FNF:10
FNH:5
FNDA:264,(anonymous_0)
FNDA:115,HandednessProvider
FNDA:0,(anonymous_2)
FNDA:0,(anonymous_3)
FNDA:0,(anonymous_4)
FNDA:153,(anonymous_5)
FNDA:115,ThemeProvider
FNDA:0,(anonymous_7)
FNDA:0,(anonymous_8)
FNDA:115,AppProviders
DA:12,16
DA:15,16
DA:17,16
DA:18,264
DA:19,264
DA:20,16
DA:22,248
DA:26,115
DA:27,115
DA:29,115
DA:30,0
DA:33,115
DA:39,0
DA:40,0
DA:49,16
DA:51,16
DA:52,153
DA:53,153
DA:54,0
DA:56,153
DA:60,115
DA:62,115
DA:63,0
DA:66,115
DA:75,115
DA:84,115
LF:26
LH:21
BRDA:19,0,0,16
BRDA:19,0,1,248
BRDA:53,1,0,0
BRDA:53,1,1,153
BRDA:68,2,0,0
BRDA:68,2,1,115
BRDA:69,3,0,0
BRDA:69,3,1,115
BRDA:70,4,0,0
BRDA:70,4,1,115
BRDA:71,5,0,0
BRDA:71,5,1,115
BRDA:72,6,0,0
BRDA:72,6,1,115
BRF:14
BRH:8
end_of_record
TN:
SF:src\contexts\AppSettingsContext.js
FN:40,(anonymous_0)
FN:56,(anonymous_1)
FN:57,(anonymous_2)
FN:79,(anonymous_3)
FN:87,(anonymous_4)
FN:92,(anonymous_5)
FN:97,(anonymous_6)
FN:102,(anonymous_7)
FN:107,(anonymous_8)
FN:112,(anonymous_9)
FN:117,(anonymous_10)
FN:157,(anonymous_11)
FNF:12
FNH:7
FNDA:136,(anonymous_0)
FNDA:125,(anonymous_1)
FNDA:125,(anonymous_2)
FNDA:6,(anonymous_3)
FNDA:3,(anonymous_4)
FNDA:0,(anonymous_5)
FNDA:0,(anonymous_6)
FNDA:0,(anonymous_7)
FNDA:3,(anonymous_8)
FNDA:0,(anonymous_9)
FNDA:0,(anonymous_10)
FNDA:37,(anonymous_11)
DA:4,17
DA:6,17
DA:16,17
DA:22,17
DA:28,17
DA:34,17
DA:40,17
DA:41,136
DA:42,136
DA:43,136
DA:44,136
DA:45,136
DA:46,136
DA:47,136
DA:50,136
DA:51,136
DA:52,136
DA:53,136
DA:56,136
DA:57,125
DA:58,125
DA:59,125
DA:60,125
DA:61,125
DA:62,125
DA:63,125
DA:64,125
DA:65,125
DA:66,125
DA:67,125
DA:68,125
DA:69,125
DA:70,125
DA:71,125
DA:72,125
DA:74,0
DA:79,136
DA:80,6
DA:81,6
DA:83,0
DA:87,136
DA:88,3
DA:89,3
DA:92,136
DA:93,0
DA:94,0
DA:97,136
DA:98,0
DA:99,0
DA:102,136
DA:103,0
DA:104,0
DA:107,136
DA:108,3
DA:109,3
DA:112,136
DA:113,0
DA:114,0
DA:117,136
DA:118,0
DA:119,0
DA:122,136
DA:150,136
DA:157,17
DA:158,37
DA:159,37
DA:160,37
LF:67
LH:55
BRDA:60,0,0,1
BRDA:60,0,1,124
BRDA:62,1,0,0
BRDA:62,1,1,125
BRDA:64,2,0,0
BRDA:64,2,1,125
BRDA:66,3,0,0
BRDA:66,3,1,125
BRDA:68,4,0,4
BRDA:68,4,1,121
BRDA:70,5,0,0
BRDA:70,5,1,125
BRDA:72,6,0,0
BRDA:72,6,1,125
BRDA:159,7,0,0
BRDA:159,7,1,37
BRF:16
BRH:10
end_of_record
TN:
SF:src\contexts\AuthContext.js
FN:12,(anonymous_0)
FN:20,AuthProvider
FN:32,(anonymous_2)
FN:48,(anonymous_3)
FN:75,(anonymous_4)
FN:88,(anonymous_5)
FN:107,(anonymous_6)
FNF:7
FNH:7
FNDA:64,(anonymous_0)
FNDA:184,AuthProvider
FNDA:7,(anonymous_2)
FNDA:5,(anonymous_3)
FNDA:1,(anonymous_4)
FNDA:5,(anonymous_5)
FNDA:1,(anonymous_6)
DA:10,17
DA:12,17
DA:13,64
DA:14,64
DA:15,2
DA:17,62
DA:21,184
DA:22,184
DA:23,184
DA:24,184
DA:32,184
DA:33,7
DA:34,7
DA:36,7
DA:38,7
DA:39,2
DA:48,5
DA:51,4
DA:58,4
DA:59,4
DA:61,4
DA:63,2
DA:64,2
DA:65,2
DA:66,2
DA:68,6
DA:75,184
DA:76,1
DA:77,1
DA:78,1
DA:88,184
DA:89,5
DA:90,5
DA:92,5
DA:94,5
DA:95,2
DA:98,3
DA:99,1
DA:102,2
DA:103,1
DA:107,1
DA:109,1
DA:111,4
DA:112,4
DA:114,5
DA:118,184
DA:128,184
LF:47
LH:47
BRDA:14,0,0,2
BRDA:14,0,1,62
BRDA:38,1,0,2
BRDA:38,1,1,5
BRDA:38,2,0,7
BRDA:38,2,1,6
BRDA:94,3,0,2
BRDA:94,3,1,3
BRDA:94,4,0,5
BRDA:94,4,1,4
BRDA:94,4,2,3
BRDA:98,5,0,1
BRDA:98,5,1,2
BRDA:102,6,0,1
BRDA:102,6,1,1
BRF:15
BRH:15
end_of_record
TN:
SF:src\contexts\DashboardContext.js
FN:8,(anonymous_0)
FN:14,DashboardProvider
FN:15,(anonymous_2)
FNF:3
FNH:3
FNDA:13,(anonymous_0)
FNDA:13,DashboardProvider
FNDA:13,(anonymous_2)
DA:6,3
DA:8,3
DA:9,13
DA:10,13
DA:11,13
DA:15,13
DA:16,13
DA:17,13
DA:18,13
DA:20,13
DA:44,13
LF:11
LH:11
BRDA:10,0,0,0
BRDA:10,0,1,13
BRF:2
BRH:1
end_of_record
TN:
SF:src\contexts\MessagesContext.js
FN:12,(anonymous_0)
FN:20,MessagesProvider
FN:30,(anonymous_2)
FN:35,(anonymous_3)
FN:39,(anonymous_4)
FNF:5
FNH:2
FNDA:5,(anonymous_0)
FNDA:5,MessagesProvider
FNDA:0,(anonymous_2)
FNDA:0,(anonymous_3)
FNDA:0,(anonymous_4)
DA:10,2
DA:12,2
DA:13,5
DA:14,5
DA:15,0
DA:17,5
DA:21,5
DA:24,5
DA:28,5
DA:30,5
DA:35,5
DA:39,5
DA:43,5
DA:54,5
LF:14
LH:13
BRDA:14,0,0,0
BRDA:14,0,1,5
BRDA:24,1,0,0
BRDA:24,1,1,5
BRF:4
BRH:2
end_of_record
TN:
SF:src\contexts\PatientsContext.js
FN:19,(anonymous_0)
FN:25,(anonymous_1)
FN:38,(anonymous_2)
FN:53,(anonymous_3)
FNF:4
FNH:4
FNDA:37,(anonymous_0)
FNDA:36,(anonymous_1)
FNDA:36,(anonymous_2)
FNDA:27,(anonymous_3)
DA:11,6
DA:13,6
DA:19,6
DA:20,37
DA:25,37
DA:26,36
DA:28,4
DA:30,2
DA:33,30
DA:37,37
DA:38,36
DA:46,37
DA:53,6
DA:54,27
DA:55,27
DA:56,2
DA:58,25
LF:17
LH:17
BRDA:26,0,0,4
BRDA:26,0,1,2
BRDA:26,0,2,30
BRDA:26,0,3,30
BRDA:55,1,0,2
BRDA:55,1,1,25
BRF:6
BRH:6
end_of_record
TN:
SF:src\contexts\ProfileContext.js
FN:10,(anonymous_0)
FN:14,(anonymous_1)
FN:18,(anonymous_2)
FN:32,(anonymous_3)
FN:42,(anonymous_4)
FN:46,(anonymous_5)
FN:57,(anonymous_6)
FN:69,(anonymous_7)
FNF:8
FNH:7
FNDA:74,(anonymous_0)
FNDA:34,(anonymous_1)
FNDA:35,(anonymous_2)
FNDA:6,(anonymous_3)
FNDA:6,(anonymous_4)
FNDA:0,(anonymous_5)
FNDA:4,(anonymous_6)
FNDA:67,(anonymous_7)
DA:6,2
DA:8,2
DA:10,2
DA:11,74
DA:12,74
DA:14,74
DA:15,34
DA:18,74
DA:19,35
DA:20,35
DA:21,34
DA:22,11
DA:23,11
DA:26,1
DA:28,35
DA:32,74
DA:33,6
DA:34,6
DA:35,5
DA:37,1
DA:42,74
DA:43,6
DA:44,6
DA:45,5
DA:46,5
DA:47,4
DA:48,4
DA:49,4
DA:50,3
DA:52,2
DA:53,2
DA:57,74
DA:58,4
DA:59,4
DA:62,74
DA:69,2
DA:70,67
DA:71,67
DA:72,65
LF:39
LH:39
BRDA:21,0,0,11
BRDA:21,0,1,23
BRDA:44,1,0,1
BRDA:44,1,1,5
BRDA:71,2,0,2
BRDA:71,2,1,65
BRF:6
BRH:6
end_of_record
TN:
SF:src\models\CaregiverMessage.js
FN:7,(anonymous_0)
FNF:1
FNH:1
FNDA:130,(anonymous_0)
DA:8,130
DA:9,130
DA:10,130
DA:11,130
DA:12,130
DA:13,130
LF:6
LH:6
BRDA:7,0,0,0
BRF:1
BRH:0
end_of_record
TN:
SF:src\models\CaregiverProfile.js
FN:2,(anonymous_0)
FN:12,(anonymous_1)
FN:25,(anonymous_2)
FNF:3
FNH:3
FNDA:108,(anonymous_0)
FNDA:21,(anonymous_1)
FNDA:17,(anonymous_2)
DA:3,108
DA:4,108
DA:5,108
DA:6,108
DA:7,108
DA:8,108
DA:9,108
DA:13,21
DA:14,19
DA:26,17
LF:10
LH:10
BRDA:2,0,0,77
BRDA:2,1,0,82
BRDA:2,2,0,82
BRDA:2,3,0,82
BRDA:2,4,0,82
BRDA:2,5,0,82
BRDA:2,6,0,81
BRDA:2,7,0,82
BRDA:13,8,0,2
BRDA:13,8,1,19
BRDA:15,9,0,19
BRDA:15,9,1,14
BRDA:16,10,0,19
BRDA:16,10,1,16
BRDA:17,11,0,19
BRDA:17,11,1,17
BRDA:18,12,0,19
BRDA:18,12,1,17
BRDA:19,13,0,19
BRDA:19,13,1,17
BRDA:20,14,0,19
BRDA:20,14,1,14
BRDA:21,15,0,19
BRDA:21,15,1,16
BRF:24
BRH:24
end_of_record
TN:
SF:src\models\CaregiverTask.js
FN:8,(anonymous_0)
FN:20,(anonymous_1)
FN:32,(anonymous_2)
FN:44,(anonymous_3)
FN:50,(anonymous_4)
FNF:5
FNH:5
FNDA:34,(anonymous_0)
FNDA:3,(anonymous_1)
FNDA:3,(anonymous_2)
FNDA:114,(anonymous_3)
FNDA:114,(anonymous_4)
DA:1,4
DA:9,34
DA:10,34
DA:11,34
DA:12,34
DA:13,34
DA:15,34
DA:17,34
DA:21,3
DA:33,3
DA:45,114
DA:46,69
DA:47,68
DA:51,114
DA:52,69
DA:53,69
LF:16
LH:16
BRDA:8,0,0,9
BRDA:8,1,0,13
BRDA:8,2,0,13
BRDA:8,3,0,12
BRDA:8,4,0,22
BRDA:15,5,0,21
BRDA:15,5,1,13
BRDA:15,6,0,11
BRDA:15,6,1,10
BRDA:17,7,0,10
BRDA:17,7,1,24
BRDA:17,8,0,3
BRDA:17,8,1,7
BRDA:27,9,0,2
BRDA:27,9,1,1
BRDA:28,10,0,2
BRDA:28,10,1,1
BRDA:39,11,0,2
BRDA:39,11,1,1
BRDA:40,12,0,1
BRDA:40,12,1,2
BRDA:45,13,0,45
BRDA:45,13,1,69
BRDA:46,14,0,1
BRDA:46,14,1,68
BRDA:51,15,0,45
BRDA:51,15,1,69
BRDA:54,16,0,69
BRDA:54,16,1,69
BRDA:54,16,2,69
BRF:30
BRH:30
end_of_record
TN:
SF:src\models\Patient.js
FN:14,(anonymous_0)
FN:22,(anonymous_1)
FNF:2
FNH:2
FNDA:18,(anonymous_0)
FNDA:5,(anonymous_1)
DA:6,5
DA:15,18
DA:16,18
DA:17,18
DA:19,18
DA:23,5
LF:6
LH:6
BRDA:14,0,0,9
BRDA:14,1,0,15
BRDA:19,2,0,3
BRDA:19,2,1,15
BRDA:19,3,0,2
BRDA:19,3,1,1
BRF:6
BRH:6
end_of_record
TN:
SF:src\navigation\MainTabNavigator.js
FN:20,MainTabNavigator
FN:42,(anonymous_1)
FN:49,(anonymous_2)
FN:56,(anonymous_3)
FN:63,(anonymous_4)
FN:71,(anonymous_5)
FNF:6
FNH:6
FNDA:5,MainTabNavigator
FNDA:10,(anonymous_1)
FNDA:10,(anonymous_2)
FNDA:10,(anonymous_3)
FNDA:10,(anonymous_4)
FNDA:10,(anonymous_5)
DA:13,1
DA:14,1
DA:21,5
DA:42,10
DA:49,10
DA:56,10
DA:63,10
DA:71,10
LF:8
LH:8
BRDA:64,0,0,5
BRDA:64,0,1,0
BRF:2
BRH:1
end_of_record
TN:
SF:src\repositories\MessagesRepository.js
FN:11,(anonymous_0)
FN:224,(anonymous_1)
FN:228,(anonymous_2)
FN:229,(anonymous_3)
FN:232,(anonymous_4)
FN:233,(anonymous_5)
FNF:6
FNH:4
FNDA:5,(anonymous_0)
FNDA:5,(anonymous_1)
FNDA:19,(anonymous_2)
FNDA:494,(anonymous_3)
FNDA:0,(anonymous_4)
FNDA:0,(anonymous_5)
DA:12,5
DA:225,5
DA:229,494
DA:233,0
DA:237,5
LF:5
LH:4
BRF:0
BRH:0
end_of_record
TN:
SF:src\repositories\PatientsRepository.js
FN:782,(anonymous_0)
FN:786,(anonymous_1)
FN:788,(anonymous_2)
FN:789,(anonymous_3)
FN:795,(anonymous_4)
FN:799,(anonymous_5)
FN:801,(anonymous_6)
FN:802,(anonymous_7)
FN:807,(anonymous_8)
FN:815,(anonymous_9)
FN:825,(anonymous_10)
FN:835,(anonymous_11)
FNF:12
FNH:12
FNDA:50,(anonymous_0)
FNDA:31,(anonymous_1)
FNDA:2790,(anonymous_2)
FNDA:4557,(anonymous_3)
FNDA:13,(anonymous_4)
FNDA:29,(anonymous_5)
FNDA:2610,(anonymous_6)
FNDA:8497,(anonymous_7)
FNDA:13,(anonymous_8)
FNDA:64,(anonymous_9)
FNDA:128,(anonymous_10)
FNDA:128,(anonymous_11)
DA:2,8
DA:12,16
DA:783,50
DA:787,31
DA:788,2790
DA:790,4557
DA:791,4557
DA:796,13
DA:800,29
DA:801,2610
DA:803,8497
DA:808,13
DA:812,8
DA:815,8
DA:816,64
DA:817,44
DA:818,0
DA:819,5
DA:820,15
DA:821,0
DA:825,8
DA:826,128
DA:827,57
DA:828,0
DA:829,5
DA:830,15
DA:831,51
DA:835,8
DA:836,128
DA:837,57
DA:838,0
DA:839,5
DA:840,15
DA:841,51
LF:34
LH:30
BRDA:816,0,0,44
BRDA:816,0,1,0
BRDA:816,0,2,5
BRDA:816,0,3,15
BRDA:816,0,4,0
BRDA:826,1,0,57
BRDA:826,1,1,0
BRDA:826,1,2,5
BRDA:826,1,3,15
BRDA:826,1,4,51
BRDA:836,2,0,57
BRDA:836,2,1,0
BRDA:836,2,2,5
BRDA:836,2,3,15
BRDA:836,2,4,51
BRF:15
BRH:11
end_of_record
TN:
SF:src\repositories\TasksRepository.js
FN:4,(anonymous_0)
FN:14,(anonymous_1)
FN:18,(anonymous_2)
FN:19,(anonymous_3)
FN:22,(anonymous_4)
FN:23,(anonymous_5)
FN:26,(anonymous_6)
FN:27,(anonymous_7)
FN:30,(anonymous_8)
FN:31,(anonymous_9)
FN:34,(anonymous_10)
FN:36,(anonymous_11)
FN:48,(anonymous_12)
FN:49,(anonymous_13)
FNF:14
FNH:10
FNDA:3,(anonymous_0)
FNDA:18,(anonymous_1)
FNDA:25,(anonymous_2)
FNDA:125,(anonymous_3)
FNDA:23,(anonymous_4)
FNDA:115,(anonymous_5)
FNDA:22,(anonymous_6)
FNDA:110,(anonymous_7)
FNDA:22,(anonymous_8)
FNDA:110,(anonymous_9)
FNDA:0,(anonymous_10)
FNDA:0,(anonymous_11)
FNDA:0,(anonymous_12)
FNDA:0,(anonymous_13)
DA:5,3
DA:15,18
DA:19,125
DA:23,115
DA:27,110
DA:31,110
DA:35,0
DA:36,0
DA:37,0
DA:38,0
DA:39,0
DA:40,0
DA:41,0
DA:42,0
DA:43,0
DA:45,0
DA:49,0
DA:50,0
DA:51,0
DA:52,0
DA:53,0
DA:54,0
DA:58,3
LF:23
LH:7
BRDA:38,0,0,0
BRDA:38,0,1,0
BRDA:39,1,0,0
BRDA:39,1,1,0
BRDA:40,2,0,0
BRDA:40,2,1,0
BRDA:41,3,0,0
BRDA:41,3,1,0
BRDA:42,4,0,0
BRDA:42,4,1,0
BRDA:50,5,0,0
BRDA:50,5,1,0
BRDA:52,6,0,0
BRDA:52,6,1,0
BRDA:53,7,0,0
BRDA:53,7,1,0
BRF:16
BRH:0
end_of_record
TN:
SF:src\screens\AccessibilityDetailScreen.js
FN:16,AccessibilityDetailScreen
FN:22,(anonymous_1)
FN:45,(anonymous_2)
FNF:3
FNH:2
FNDA:12,AccessibilityDetailScreen
FNDA:0,(anonymous_1)
FNDA:1,(anonymous_2)
DA:17,12
DA:18,12
DA:19,12
DA:20,12
DA:22,12
DA:23,0
DA:25,0
DA:27,0
DA:28,0
DA:30,0
DA:31,0
DA:33,0
DA:34,0
DA:36,0
DA:37,0
DA:41,12
DA:45,1
DA:90,1
LF:18
LH:8
BRDA:25,0,0,0
BRDA:25,0,1,0
BRDA:25,0,2,0
BRDA:25,0,3,0
BRDA:67,1,0,12
BRDA:67,1,1,12
BRDA:70,2,0,1
BRDA:70,2,1,11
BRDA:76,3,0,12
BRDA:76,3,1,0
BRF:10
BRH:5
end_of_record
TN:
SF:src\screens\CaregiverDashboardScreen.js
FN:23,CaregiverDashboardScreen
FN:40,(anonymous_1)
FN:44,(anonymous_2)
FN:54,(anonymous_3)
FN:58,(anonymous_4)
FN:62,(anonymous_5)
FN:66,(anonymous_6)
FN:97,(anonymous_7)
FN:105,(anonymous_8)
FN:115,(anonymous_9)
FN:123,(anonymous_10)
FN:137,StatCard
FN:152,SectionHeader
FN:157,PatientRow
FN:183,ViewAllButton
FNF:15
FNH:9
FNDA:13,CaregiverDashboardScreen
FNDA:962,(anonymous_1)
FNDA:39,(anonymous_2)
FNDA:0,(anonymous_3)
FNDA:0,(anonymous_4)
FNDA:0,(anonymous_5)
FNDA:0,(anonymous_6)
FNDA:39,(anonymous_7)
FNDA:39,(anonymous_8)
FNDA:0,(anonymous_9)
FNDA:0,(anonymous_10)
FNDA:52,StatCard
FNDA:26,SectionHeader
FNDA:78,PatientRow
FNDA:26,ViewAllButton
DA:16,3
DA:17,3
DA:24,13
DA:26,13
DA:34,13
DA:36,13
DA:37,13
DA:39,13
DA:40,962
DA:44,13
DA:45,39
DA:46,39
DA:47,39
DA:48,39
DA:49,39
DA:50,39
DA:54,13
DA:55,0
DA:58,13
DA:59,0
DA:62,13
DA:63,0
DA:66,13
DA:67,0
DA:70,13
DA:98,39
DA:106,39
DA:116,0
DA:124,0
DA:138,52
DA:153,26
DA:158,78
DA:184,26
DA:196,3
LF:34
LH:28
BRDA:29,0,0,0
BRDA:30,1,0,0
BRDA:31,2,0,0
BRDA:32,3,0,0
BRDA:33,4,0,0
BRDA:40,5,0,962
BRDA:40,5,1,962
BRDA:85,6,0,13
BRDA:85,6,1,13
BRDA:93,7,0,13
BRDA:93,7,1,0
BRDA:106,8,0,39
BRDA:106,8,1,0
BRDA:124,9,0,0
BRDA:124,9,1,0
BRDA:168,10,0,78
BRDA:168,10,1,52
BRDA:168,10,2,52
BRDA:168,10,3,52
BRDA:187,11,0,26
BRDA:187,11,1,0
BRF:21
BRH:11
end_of_record
TN:
SF:src\screens\ChangePasswordScreen.js
FN:20,ChangePasswordScreen
FN:33,(anonymous_1)
FN:48,(anonymous_2)
FN:63,(anonymous_3)
FN:75,(anonymous_4)
FN:87,(anonymous_5)
FN:115,PasswordInput
FNF:7
FNH:1
FNDA:16,ChangePasswordScreen
FNDA:0,(anonymous_1)
FNDA:0,(anonymous_2)
FNDA:0,(anonymous_3)
FNDA:0,(anonymous_4)
FNDA:0,(anonymous_5)
FNDA:0,PasswordInput
DA:21,16
DA:22,16
DA:23,16
DA:25,16
DA:26,16
DA:27,16
DA:29,16
DA:30,16
DA:31,16
DA:33,0
DA:34,0
DA:36,0
DA:37,0
DA:38,0
DA:44,0
DA:48,0
DA:63,0
DA:75,0
DA:87,0
DA:124,0
DA:153,1
LF:21
LH:10
BRDA:36,0,0,0
BRDA:36,0,1,0
BRDA:94,1,0,0
BRDA:94,1,1,0
BRDA:99,2,0,0
BRDA:99,2,1,0
BRDA:104,3,0,0
BRDA:104,3,1,0
BRDA:122,4,0,0
BRDA:128,5,0,0
BRDA:128,5,1,0
BRDA:133,6,0,0
BRDA:133,6,1,0
BRDA:143,7,0,0
BRDA:143,7,1,0
BRDA:146,8,0,0
BRDA:146,8,1,0
BRF:17
BRH:0
end_of_record
TN:
SF:src\screens\LoginScreen.js
FN:22,LoginScreen
FN:31,(anonymous_1)
FN:55,(anonymous_2)
FN:90,(anonymous_3)
FN:112,(anonymous_4)
FN:125,(anonymous_5)
FNF:6
FNH:4
FNDA:22,LoginScreen
FNDA:5,(anonymous_1)
FNDA:0,(anonymous_2)
FNDA:4,(anonymous_3)
FNDA:2,(anonymous_4)
FNDA:0,(anonymous_5)
DA:23,22
DA:24,22
DA:25,22
DA:26,22
DA:27,22
DA:28,22
DA:29,22
DA:31,22
DA:32,5
DA:35,5
DA:36,5
DA:38,5
DA:39,5
DA:41,5
DA:42,4
DA:46,1
DA:47,0
DA:51,0
DA:55,22
DA:57,0
DA:60,22
DA:91,4
DA:92,4
DA:113,2
DA:114,2
DA:125,0
DA:168,1
LF:27
LH:23
BRDA:41,0,0,4
BRDA:41,0,1,1
BRDA:41,1,0,5
BRDA:41,1,1,2
BRDA:47,2,0,0
BRDA:47,2,1,0
BRDA:62,3,0,22
BRDA:62,3,1,0
BRDA:84,4,0,22
BRDA:84,4,1,0
BRDA:87,5,0,22
BRDA:87,5,1,3
BRDA:92,6,0,1
BRDA:92,6,1,3
BRDA:98,7,0,22
BRDA:98,7,1,3
BRDA:101,8,0,22
BRDA:101,8,1,0
BRDA:108,9,0,22
BRDA:108,9,1,5
BRDA:114,10,0,0
BRDA:114,10,1,2
BRDA:123,11,0,22
BRDA:123,11,1,0
BRDA:128,12,0,0
BRDA:128,12,1,22
BRDA:132,13,0,22
BRDA:132,13,1,5
BRDA:140,14,0,22
BRDA:140,14,1,0
BRF:30
BRH:21
end_of_record
TN:
SF:src\screens\MessageDetailScreen.js
FN:19,MessageDetailScreen
FN:28,(anonymous_1)
FN:39,(anonymous_2)
FNF:3
FNH:3
FNDA:14,MessageDetailScreen
FNDA:2,(anonymous_1)
FNDA:1,(anonymous_2)
DA:20,14
DA:21,14
DA:24,14
DA:28,14
DA:29,2
DA:30,2
DA:35,1
DA:39,14
DA:40,1
DA:43,14
DA:106,1
LF:11
LH:11
BRDA:24,0,0,0
BRDA:24,0,1,14
BRDA:49,1,0,14
BRDA:49,1,1,14
BRF:4
BRH:3
end_of_record
TN:
SF:src\screens\MessagesListScreen.js
FN:18,MessagesListScreen
FN:24,(anonymous_1)
FN:30,(anonymous_2)
FN:34,(anonymous_3)
FN:38,(anonymous_4)
FN:42,(anonymous_5)
FN:47,(anonymous_6)
FN:56,(anonymous_7)
FN:61,(anonymous_8)
FN:65,(anonymous_9)
FN:102,(anonymous_10)
FN:115,(anonymous_11)
FNF:12
FNH:5
FNDA:5,MessagesListScreen
FNDA:5,(anonymous_1)
FNDA:5,(anonymous_2)
FNDA:0,(anonymous_3)
FNDA:0,(anonymous_4)
FNDA:0,(anonymous_5)
FNDA:0,(anonymous_6)
FNDA:50,(anonymous_7)
FNDA:0,(anonymous_8)
FNDA:0,(anonymous_9)
FNDA:70,(anonymous_10)
FNDA:0,(anonymous_11)
DA:19,5
DA:20,5
DA:21,5
DA:24,5
DA:25,5
DA:26,0
DA:30,5
DA:31,5
DA:34,5
DA:35,0
DA:38,5
DA:39,0
DA:42,5
DA:43,0
DA:44,0
DA:47,5
DA:49,0
DA:53,0
DA:56,5
DA:57,50
DA:61,0
DA:65,5
DA:66,0
DA:71,5
DA:102,70
DA:115,0
DA:124,2
LF:27
LH:17
BRDA:25,0,0,0
BRDA:25,0,1,5
BRDA:31,1,0,5
BRDA:31,1,1,0
BRDA:78,2,0,5
BRDA:78,2,1,5
BRDA:97,3,0,5
BRDA:97,3,1,0
BRF:8
BRH:5
end_of_record
TN:
SF:src\screens\PatientsListScreen.js
FN:63,(anonymous_0)
FN:76,(anonymous_1)
FN:83,(anonymous_2)
FN:93,(anonymous_3)
FN:104,(anonymous_4)
FN:115,(anonymous_5)
FN:119,(anonymous_6)
FN:121,(anonymous_7)
FN:123,(anonymous_8)
FN:125,(anonymous_9)
FN:127,(anonymous_10)
FN:138,(anonymous_11)
FN:141,(anonymous_12)
FN:143,(anonymous_13)
FN:145,(anonymous_14)
FN:151,(anonymous_15)
FN:154,(anonymous_16)
FN:156,(anonymous_17)
FN:166,(anonymous_18)
FN:178,PatientCard
FN:195,(anonymous_20)
FN:231,SortMenu
FN:245,(anonymous_22)
FN:249,(anonymous_23)
FN:268,DateFilterMenu
FN:282,(anonymous_25)
FN:286,(anonymous_26)
FN:305,TabFilterMenu
FN:318,(anonymous_28)
FN:322,(anonymous_29)
FN:341,PatientsListScreen
FN:355,(anonymous_31)
FN:369,(anonymous_32)
FN:379,(anonymous_33)
FN:383,(anonymous_34)
FN:385,(anonymous_35)
FN:387,(anonymous_36)
FN:394,(anonymous_37)
FN:406,(anonymous_38)
FN:409,(anonymous_39)
FN:423,(anonymous_40)
FN:440,(anonymous_41)
FN:458,(anonymous_42)
FN:473,(anonymous_43)
FN:485,(anonymous_44)
FN:499,(anonymous_45)
FN:511,(anonymous_46)
FN:521,(anonymous_47)
FN:528,(anonymous_48)
FNF:49
FNH:21
FNDA:0,(anonymous_0)
FNDA:50,(anonymous_1)
FNDA:0,(anonymous_2)
FNDA:0,(anonymous_3)
FNDA:35,(anonymous_4)
FNDA:5,(anonymous_5)
FNDA:2305,(anonymous_6)
FNDA:0,(anonymous_7)
FNDA:0,(anonymous_8)
FNDA:0,(anonymous_9)
FNDA:0,(anonymous_10)
FNDA:0,(anonymous_11)
FNDA:0,(anonymous_12)
FNDA:0,(anonymous_13)
FNDA:0,(anonymous_14)
FNDA:5,(anonymous_15)
FNDA:0,(anonymous_16)
FNDA:0,(anonymous_17)
FNDA:5,(anonymous_18)
FNDA:50,PatientCard
FNDA:0,(anonymous_20)
FNDA:5,SortMenu
FNDA:25,(anonymous_22)
FNDA:0,(anonymous_23)
FNDA:0,DateFilterMenu
FNDA:0,(anonymous_25)
FNDA:0,(anonymous_26)
FNDA:5,TabFilterMenu
FNDA:15,(anonymous_28)
FNDA:0,(anonymous_29)
FNDA:5,PatientsListScreen
FNDA:5,(anonymous_31)
FNDA:5,(anonymous_32)
FNDA:5,(anonymous_33)
FNDA:0,(anonymous_34)
FNDA:0,(anonymous_35)
FNDA:0,(anonymous_36)
FNDA:5,(anonymous_37)
FNDA:5,(anonymous_38)
FNDA:5,(anonymous_39)
FNDA:5,(anonymous_40)
FNDA:50,(anonymous_41)
FNDA:0,(anonymous_42)
FNDA:0,(anonymous_43)
FNDA:0,(anonymous_44)
FNDA:70,(anonymous_45)
FNDA:0,(anonymous_46)
FNDA:0,(anonymous_47)
FNDA:0,(anonymous_48)
DA:31,1
DA:38,1
DA:46,1
DA:53,1
DA:63,1
DA:64,0
DA:65,0
DA:67,0
DA:68,0
DA:69,0
DA:70,0
DA:71,0
DA:72,0
DA:76,1
DA:77,50
DA:78,35
DA:79,35
DA:80,35
DA:83,1
DA:84,0
DA:85,0
DA:86,0
DA:93,1
DA:94,0
DA:95,0
DA:96,0
DA:97,0
DA:104,1
DA:105,35
DA:106,35
DA:115,1
DA:116,5
DA:117,5
DA:119,2305
DA:121,0
DA:123,0
DA:125,0
DA:127,0
DA:128,0
DA:129,0
DA:130,0
DA:131,0
DA:134,0
DA:138,1
DA:139,0
DA:141,0
DA:143,0
DA:145,0
DA:147,0
DA:151,1
DA:152,5
DA:154,0
DA:156,0
DA:158,5
DA:166,1
DA:167,5
DA:168,0
DA:169,0
DA:170,5
DA:179,50
DA:180,50
DA:181,50
DA:183,50
DA:187,50
DA:191,50
DA:195,0
DA:232,5
DA:239,5
DA:246,25
DA:249,0
DA:269,0
DA:276,0
DA:283,0
DA:286,0
DA:306,5
DA:312,5
DA:319,15
DA:322,0
DA:342,5
DA:343,5
DA:345,5
DA:347,5
DA:348,5
DA:349,5
DA:350,5
DA:351,5
DA:352,5
DA:355,5
DA:356,5
DA:357,5
DA:358,0
DA:359,0
DA:360,0
DA:364,5
DA:365,5
DA:366,5
DA:369,5
DA:370,5
DA:371,0
DA:372,0
DA:373,0
DA:374,5
DA:379,5
DA:380,5
DA:381,5
DA:383,0
DA:385,0
DA:387,0
DA:389,5
DA:394,5
DA:395,5
DA:397,5
DA:398,5
DA:400,0
DA:403,5
DA:406,5
DA:409,5
DA:410,5
DA:412,0
DA:414,0
DA:416,5
DA:420,5
DA:423,5
DA:424,5
DA:425,5
DA:426,0
DA:427,0
DA:428,5
DA:431,0
DA:432,0
DA:433,0
DA:434,0
DA:435,0
DA:440,5
DA:441,50
DA:449,5
DA:458,0
DA:473,0
DA:485,0
DA:499,70
DA:511,0
DA:521,0
DA:528,0
DA:543,1
LF:144
LH:79
BRDA:64,0,0,0
BRDA:64,0,1,0
BRDA:67,1,0,0
BRDA:67,1,1,0
BRDA:67,1,2,0
BRDA:67,1,3,0
BRDA:67,1,4,0
BRDA:77,2,0,15
BRDA:77,2,1,35
BRDA:84,3,0,0
BRDA:84,3,1,0
BRDA:87,4,0,0
BRDA:87,4,1,0
BRDA:87,4,2,0
BRDA:94,5,0,0
BRDA:94,5,1,0
BRDA:98,6,0,0
BRDA:98,6,1,0
BRDA:98,6,2,0
BRDA:105,7,0,0
BRDA:105,7,1,35
BRDA:117,8,0,5
BRDA:117,8,1,0
BRDA:117,8,2,0
BRDA:117,8,3,0
BRDA:117,8,4,0
BRDA:117,8,5,0
BRDA:128,9,0,0
BRDA:128,9,1,0
BRDA:128,10,0,0
BRDA:128,10,1,0
BRDA:129,11,0,0
BRDA:129,11,1,0
BRDA:130,12,0,0
BRDA:130,12,1,0
BRDA:139,13,0,0
BRDA:139,13,1,0
BRDA:139,13,2,0
BRDA:139,13,3,0
BRDA:152,14,0,0
BRDA:152,14,1,0
BRDA:152,14,2,5
BRDA:167,15,0,0
BRDA:167,15,1,0
BRDA:167,15,2,5
BRDA:183,16,0,35
BRDA:183,16,1,15
BRDA:184,17,0,35
BRDA:184,17,1,0
BRDA:187,18,0,25
BRDA:187,18,1,25
BRDA:202,19,0,50
BRDA:202,19,1,50
BRDA:202,19,2,25
BRDA:205,20,0,50
BRDA:205,20,1,35
BRDA:206,21,0,35
BRDA:206,21,1,15
BRDA:210,22,0,50
BRDA:210,22,1,15
BRDA:210,22,2,0
BRDA:214,23,0,25
BRDA:214,23,1,25
BRDA:237,24,0,5
BRDA:237,24,1,0
BRDA:248,25,0,25
BRDA:248,25,1,5
BRDA:251,26,0,25
BRDA:251,26,1,5
BRDA:254,27,0,25
BRDA:254,27,1,5
BRDA:285,28,0,0
BRDA:285,28,1,0
BRDA:288,29,0,0
BRDA:288,29,1,0
BRDA:291,30,0,0
BRDA:291,30,1,0
BRDA:321,31,0,15
BRDA:321,31,1,5
BRDA:324,32,0,15
BRDA:324,32,1,5
BRDA:327,33,0,15
BRDA:327,33,1,5
BRDA:345,34,0,5
BRDA:345,34,1,5
BRDA:357,35,0,0
BRDA:357,35,1,5
BRDA:357,36,0,5
BRDA:357,36,1,0
BRDA:370,37,0,0
BRDA:370,37,1,0
BRDA:370,37,2,0
BRDA:370,37,3,5
BRDA:381,38,0,0
BRDA:381,38,1,0
BRDA:381,38,2,0
BRDA:381,38,3,5
BRDA:387,39,0,0
BRDA:387,39,1,0
BRDA:397,40,0,5
BRDA:397,40,1,0
BRDA:410,41,0,0
BRDA:410,41,1,0
BRDA:410,41,2,5
BRDA:424,42,0,5
BRDA:424,42,1,0
BRDA:425,43,0,0
BRDA:425,43,1,0
BRDA:425,43,2,5
BRDA:431,44,0,0
BRDA:431,44,1,0
BRDA:431,44,2,0
BRDA:431,44,3,0
BRDA:455,45,0,5
BRDA:455,45,1,0
BRDA:494,46,0,5
BRDA:494,46,1,0
BRDA:518,47,0,5
BRDA:518,47,1,0
BRF:119
BRH:48
end_of_record
TN:
SF:src\screens\PatientsScreen.js
FN:27,PatientsScreen
FN:31,(anonymous_1)
FN:39,(anonymous_2)
FN:51,(anonymous_3)
FN:58,(anonymous_4)
FN:66,(anonymous_5)
FN:75,(anonymous_6)
FN:81,(anonymous_7)
FN:91,(anonymous_8)
FN:99,(anonymous_9)
FN:116,(anonymous_10)
FN:125,(anonymous_11)
FNF:12
FNH:5
FNDA:6,PatientsScreen
FNDA:0,(anonymous_1)
FNDA:6,(anonymous_2)
FNDA:60,(anonymous_3)
FNDA:0,(anonymous_4)
FNDA:0,(anonymous_5)
FNDA:0,(anonymous_6)
FNDA:60,(anonymous_7)
FNDA:0,(anonymous_8)
FNDA:0,(anonymous_9)
FNDA:84,(anonymous_10)
FNDA:0,(anonymous_11)
DA:28,6
DA:29,6
DA:31,6
DA:32,0
DA:39,6
DA:40,6
DA:42,0
DA:44,0
DA:47,6
DA:51,6
DA:52,60
DA:54,0
DA:58,0
DA:62,0
DA:66,0
DA:71,60
DA:75,0
DA:81,6
DA:82,60
DA:85,6
DA:91,0
DA:99,0
DA:116,84
DA:125,0
DA:133,2
LF:25
LH:14
BRDA:40,0,0,0
BRDA:40,0,1,0
BRDA:40,0,2,6
BRDA:40,0,3,6
BRDA:52,1,0,0
BRDA:52,1,1,0
BRDA:52,1,2,60
BRDA:52,1,3,60
BRDA:107,2,0,0
BRDA:107,2,1,6
BRF:10
BRH:5
end_of_record
TN:
SF:src\screens\ProfileScreen.js
FN:16,ProfileInner
FN:26,(anonymous_1)
FN:36,(anonymous_2)
FN:40,(anonymous_3)
FN:50,(anonymous_4)
FN:63,(anonymous_5)
FN:86,(anonymous_6)
FN:145,ProfileScreenWrapper
FNF:8
FNH:8
FNDA:33,ProfileInner
FNDA:22,(anonymous_1)
FNDA:7,(anonymous_2)
FNDA:1,(anonymous_3)
FNDA:1,(anonymous_4)
FNDA:2,(anonymous_5)
FNDA:1,(anonymous_6)
FNDA:10,ProfileScreenWrapper
DA:17,33
DA:18,33
DA:19,33
DA:20,33
DA:21,33
DA:22,33
DA:23,33
DA:24,33
DA:26,33
DA:27,22
DA:28,12
DA:29,12
DA:30,12
DA:31,12
DA:32,12
DA:33,12
DA:36,33
DA:37,7
DA:40,33
DA:41,1
DA:42,1
DA:43,1
DA:44,1
DA:45,1
DA:46,1
DA:47,1
DA:50,33
DA:51,1
DA:59,1
DA:60,1
DA:63,33
DA:64,2
DA:65,2
DA:66,1
DA:67,1
DA:70,1
DA:71,1
DA:74,1
DA:75,1
DA:76,1
DA:77,1
DA:81,33
DA:83,23
DA:86,1
DA:146,10
DA:153,1
LF:46
LH:46
BRDA:27,0,0,10
BRDA:27,0,1,12
BRDA:65,1,0,1
BRDA:65,1,1,1
BRDA:71,2,0,0
BRDA:71,2,1,1
BRDA:75,3,0,1
BRDA:75,3,1,0
BRDA:81,4,0,10
BRDA:81,4,1,23
BRDA:93,5,0,10
BRDA:93,5,1,13
BRDA:96,6,0,2
BRDA:96,6,1,8
BRDA:120,7,0,1
BRDA:120,7,1,12
BRDA:127,8,0,13
BRDA:127,8,1,13
BRDA:128,9,0,13
BRDA:128,9,1,13
BRDA:129,10,0,13
BRDA:129,10,1,13
BRDA:130,11,0,13
BRDA:130,11,1,13
BRDA:131,12,0,13
BRDA:131,12,1,13
BRDA:132,13,0,13
BRDA:132,13,1,13
BRF:28
BRH:26
end_of_record
TN:
SF:src\screens\ScheduleScreen.js
FN:5,ScheduleScreen
FN:11,(anonymous_1)
FNF:2
FNH:2
FNDA:6,ScheduleScreen
FNDA:1,(anonymous_1)
DA:6,6
DA:8,6
DA:11,1
DA:25,1
LF:4
LH:4
BRF:0
BRH:0
end_of_record
TN:
SF:src\screens\SettingsScreen.js
FN:18,SettingsScreen
FN:63,(anonymous_1)
FN:69,(anonymous_2)
FN:83,(anonymous_3)
FN:89,(anonymous_4)
FN:129,(anonymous_5)
FN:144,(anonymous_6)
FN:159,(anonymous_7)
FN:174,(anonymous_8)
FN:205,(anonymous_9)
FN:211,(anonymous_10)
FN:222,(anonymous_11)
FN:229,(anonymous_12)
FN:237,(anonymous_13)
FN:254,(anonymous_14)
FN:258,(anonymous_15)
FN:271,SectionHeader
FN:276,Divider
FN:280,HandedListTile
FN:294,HandedSwitchListTile
FN:308,TextSizeSelector
FN:318,(anonymous_21)
FN:325,(anonymous_22)
FN:334,AccessibilityModeTile
FN:362,HandednessRadioGroup
FN:372,(anonymous_25)
FN:376,(anonymous_26)
FN:391,ReminderFrequencyPicker
FN:402,(anonymous_28)
FN:406,(anonymous_29)
FN:428,getReminderLabel
FNF:31
FNH:13
FNDA:7,SettingsScreen
FNDA:0,(anonymous_1)
FNDA:1,(anonymous_2)
FNDA:0,(anonymous_3)
FNDA:0,(anonymous_4)
FNDA:0,(anonymous_5)
FNDA:0,(anonymous_6)
FNDA:0,(anonymous_7)
FNDA:0,(anonymous_8)
FNDA:0,(anonymous_9)
FNDA:0,(anonymous_10)
FNDA:0,(anonymous_11)
FNDA:0,(anonymous_12)
FNDA:1,(anonymous_13)
FNDA:0,(anonymous_14)
FNDA:0,(anonymous_15)
FNDA:49,SectionHeader
FNDA:49,Divider
FNDA:56,HandedListTile
FNDA:7,HandedSwitchListTile
FNDA:7,TextSizeSelector
FNDA:28,(anonymous_21)
FNDA:0,(anonymous_22)
FNDA:28,AccessibilityModeTile
FNDA:7,HandednessRadioGroup
FNDA:21,(anonymous_25)
FNDA:0,(anonymous_26)
FNDA:0,ReminderFrequencyPicker
FNDA:0,(anonymous_28)
FNDA:0,(anonymous_29)
FNDA:7,getReminderLabel
DA:19,7
DA:20,7
DA:38,7
DA:40,7
DA:42,7
DA:63,0
DA:69,1
DA:83,0
DA:89,0
DA:129,0
DA:144,0
DA:159,0
DA:174,0
DA:205,0
DA:211,0
DA:222,0
DA:229,0
DA:238,1
DA:239,0
DA:255,0
DA:256,0
DA:258,0
DA:272,49
DA:273,49
DA:277,49
DA:281,56
DA:282,56
DA:295,7
DA:296,7
DA:309,7
DA:316,7
DA:319,28
DA:325,0
DA:335,28
DA:363,7
DA:364,7
DA:370,7
DA:373,21
DA:376,0
DA:392,0
DA:398,0
DA:403,0
DA:406,0
DA:429,7
DA:430,7
DA:431,0
DA:432,0
DA:433,0
DA:437,2
LF:49
LH:25
BRDA:105,0,0,0
BRDA:105,0,1,7
BRDA:107,1,0,0
BRDA:107,1,1,7
BRDA:109,2,0,0
BRDA:109,2,1,7
BRDA:242,3,0,7
BRDA:242,3,1,0
BRDA:244,4,0,0
BRDA:244,4,1,7
BRDA:251,5,0,7
BRDA:251,5,1,0
BRDA:284,6,0,56
BRDA:284,6,1,56
BRDA:287,7,0,56
BRDA:287,7,1,21
BRDA:289,8,0,56
BRDA:289,8,1,0
BRDA:298,9,0,7
BRDA:298,9,1,7
BRDA:301,10,0,7
BRDA:301,10,1,7
BRDA:303,11,0,7
BRDA:303,11,1,0
BRDA:317,12,0,7
BRDA:317,12,1,7
BRDA:323,13,0,28
BRDA:323,13,1,0
BRDA:337,14,0,28
BRDA:337,14,1,0
BRDA:340,15,0,28
BRDA:340,15,1,28
BRDA:342,16,0,28
BRDA:342,16,1,0
BRDA:346,17,0,28
BRDA:346,17,1,0
BRDA:351,18,0,28
BRDA:351,18,1,28
BRDA:352,19,0,28
BRDA:352,19,1,0
BRDA:354,20,0,0
BRDA:354,20,1,0
BRDA:378,21,0,21
BRDA:378,21,1,21
BRDA:379,22,0,21
BRDA:379,22,1,7
BRDA:382,23,0,21
BRDA:382,23,1,0
BRDA:383,24,0,0
BRDA:383,24,1,0
BRDA:408,25,0,0
BRDA:408,25,1,0
BRDA:409,26,0,0
BRDA:409,26,1,0
BRDA:413,27,0,0
BRDA:413,27,1,0
BRDA:415,28,0,0
BRDA:415,28,1,0
BRDA:416,29,0,0
BRDA:416,29,1,0
BRDA:429,30,0,7
BRDA:429,30,1,0
BRDA:429,30,2,0
BRDA:429,30,3,0
BRF:64
BRH:33
end_of_record
TN:
SF:src\screens\TasksScreen.js
FN:19,TasksScreen
FN:25,(anonymous_1)
FN:27,(anonymous_2)
FN:36,(anonymous_3)
FN:46,(anonymous_4)
FN:53,(anonymous_5)
FN:66,(anonymous_6)
FN:112,(anonymous_7)
FN:136,(anonymous_8)
FN:153,(anonymous_9)
FN:154,(anonymous_10)
FNF:11
FNH:11
FNDA:21,TasksScreen
FNDA:14,(anonymous_1)
FNDA:21,(anonymous_2)
FNDA:5,(anonymous_3)
FNDA:126,(anonymous_4)
FNDA:7,(anonymous_5)
FNDA:89,(anonymous_6)
FNDA:1,(anonymous_7)
FNDA:105,(anonymous_8)
FNDA:89,(anonymous_9)
FNDA:110,(anonymous_10)
DA:20,21
DA:21,21
DA:22,21
DA:23,21
DA:25,21
DA:27,21
DA:28,21
DA:30,15
DA:32,2
DA:34,1
DA:36,5
DA:38,1
DA:40,1
DA:42,0
DA:46,21
DA:47,126
DA:53,7
DA:66,21
DA:67,89
DA:106,21
DA:112,1
DA:136,105
DA:153,89
DA:154,110
DA:168,2
LF:25
LH:24
BRDA:28,0,0,15
BRDA:28,0,1,2
BRDA:28,0,2,1
BRDA:28,0,3,1
BRDA:28,0,4,1
BRDA:28,0,5,1
BRDA:28,0,6,0
BRDA:50,1,0,126
BRDA:50,1,1,21
BRDA:58,2,0,21
BRDA:58,2,1,105
BRDA:68,3,0,89
BRDA:68,3,1,89
BRDA:69,4,0,89
BRDA:69,4,1,0
BRDA:77,5,0,89
BRDA:77,5,1,89
BRDA:81,6,0,32
BRDA:81,6,1,57
BRDA:91,7,0,40
BRDA:91,7,1,49
BRDA:93,8,0,32
BRDA:93,8,1,17
BRDA:109,9,0,21
BRDA:109,9,1,21
BRF:25
BRH:23
end_of_record
TN:
SF:src\screens\WelcomeScreen.js
FN:16,WelcomeScreen
FN:35,(anonymous_1)
FN:36,(anonymous_2)
FN:37,(anonymous_3)
FN:48,(anonymous_4)
FN:51,(anonymous_5)
FN:55,(anonymous_6)
FN:60,(anonymous_7)
FN:104,(anonymous_8)
FN:116,(anonymous_9)
FNF:10
FNH:6
FNDA:8,WelcomeScreen
FNDA:8,(anonymous_1)
FNDA:0,(anonymous_2)
FNDA:0,(anonymous_3)
FNDA:8,(anonymous_4)
FNDA:1,(anonymous_5)
FNDA:0,(anonymous_6)
FNDA:0,(anonymous_7)
FNDA:80,(anonymous_8)
FNDA:80,(anonymous_9)
DA:14,2
DA:17,8
DA:18,8
DA:21,8
DA:35,8
DA:36,8
DA:37,0
DA:38,0
DA:40,0
DA:44,0
DA:48,8
DA:51,8
DA:52,1
DA:55,8
DA:57,0
DA:60,8
DA:61,0
DA:62,0
DA:66,8
DA:105,80
DA:117,80
DA:141,2
LF:22
LH:15
BRDA:61,0,0,0
BRDA:61,0,1,0
BRDA:61,1,0,0
BRDA:61,1,1,0
BRDA:121,2,0,80
BRDA:121,2,1,8
BRF:6
BRH:2
end_of_record
TN:
SF:src\screens\components\FilterMenu.js
FN:16,FilterMenu
FN:48,(anonymous_1)
FN:74,(anonymous_2)
FNF:3
FNH:3
FNDA:13,FilterMenu
FNDA:1,(anonymous_1)
FNDA:1,(anonymous_2)
DA:23,13
DA:48,1
DA:74,1
DA:109,3
LF:4
LH:4
BRDA:46,0,0,13
BRDA:46,0,1,12
BRDA:53,1,0,13
BRDA:53,1,1,5
BRDA:60,2,0,13
BRDA:60,2,1,12
BRDA:72,3,0,13
BRDA:72,3,1,1
BRDA:79,4,0,13
BRDA:79,4,1,5
BRDA:86,5,0,13
BRDA:86,5,1,1
BRF:12
BRH:12
end_of_record
TN:
SF:src\screens\components\MessageCard.js
FN:16,MessageCard
FNF:1
FNH:1
FNDA:50,MessageCard
DA:17,50
DA:19,50
DA:21,50
DA:27,50
DA:88,2
LF:5
LH:5
BRDA:21,0,0,30
BRDA:21,0,1,20
BRDA:32,1,0,50
BRDA:32,1,1,30
BRDA:40,2,0,50
BRDA:40,2,1,50
BRDA:43,3,0,50
BRDA:43,3,1,50
BRDA:50,4,0,50
BRDA:50,4,1,30
BRDA:67,5,0,50
BRDA:67,5,1,30
BRDA:82,6,0,50
BRDA:82,6,1,0
BRF:14
BRH:13
end_of_record
TN:
SF:src\screens\components\PatientCardComponents.js
FN:12,(anonymous_0)
FN:58,(anonymous_1)
FN:104,(anonymous_2)
FN:148,getCriticalityTag
FN:164,getCriticalityText
FN:180,getCriticalityColor
FNF:6
FNH:4
FNDA:0,(anonymous_0)
FNDA:0,(anonymous_1)
FNDA:60,(anonymous_2)
FNDA:60,getCriticalityTag
FNDA:60,getCriticalityText
FNDA:60,getCriticalityColor
DA:12,2
DA:13,0
DA:14,0
DA:16,0
DA:20,0
DA:58,2
DA:59,0
DA:60,0
DA:62,0
DA:66,0
DA:104,2
DA:105,60
DA:106,60
DA:107,60
DA:109,60
DA:113,60
DA:149,60
DA:150,0
DA:152,0
DA:154,0
DA:156,0
DA:158,0
DA:160,0
DA:165,60
DA:166,0
DA:168,0
DA:170,0
DA:172,0
DA:174,0
DA:176,0
DA:181,60
DA:182,0
DA:184,0
DA:186,0
DA:188,0
DA:190,0
DA:192,0
DA:196,2
LF:38
LH:12
BRDA:16,0,0,0
BRDA:16,0,1,0
BRDA:32,1,0,0
BRDA:32,1,1,0
BRDA:62,2,0,0
BRDA:62,2,1,0
BRDA:78,3,0,0
BRDA:78,3,1,0
BRDA:109,4,0,0
BRDA:109,4,1,60
BRDA:126,5,0,60
BRDA:126,5,1,0
BRDA:149,6,0,60
BRDA:149,6,1,0
BRDA:150,7,0,0
BRDA:150,7,1,0
BRDA:150,7,2,0
BRDA:150,7,3,0
BRDA:150,7,4,0
BRDA:165,8,0,60
BRDA:165,8,1,0
BRDA:166,9,0,0
BRDA:166,9,1,0
BRDA:166,9,2,0
BRDA:166,9,3,0
BRDA:166,9,4,0
BRDA:181,10,0,60
BRDA:181,10,1,0
BRDA:182,11,0,0
BRDA:182,11,1,0
BRDA:182,11,2,0
BRDA:182,11,3,0
BRDA:182,11,4,0
BRF:33
BRH:5
end_of_record
TN:
SF:src\screens\components\PatientFilterMenu.js
FN:18,(anonymous_0)
FN:38,(anonymous_1)
FN:45,(anonymous_2)
FNF:3
FNH:3
FNDA:19,(anonymous_0)
FNDA:57,(anonymous_1)
FNDA:3,(anonymous_2)
DA:18,3
DA:19,19
DA:25,19
DA:39,57
DA:46,3
DA:47,3
DA:85,3
LF:7
LH:7
BRDA:43,0,0,57
BRDA:43,0,1,19
BRDA:54,1,0,57
BRDA:54,1,1,19
BRDA:57,2,0,57
BRDA:57,2,1,19
BRDA:64,3,0,57
BRDA:64,3,1,19
BRF:8
BRH:8
end_of_record
TN:
SF:src\screens\components\PatientRow.js
FN:9,PatientRow
FNF:1
FNH:1
FNDA:5,PatientRow
DA:15,5
DA:17,5
DA:50,1
LF:3
LH:3
BRDA:15,0,0,5
BRDA:15,0,1,0
BRDA:28,1,0,5
BRDA:28,1,1,0
BRF:4
BRH:2
end_of_record
TN:
SF:src\screens\components\SectionHeader.js
FN:9,SectionHeader
FNF:1
FNH:1
FNDA:5,SectionHeader
DA:10,5
DA:17,1
LF:2
LH:2
BRF:0
BRH:0
end_of_record
TN:
SF:src\screens\components\StatCard.js
FN:15,StatCard
FNF:1
FNH:1
FNDA:4,StatCard
DA:22,4
DA:23,4
DA:25,4
DA:48,1
LF:4
LH:4
BRDA:31,0,0,4
BRDA:31,0,1,0
BRF:2
BRH:1
end_of_record
TN:
SF:src\utils\dtFormat.js
FN:11,formatDtYmdHmm
FN:28,formatDtMmmDdYyyyHmm
FNF:2
FNH:2
FNDA:72,formatDtYmdHmm
FNDA:6,formatDtMmmDdYyyyHmm
DA:12,72
DA:14,56
DA:15,56
DA:16,56
DA:17,56
DA:18,56
DA:20,56
DA:29,6
DA:31,4
DA:40,4
LF:10
LH:10
BRDA:12,0,0,16
BRDA:12,0,1,56
BRDA:29,1,0,2
BRDA:29,1,1,4
BRF:4
BRH:4
end_of_record
