TN:
SF:src\components\HandednessToggleOverlay.js
FN:5,HandednessToggleOverlay
FNF:1
FNH:1
FNDA:4,HandednessToggleOverlay
DA:6,4
DA:8,4
DA:9,4
DA:12,0
DA:30,1
LF:5
LH:4
BRDA:8,0,0,4
BRDA:8,0,1,0
BRDA:19,1,0,0
BRDA:19,1,1,0
BRDA:22,2,0,0
BRDA:22,2,1,0
BRF:6
BRH:1
end_of_record
TN:
SF:src\contexts\AppProviders.js
FN:13,(anonymous_0)
FN:21,HandednessProvider
FN:24,(anonymous_2)
FN:25,(anonymous_3)
FN:38,(anonymous_4)
FN:46,ThemeProvider
FN:49,(anonymous_6)
FN:50,(anonymous_7)
FN:70,AppProviders
FNF:9
FNH:5
FNDA:127,(anonymous_0)
FNDA:95,HandednessProvider
FNDA:0,(anonymous_2)
FNDA:0,(anonymous_3)
FNDA:29,(anonymous_4)
FNDA:95,ThemeProvider
FNDA:0,(anonymous_6)
FNDA:0,(anonymous_7)
FNDA:95,AppProviders
DA:11,14
DA:13,14
DA:14,127
DA:15,127
DA:16,16
DA:18,111
DA:22,95
DA:24,95
DA:25,0
DA:28,95
DA:36,14
DA:38,14
DA:39,29
DA:40,29
DA:41,0
DA:43,29
DA:47,95
DA:49,95
DA:50,0
DA:53,95
DA:62,95
DA:71,95
LF:22
LH:19
BRDA:15,0,0,16
BRDA:15,0,1,111
BRDA:40,1,0,0
BRDA:40,1,1,29
BRDA:55,2,0,0
BRDA:55,2,1,95
BRDA:56,3,0,0
BRDA:56,3,1,95
BRDA:57,4,0,0
BRDA:57,4,1,95
BRDA:58,5,0,0
BRDA:58,5,1,95
BRDA:59,6,0,0
BRDA:59,6,1,95
BRF:14
BRH:8
end_of_record
TN:
SF:src\contexts\AppSettingsContext.js
FN:40,(anonymous_0)
FN:56,(anonymous_1)
FN:57,(anonymous_2)
FN:79,(anonymous_3)
FN:87,(anonymous_4)
FN:92,(anonymous_5)
FN:97,(anonymous_6)
FN:102,(anonymous_7)
FN:107,(anonymous_8)
FN:112,(anonymous_9)
FN:117,(anonymous_10)
FN:157,(anonymous_11)
FNF:12
FNH:7
FNDA:116,(anonymous_0)
FNDA:105,(anonymous_1)
FNDA:105,(anonymous_2)
FNDA:6,(anonymous_3)
FNDA:3,(anonymous_4)
FNDA:0,(anonymous_5)
FNDA:0,(anonymous_6)
FNDA:0,(anonymous_7)
FNDA:3,(anonymous_8)
FNDA:0,(anonymous_9)
FNDA:0,(anonymous_10)
FNDA:25,(anonymous_11)
DA:4,15
DA:6,15
DA:16,15
DA:22,15
DA:28,15
DA:34,15
DA:40,15
DA:41,116
DA:42,116
DA:43,116
DA:44,116
DA:45,116
DA:46,116
DA:47,116
DA:50,116
DA:51,116
DA:52,116
DA:53,116
DA:56,116
DA:57,105
DA:58,105
DA:59,105
DA:60,105
DA:61,105
DA:62,105
DA:63,105
DA:64,105
DA:65,105
DA:66,105
DA:67,105
DA:68,105
DA:69,105
DA:70,105
DA:71,105
DA:72,105
DA:74,0
DA:79,116
DA:80,6
DA:81,6
DA:83,0
DA:87,116
DA:88,3
DA:89,3
DA:92,116
DA:93,0
DA:94,0
DA:97,116
DA:98,0
DA:99,0
DA:102,116
DA:103,0
DA:104,0
DA:107,116
DA:108,3
DA:109,3
DA:112,116
DA:113,0
DA:114,0
DA:117,116
DA:118,0
DA:119,0
DA:122,116
DA:150,116
DA:157,15
DA:158,25
DA:159,25
DA:160,25
LF:67
LH:55
BRDA:60,0,0,1
BRDA:60,0,1,104
BRDA:62,1,0,0
BRDA:62,1,1,105
BRDA:64,2,0,0
BRDA:64,2,1,105
BRDA:66,3,0,0
BRDA:66,3,1,105
BRDA:68,4,0,4
BRDA:68,4,1,101
BRDA:70,5,0,0
BRDA:70,5,1,105
BRDA:72,6,0,0
BRDA:72,6,1,105
BRDA:159,7,0,0
BRDA:159,7,1,25
BRF:16
BRH:10
end_of_record
TN:
SF:src\contexts\AuthContext.js
FN:12,(anonymous_0)
FN:20,AuthProvider
FN:32,(anonymous_2)
FN:48,(anonymous_3)
FN:75,(anonymous_4)
FN:88,(anonymous_5)
FN:107,(anonymous_6)
FNF:7
FNH:7
FNDA:73,(anonymous_0)
FNDA:164,AuthProvider
FNDA:8,(anonymous_2)
FNDA:4,(anonymous_3)
FNDA:1,(anonymous_4)
FNDA:5,(anonymous_5)
FNDA:1,(anonymous_6)
DA:10,15
DA:12,15
DA:13,73
DA:14,73
DA:15,2
DA:17,71
DA:21,164
DA:22,164
DA:23,164
DA:24,164
DA:32,164
DA:33,8
DA:34,8
DA:36,8
DA:38,8
DA:39,2
DA:42,6
DA:43,2
DA:48,4
DA:51,3
DA:58,3
DA:59,3
DA:61,3
DA:63,4
DA:64,4
DA:65,4
DA:66,4
DA:68,7
DA:75,164
DA:76,1
DA:77,1
DA:78,1
DA:88,164
DA:89,5
DA:90,5
DA:92,5
DA:94,5
DA:95,2
DA:98,3
DA:99,1
DA:102,2
DA:103,1
DA:107,1
DA:109,1
DA:111,4
DA:112,4
DA:114,5
DA:118,164
DA:128,164
LF:49
LH:49
BRDA:14,0,0,2
BRDA:14,0,1,71
BRDA:38,1,0,2
BRDA:38,1,1,6
BRDA:38,2,0,8
BRDA:38,2,1,7
BRDA:42,3,0,2
BRDA:42,3,1,4
BRDA:94,4,0,2
BRDA:94,4,1,3
BRDA:94,5,0,5
BRDA:94,5,1,4
BRDA:94,5,2,3
BRDA:98,6,0,1
BRDA:98,6,1,2
BRDA:102,7,0,1
BRDA:102,7,1,1
BRF:17
BRH:17
end_of_record
TN:
SF:src\contexts\DashboardContext.js
FN:13,(anonymous_0)
FN:21,DashboardProvider
FNF:2
FNH:2
FNDA:7,(anonymous_0)
FNDA:7,DashboardProvider
DA:11,2
DA:13,2
DA:14,7
DA:15,7
DA:16,0
DA:18,7
DA:23,7
DA:24,7
DA:25,7
DA:26,7
DA:28,7
DA:45,7
LF:12
LH:11
BRDA:15,0,0,0
BRDA:15,0,1,7
BRF:2
BRH:1
end_of_record
TN:
SF:src\contexts\MessagesContext.js
FN:12,(anonymous_0)
FN:20,MessagesProvider
FN:30,(anonymous_2)
FN:36,(anonymous_3)
FN:41,(anonymous_4)
FNF:5
FNH:2
FNDA:5,(anonymous_0)
FNDA:5,MessagesProvider
FNDA:0,(anonymous_2)
FNDA:0,(anonymous_3)
FNDA:0,(anonymous_4)
DA:10,1
DA:12,1
DA:13,5
DA:14,5
DA:15,0
DA:17,5
DA:21,5
DA:24,5
DA:28,5
DA:30,5
DA:33,0
DA:36,5
DA:38,0
DA:41,5
DA:43,0
DA:46,5
DA:57,5
LF:17
LH:13
BRDA:14,0,0,0
BRDA:14,0,1,5
BRDA:24,1,0,0
BRDA:24,1,1,5
BRF:4
BRH:2
end_of_record
TN:
SF:src\contexts\PatientsContext.js
FN:19,(anonymous_0)
FN:25,(anonymous_1)
FN:38,(anonymous_2)
FN:53,(anonymous_3)
FNF:4
FNH:4
FNDA:37,(anonymous_0)
FNDA:36,(anonymous_1)
FNDA:36,(anonymous_2)
FNDA:32,(anonymous_3)
DA:11,5
DA:13,5
DA:19,5
DA:20,37
DA:25,37
DA:26,36
DA:28,4
DA:30,2
DA:33,30
DA:37,37
DA:38,36
DA:46,37
DA:53,5
DA:54,32
DA:55,32
DA:56,2
DA:58,30
LF:17
LH:17
BRDA:26,0,0,4
BRDA:26,0,1,2
BRDA:26,0,2,30
BRDA:26,0,3,30
BRDA:55,1,0,2
BRDA:55,1,1,30
BRF:6
BRH:6
end_of_record
TN:
SF:src\contexts\ProfileContext.js
FN:10,(anonymous_0)
FN:14,(anonymous_1)
FN:18,(anonymous_2)
FN:32,(anonymous_3)
FN:42,(anonymous_4)
FN:46,(anonymous_5)
FN:57,(anonymous_6)
FN:69,(anonymous_7)
FNF:8
FNH:7
FNDA:72,(anonymous_0)
FNDA:34,(anonymous_1)
FNDA:35,(anonymous_2)
FNDA:4,(anonymous_3)
FNDA:5,(anonymous_4)
FNDA:0,(anonymous_5)
FNDA:2,(anonymous_6)
FNDA:54,(anonymous_7)
DA:6,2
DA:8,2
DA:10,2
DA:11,72
DA:12,72
DA:14,72
DA:15,34
DA:18,72
DA:19,35
DA:20,35
DA:21,34
DA:22,3
DA:23,3
DA:26,1
DA:28,35
DA:32,72
DA:33,4
DA:34,4
DA:35,3
DA:37,1
DA:42,72
DA:43,5
DA:44,5
DA:45,4
DA:46,4
DA:47,4
DA:48,4
DA:49,4
DA:50,3
DA:52,1
DA:53,1
DA:57,72
DA:58,2
DA:59,2
DA:62,72
DA:69,2
DA:70,54
DA:71,54
DA:72,52
LF:39
LH:39
BRDA:21,0,0,3
BRDA:21,0,1,31
BRDA:44,1,0,1
BRDA:44,1,1,4
BRDA:71,2,0,2
BRDA:71,2,1,52
BRF:6
BRH:6
end_of_record
TN:
SF:src\models\CaregiverMessage.js
FN:7,(anonymous_0)
FNF:1
FNH:1
FNDA:24,(anonymous_0)
DA:8,24
DA:9,24
DA:10,24
DA:11,24
DA:12,24
DA:13,24
LF:6
LH:6
BRDA:7,0,0,0
BRF:1
BRH:0
end_of_record
TN:
SF:src\models\CaregiverProfile.js
FN:2,(anonymous_0)
FN:12,(anonymous_1)
FN:25,(anonymous_2)
FNF:3
FNH:3
FNDA:94,(anonymous_0)
FNDA:11,(anonymous_1)
FNDA:13,(anonymous_2)
DA:3,94
DA:4,94
DA:5,94
DA:6,94
DA:7,94
DA:8,94
DA:9,94
DA:13,11
DA:14,9
DA:26,13
LF:10
LH:10
BRDA:2,0,0,75
BRDA:2,1,0,80
BRDA:2,2,0,80
BRDA:2,3,0,80
BRDA:2,4,0,80
BRDA:2,5,0,80
BRDA:2,6,0,79
BRDA:2,7,0,80
BRDA:13,8,0,2
BRDA:13,8,1,9
BRDA:15,9,0,9
BRDA:15,9,1,7
BRDA:16,10,0,9
BRDA:16,10,1,6
BRDA:17,11,0,9
BRDA:17,11,1,7
BRDA:18,12,0,9
BRDA:18,12,1,7
BRDA:19,13,0,9
BRDA:19,13,1,7
BRDA:20,14,0,9
BRDA:20,14,1,4
BRDA:21,15,0,9
BRDA:21,15,1,6
BRF:24
BRH:24
end_of_record
TN:
SF:src\models\CaregiverTask.js
FN:8,(anonymous_0)
FN:20,(anonymous_1)
FN:32,(anonymous_2)
FN:44,(anonymous_3)
FN:50,(anonymous_4)
FNF:5
FNH:5
FNDA:29,(anonymous_0)
FNDA:3,(anonymous_1)
FNDA:3,(anonymous_2)
FNDA:89,(anonymous_3)
FNDA:89,(anonymous_4)
DA:1,3
DA:9,29
DA:10,29
DA:11,29
DA:12,29
DA:13,29
DA:15,29
DA:17,29
DA:21,3
DA:33,3
DA:45,89
DA:46,54
DA:47,53
DA:51,89
DA:52,54
DA:53,54
LF:16
LH:16
BRDA:8,0,0,9
BRDA:8,1,0,13
BRDA:8,2,0,13
BRDA:8,3,0,10
BRDA:8,4,0,19
BRDA:15,5,0,18
BRDA:15,5,1,11
BRDA:15,6,0,11
BRDA:15,6,1,7
BRDA:17,7,0,8
BRDA:17,7,1,21
BRDA:17,8,0,3
BRDA:17,8,1,5
BRDA:27,9,0,2
BRDA:27,9,1,1
BRDA:28,10,0,2
BRDA:28,10,1,1
BRDA:39,11,0,2
BRDA:39,11,1,1
BRDA:40,12,0,1
BRDA:40,12,1,2
BRDA:45,13,0,35
BRDA:45,13,1,54
BRDA:46,14,0,1
BRDA:46,14,1,53
BRDA:51,15,0,35
BRDA:51,15,1,54
BRDA:54,16,0,54
BRDA:54,16,1,54
BRDA:54,16,2,54
BRF:30
BRH:30
end_of_record
TN:
SF:src\models\Patient.js
FN:14,(anonymous_0)
FN:22,(anonymous_1)
FNF:2
FNH:2
FNDA:130,(anonymous_0)
FNDA:157,(anonymous_1)
DA:6,9
DA:15,130
DA:16,130
DA:17,130
DA:19,130
DA:23,157
LF:6
LH:6
BRDA:14,0,0,9
BRDA:14,1,0,15
BRDA:19,2,0,87
BRDA:19,2,1,43
BRDA:19,3,0,86
BRDA:19,3,1,1
BRF:6
BRH:6
end_of_record
TN:
SF:src\navigation\MainTabNavigator.js
FN:20,MainTabNavigator
FN:42,(anonymous_1)
FN:49,(anonymous_2)
FN:56,(anonymous_3)
FN:63,(anonymous_4)
FN:71,(anonymous_5)
FNF:6
FNH:0
FNDA:0,MainTabNavigator
FNDA:0,(anonymous_1)
FNDA:0,(anonymous_2)
FNDA:0,(anonymous_3)
FNDA:0,(anonymous_4)
FNDA:0,(anonymous_5)
DA:13,0
DA:14,0
DA:21,0
DA:42,0
DA:49,0
DA:56,0
DA:63,0
DA:71,0
LF:8
LH:0
BRDA:64,0,0,0
BRDA:64,0,1,0
BRF:2
BRH:0
end_of_record
TN:
SF:src\repositories\MessagesRepository.js
FN:11,(anonymous_0)
FN:64,(anonymous_1)
FN:68,(anonymous_2)
FN:69,(anonymous_3)
FN:72,(anonymous_4)
FN:73,(anonymous_5)
FNF:6
FNH:4
FNDA:4,(anonymous_0)
FNDA:5,(anonymous_1)
FNDA:12,(anonymous_2)
FNDA:72,(anonymous_3)
FNDA:0,(anonymous_4)
FNDA:0,(anonymous_5)
DA:12,4
DA:65,5
DA:69,72
DA:73,0
DA:77,4
LF:5
LH:4
BRF:0
BRH:0
end_of_record
TN:
SF:src\repositories\PatientsRepository.js
FN:11,(anonymous_0)
FN:67,(anonymous_1)
FN:71,(anonymous_2)
FN:72,(anonymous_3)
FN:74,(anonymous_4)
FN:101,(anonymous_5)
FN:102,(anonymous_6)
FN:104,(anonymous_7)
FN:118,(anonymous_8)
FN:122,(anonymous_9)
FN:126,(anonymous_10)
FNF:11
FNH:11
FNDA:7,(anonymous_0)
FNDA:46,(anonymous_1)
FNDA:19,(anonymous_2)
FNDA:304,(anonymous_3)
FNDA:399,(anonymous_4)
FNDA:17,(anonymous_5)
FNDA:272,(anonymous_6)
FNDA:493,(anonymous_7)
FNDA:7,(anonymous_8)
FNDA:7,(anonymous_9)
FNDA:798,(anonymous_10)
DA:12,7
DA:68,46
DA:72,304
DA:74,19
DA:75,399
DA:76,399
DA:77,399
DA:78,399
DA:81,133
DA:82,38
DA:83,38
DA:84,38
DA:85,38
DA:86,95
DA:87,0
DA:88,95
DA:89,95
DA:93,0
DA:94,0
DA:95,0
DA:98,19
DA:102,272
DA:104,17
DA:105,493
DA:106,493
DA:107,493
DA:108,493
DA:110,0
DA:111,0
DA:112,0
DA:115,17
DA:119,7
DA:123,7
DA:127,798
DA:129,171
DA:131,323
DA:133,171
DA:135,133
DA:137,0
DA:143,7
LF:40
LH:32
BRDA:78,0,0,266
BRDA:78,0,1,133
BRDA:81,1,0,38
BRDA:81,1,1,95
BRDA:81,2,0,133
BRDA:81,2,1,38
BRDA:82,3,0,38
BRDA:82,3,1,0
BRDA:83,4,0,38
BRDA:83,4,1,0
BRDA:85,5,0,38
BRDA:85,5,1,0
BRDA:86,6,0,0
BRDA:86,6,1,95
BRDA:86,7,0,95
BRDA:86,7,1,0
BRDA:88,8,0,95
BRDA:88,8,1,0
BRDA:88,9,0,95
BRDA:88,9,1,95
BRDA:94,10,0,0
BRDA:94,10,1,0
BRDA:105,11,0,493
BRDA:105,11,1,0
BRDA:106,12,0,493
BRDA:106,12,1,0
BRDA:108,13,0,493
BRDA:108,13,1,0
BRDA:111,14,0,0
BRDA:111,14,1,0
BRDA:127,15,0,171
BRDA:127,15,1,323
BRDA:127,15,2,171
BRDA:127,15,3,133
BRDA:127,15,4,0
BRF:35
BRH:21
end_of_record
TN:
SF:src\repositories\TasksRepository.js
FN:4,(anonymous_0)
FN:14,(anonymous_1)
FN:18,(anonymous_2)
FN:19,(anonymous_3)
FN:22,(anonymous_4)
FN:23,(anonymous_5)
FN:26,(anonymous_6)
FN:27,(anonymous_7)
FN:30,(anonymous_8)
FN:31,(anonymous_9)
FN:34,(anonymous_10)
FN:36,(anonymous_11)
FN:48,(anonymous_12)
FN:49,(anonymous_13)
FNF:14
FNH:10
FNDA:2,(anonymous_0)
FNDA:18,(anonymous_1)
FNDA:18,(anonymous_2)
FNDA:90,(anonymous_3)
FNDA:17,(anonymous_4)
FNDA:85,(anonymous_5)
FNDA:17,(anonymous_6)
FNDA:85,(anonymous_7)
FNDA:17,(anonymous_8)
FNDA:85,(anonymous_9)
FNDA:0,(anonymous_10)
FNDA:0,(anonymous_11)
FNDA:0,(anonymous_12)
FNDA:0,(anonymous_13)
DA:5,2
DA:15,18
DA:19,90
DA:23,85
DA:27,85
DA:31,85
DA:35,0
DA:36,0
DA:37,0
DA:38,0
DA:39,0
DA:40,0
DA:41,0
DA:42,0
DA:43,0
DA:45,0
DA:49,0
DA:50,0
DA:51,0
DA:52,0
DA:53,0
DA:54,0
DA:58,2
LF:23
LH:7
BRDA:38,0,0,0
BRDA:38,0,1,0
BRDA:39,1,0,0
BRDA:39,1,1,0
BRDA:40,2,0,0
BRDA:40,2,1,0
BRDA:41,3,0,0
BRDA:41,3,1,0
BRDA:42,4,0,0
BRDA:42,4,1,0
BRDA:50,5,0,0
BRDA:50,5,1,0
BRDA:52,6,0,0
BRDA:52,6,1,0
BRDA:53,7,0,0
BRDA:53,7,1,0
BRF:16
BRH:0
end_of_record
TN:
SF:src\screens\AccessibilityDetailScreen.js
FN:16,AccessibilityDetailScreen
FN:24,(anonymous_1)
FNF:2
FNH:2
FNDA:12,AccessibilityDetailScreen
FNDA:1,(anonymous_1)
DA:17,12
DA:18,12
DA:20,12
DA:24,1
DA:69,1
LF:5
LH:5
BRDA:46,0,0,12
BRDA:46,0,1,12
BRDA:49,1,0,1
BRDA:49,1,1,11
BRDA:55,2,0,12
BRDA:55,2,1,0
BRF:6
BRH:5
end_of_record
TN:
SF:src\screens\CaregiverDashboardScreen.js
FN:32,CaregiverDashboardScreen
FN:40,(anonymous_1)
FN:56,(anonymous_2)
FN:72,(anonymous_3)
FN:88,(anonymous_4)
FN:93,(anonymous_5)
FN:98,(anonymous_6)
FN:108,(anonymous_7)
FN:118,(anonymous_8)
FN:130,(anonymous_9)
FN:137,(anonymous_10)
FN:144,(anonymous_11)
FN:151,(anonymous_12)
FN:157,(anonymous_13)
FN:161,(anonymous_14)
FN:176,(anonymous_15)
FN:184,(anonymous_16)
FN:188,(anonymous_17)
FN:207,(anonymous_18)
FNF:19
FNH:10
FNDA:7,CaregiverDashboardScreen
FNDA:42,(anonymous_1)
FNDA:21,(anonymous_2)
FNDA:42,(anonymous_3)
FNDA:0,(anonymous_4)
FNDA:0,(anonymous_5)
FNDA:7,(anonymous_6)
FNDA:0,(anonymous_7)
FNDA:7,(anonymous_8)
FNDA:0,(anonymous_9)
FNDA:0,(anonymous_10)
FNDA:0,(anonymous_11)
FNDA:0,(anonymous_12)
FNDA:7,(anonymous_13)
FNDA:21,(anonymous_14)
FNDA:0,(anonymous_15)
FNDA:7,(anonymous_16)
FNDA:21,(anonymous_17)
FNDA:0,(anonymous_18)
DA:30,2
DA:33,7
DA:34,7
DA:35,7
DA:37,7
DA:40,7
DA:41,42
DA:42,35
DA:44,35
DA:46,0
DA:48,0
DA:50,0
DA:52,0
DA:56,7
DA:57,21
DA:58,21
DA:60,21
DA:62,0
DA:64,0
DA:66,0
DA:68,0
DA:72,7
DA:73,42
DA:74,35
DA:76,35
DA:78,0
DA:80,0
DA:82,0
DA:84,0
DA:88,7
DA:90,0
DA:93,7
DA:94,0
DA:98,7
DA:99,7
DA:118,7
DA:119,7
DA:130,0
DA:137,0
DA:144,0
DA:151,0
DA:157,7
DA:158,7
DA:162,21
DA:176,0
DA:184,7
DA:185,7
DA:189,21
DA:207,0
DA:214,7
DA:249,2
LF:51
LH:31
BRDA:41,0,0,7
BRDA:41,0,1,35
BRDA:42,1,0,35
BRDA:42,1,1,0
BRDA:42,1,2,0
BRDA:42,1,3,0
BRDA:42,1,4,0
BRDA:57,2,0,0
BRDA:57,2,1,21
BRDA:58,3,0,21
BRDA:58,3,1,0
BRDA:58,3,2,0
BRDA:58,3,3,0
BRDA:58,3,4,0
BRDA:73,4,0,7
BRDA:73,4,1,35
BRDA:74,5,0,35
BRDA:74,5,1,0
BRDA:74,5,2,0
BRDA:74,5,3,0
BRDA:74,5,4,0
BRDA:122,6,0,5
BRDA:122,6,1,2
BRDA:174,7,0,7
BRDA:174,7,1,7
BRDA:193,8,0,21
BRDA:193,8,1,0
BRDA:205,9,0,7
BRDA:205,9,1,7
BRDA:216,10,0,5
BRDA:216,10,1,2
BRF:31
BRH:17
end_of_record
TN:
SF:src\screens\ChangePasswordScreen.js
FN:20,ChangePasswordScreen
FN:33,(anonymous_1)
FN:48,(anonymous_2)
FN:63,(anonymous_3)
FN:75,(anonymous_4)
FN:87,(anonymous_5)
FN:115,PasswordInput
FNF:7
FNH:1
FNDA:16,ChangePasswordScreen
FNDA:0,(anonymous_1)
FNDA:0,(anonymous_2)
FNDA:0,(anonymous_3)
FNDA:0,(anonymous_4)
FNDA:0,(anonymous_5)
FNDA:0,PasswordInput
DA:21,16
DA:22,16
DA:23,16
DA:25,16
DA:26,16
DA:27,16
DA:29,16
DA:30,16
DA:31,16
DA:33,0
DA:34,0
DA:36,0
DA:37,0
DA:38,0
DA:44,0
DA:48,0
DA:63,0
DA:75,0
DA:87,0
DA:124,0
DA:153,1
LF:21
LH:10
BRDA:36,0,0,0
BRDA:36,0,1,0
BRDA:94,1,0,0
BRDA:94,1,1,0
BRDA:99,2,0,0
BRDA:99,2,1,0
BRDA:104,3,0,0
BRDA:104,3,1,0
BRDA:122,4,0,0
BRDA:128,5,0,0
BRDA:128,5,1,0
BRDA:133,6,0,0
BRDA:133,6,1,0
BRDA:143,7,0,0
BRDA:143,7,1,0
BRDA:146,8,0,0
BRDA:146,8,1,0
BRF:17
BRH:0
end_of_record
TN:
SF:src\screens\LoginScreen.js
FN:22,LoginScreen
FN:32,(anonymous_1)
FN:65,(anonymous_2)
FN:72,(anonymous_3)
FN:79,(anonymous_4)
FNF:5
FNH:4
FNDA:24,LoginScreen
FNDA:5,(anonymous_1)
FNDA:5,(anonymous_2)
FNDA:3,(anonymous_3)
FNDA:0,(anonymous_4)
DA:23,24
DA:24,24
DA:25,24
DA:26,24
DA:27,24
DA:29,24
DA:30,24
DA:32,24
DA:33,5
DA:34,5
DA:37,5
DA:38,2
DA:39,2
DA:41,3
DA:44,5
DA:45,3
DA:46,3
DA:48,2
DA:51,5
DA:52,3
DA:56,2
DA:57,1
DA:59,0
DA:61,1
DA:65,24
DA:66,5
DA:67,5
DA:68,1
DA:72,24
DA:73,3
DA:74,3
DA:75,0
DA:79,24
DA:80,0
DA:83,24
DA:194,2
LF:36
LH:33
BRDA:37,0,0,2
BRDA:37,0,1,3
BRDA:44,1,0,3
BRDA:44,1,1,2
BRDA:51,2,0,3
BRDA:51,2,1,2
BRDA:57,3,0,0
BRDA:57,3,1,1
BRDA:67,4,0,1
BRDA:67,4,1,4
BRDA:74,5,0,0
BRDA:74,5,1,3
BRDA:85,6,0,24
BRDA:85,6,1,0
BRDA:119,7,0,24
BRDA:119,7,1,2
BRDA:120,8,0,24
BRDA:120,8,1,24
BRDA:129,9,0,24
BRDA:129,9,1,2
BRDA:136,10,0,24
BRDA:136,10,1,4
BRDA:141,11,0,24
BRDA:141,11,1,24
BRDA:150,12,0,24
BRDA:150,12,1,0
BRDA:153,13,0,0
BRDA:153,13,1,24
BRDA:157,14,0,24
BRDA:157,14,1,4
BRDA:164,15,0,24
BRDA:164,15,1,0
BRDA:172,16,0,24
BRDA:172,16,1,1
BRDA:177,17,0,1
BRDA:177,17,1,23
BRF:36
BRH:30
end_of_record
TN:
SF:src\screens\MessageDetailScreen.js
FN:19,MessageDetailScreen
FN:23,(anonymous_1)
FN:34,(anonymous_2)
FNF:3
FNH:3
FNDA:13,MessageDetailScreen
FNDA:1,(anonymous_1)
FNDA:1,(anonymous_2)
DA:20,13
DA:21,13
DA:23,13
DA:24,1
DA:25,1
DA:30,1
DA:34,13
DA:35,1
DA:38,13
DA:101,1
LF:10
LH:10
BRDA:44,0,0,13
BRDA:44,0,1,13
BRF:2
BRH:2
end_of_record
TN:
SF:src\screens\MessagesListScreen.js
FN:24,MessagesListScreen
FN:30,(anonymous_1)
FN:36,(anonymous_2)
FN:40,(anonymous_3)
FN:44,(anonymous_4)
FN:48,(anonymous_5)
FN:53,(anonymous_6)
FN:57,(anonymous_7)
FN:62,(anonymous_8)
FN:66,(anonymous_9)
FN:96,(anonymous_10)
FN:109,(anonymous_11)
FNF:12
FNH:5
FNDA:5,MessagesListScreen
FNDA:5,(anonymous_1)
FNDA:5,(anonymous_2)
FNDA:0,(anonymous_3)
FNDA:0,(anonymous_4)
FNDA:0,(anonymous_5)
FNDA:0,(anonymous_6)
FNDA:30,(anonymous_7)
FNDA:0,(anonymous_8)
FNDA:0,(anonymous_9)
FNDA:35,(anonymous_10)
FNDA:0,(anonymous_11)
DA:25,5
DA:26,5
DA:27,5
DA:30,5
DA:31,5
DA:32,0
DA:36,5
DA:37,5
DA:40,5
DA:41,0
DA:44,5
DA:45,0
DA:48,5
DA:49,0
DA:50,0
DA:53,5
DA:54,0
DA:57,5
DA:58,30
DA:62,0
DA:66,5
DA:67,0
DA:72,5
DA:96,35
DA:109,0
DA:116,1
LF:26
LH:17
BRDA:31,0,0,0
BRDA:31,0,1,5
BRDA:37,1,0,5
BRDA:37,1,1,0
BRDA:78,2,0,5
BRDA:78,2,1,5
BRDA:91,3,0,5
BRDA:91,3,1,0
BRF:8
BRH:5
end_of_record
TN:
SF:src\screens\PatientsListScreen.js
FN:28,(anonymous_0)
FN:32,(anonymous_1)
FN:40,(anonymous_2)
FN:52,(anonymous_3)
FN:59,(anonymous_4)
FN:67,(anonymous_5)
FN:76,(anonymous_6)
FN:82,(anonymous_7)
FN:93,(anonymous_8)
FN:105,(anonymous_9)
FN:119,(anonymous_10)
FNF:11
FNH:5
FNDA:5,(anonymous_0)
FNDA:0,(anonymous_1)
FNDA:5,(anonymous_2)
FNDA:50,(anonymous_3)
FNDA:0,(anonymous_4)
FNDA:0,(anonymous_5)
FNDA:0,(anonymous_6)
FNDA:50,(anonymous_7)
FNDA:0,(anonymous_8)
FNDA:70,(anonymous_9)
FNDA:0,(anonymous_10)
DA:28,1
DA:29,5
DA:30,5
DA:32,5
DA:33,0
DA:40,5
DA:41,5
DA:43,0
DA:45,0
DA:48,5
DA:52,5
DA:53,50
DA:55,0
DA:59,0
DA:63,0
DA:67,0
DA:72,50
DA:76,0
DA:82,5
DA:83,50
DA:86,5
DA:93,0
DA:105,70
DA:119,0
DA:127,1
LF:25
LH:15
BRDA:41,0,0,0
BRDA:41,0,1,0
BRDA:41,0,2,5
BRDA:41,0,3,5
BRDA:53,1,0,0
BRDA:53,1,1,0
BRDA:53,1,2,50
BRDA:53,1,3,50
BRDA:101,2,0,5
BRDA:101,2,1,0
BRF:10
BRH:5
end_of_record
TN:
SF:src\screens\PatientsScreen.js
FN:27,PatientsScreen
FN:31,(anonymous_1)
FN:39,(anonymous_2)
FN:51,(anonymous_3)
FN:58,(anonymous_4)
FN:66,(anonymous_5)
FN:75,(anonymous_6)
FN:81,(anonymous_7)
FN:91,(anonymous_8)
FN:99,(anonymous_9)
FN:116,(anonymous_10)
FN:125,(anonymous_11)
FNF:12
FNH:5
FNDA:6,PatientsScreen
FNDA:0,(anonymous_1)
FNDA:6,(anonymous_2)
FNDA:60,(anonymous_3)
FNDA:0,(anonymous_4)
FNDA:0,(anonymous_5)
FNDA:0,(anonymous_6)
FNDA:60,(anonymous_7)
FNDA:0,(anonymous_8)
FNDA:0,(anonymous_9)
FNDA:84,(anonymous_10)
FNDA:0,(anonymous_11)
DA:28,6
DA:29,6
DA:31,6
DA:32,0
DA:39,6
DA:40,6
DA:42,0
DA:44,0
DA:47,6
DA:51,6
DA:52,60
DA:54,0
DA:58,0
DA:62,0
DA:66,0
DA:71,60
DA:75,0
DA:81,6
DA:82,60
DA:85,6
DA:91,0
DA:99,0
DA:116,84
DA:125,0
DA:133,1
LF:25
LH:14
BRDA:40,0,0,0
BRDA:40,0,1,0
BRDA:40,0,2,6
BRDA:40,0,3,6
BRDA:52,1,0,0
BRDA:52,1,1,0
BRDA:52,1,2,60
BRDA:52,1,3,60
BRDA:107,2,0,0
BRDA:107,2,1,6
BRF:10
BRH:5
end_of_record
TN:
SF:src\screens\ProfileScreen.js
FN:15,ProfileInner
FN:25,(anonymous_1)
FN:35,(anonymous_2)
FN:39,(anonymous_3)
FN:49,(anonymous_4)
FN:62,(anonymous_5)
FN:85,(anonymous_6)
FN:141,ProfileScreenWrapper
FNF:8
FNH:3
FNDA:20,ProfileInner
FNDA:20,(anonymous_1)
FNDA:0,(anonymous_2)
FNDA:0,(anonymous_3)
FNDA:0,(anonymous_4)
FNDA:0,(anonymous_5)
FNDA:0,(anonymous_6)
FNDA:10,ProfileScreenWrapper
DA:16,20
DA:17,20
DA:18,20
DA:19,20
DA:20,20
DA:21,20
DA:22,20
DA:23,20
DA:25,20
DA:26,20
DA:27,10
DA:28,10
DA:29,10
DA:30,10
DA:31,10
DA:32,10
DA:35,20
DA:36,0
DA:39,20
DA:40,0
DA:41,0
DA:42,0
DA:43,0
DA:44,0
DA:45,0
DA:46,0
DA:49,20
DA:50,0
DA:58,0
DA:59,0
DA:62,20
DA:63,0
DA:64,0
DA:65,0
DA:66,0
DA:69,0
DA:70,0
DA:73,0
DA:74,0
DA:75,0
DA:76,0
DA:80,20
DA:82,10
DA:85,0
DA:142,10
DA:149,1
LF:46
LH:24
BRDA:26,0,0,10
BRDA:26,0,1,10
BRDA:64,1,0,0
BRDA:64,1,1,0
BRDA:70,2,0,0
BRDA:70,2,1,0
BRDA:74,3,0,0
BRDA:74,3,1,0
BRDA:80,4,0,10
BRDA:80,4,1,10
BRDA:91,5,0,0
BRDA:91,5,1,10
BRDA:94,6,0,0
BRDA:94,6,1,0
BRDA:118,7,0,0
BRDA:118,7,1,10
BRDA:125,8,0,10
BRDA:125,8,1,10
BRDA:126,9,0,10
BRDA:126,9,1,10
BRDA:127,10,0,10
BRDA:127,10,1,10
BRDA:128,11,0,10
BRDA:128,11,1,10
BRDA:129,12,0,10
BRDA:129,12,1,10
BRDA:130,13,0,10
BRDA:130,13,1,10
BRF:28
BRH:18
end_of_record
TN:
SF:src\screens\ScheduleScreen.js
FN:5,ScheduleScreen
FN:11,(anonymous_1)
FNF:2
FNH:2
FNDA:6,ScheduleScreen
FNDA:1,(anonymous_1)
DA:6,6
DA:8,6
DA:11,1
DA:25,1
LF:4
LH:4
BRF:0
BRH:0
end_of_record
TN:
SF:src\screens\SettingsScreen.js
FN:7,SettingsScreen
FN:19,(anonymous_1)
FN:22,(anonymous_2)
FN:25,(anonymous_3)
FN:44,(anonymous_4)
FN:47,(anonymous_5)
FN:50,(anonymous_6)
FN:65,(anonymous_7)
FN:92,(anonymous_8)
FN:98,(anonymous_9)
FN:101,(anonymous_10)
FN:104,(anonymous_11)
FN:107,(anonymous_12)
FNF:13
FNH:1
FNDA:7,SettingsScreen
FNDA:0,(anonymous_1)
FNDA:0,(anonymous_2)
FNDA:0,(anonymous_3)
FNDA:0,(anonymous_4)
FNDA:0,(anonymous_5)
FNDA:0,(anonymous_6)
FNDA:0,(anonymous_7)
FNDA:0,(anonymous_8)
FNDA:0,(anonymous_9)
FNDA:0,(anonymous_10)
FNDA:0,(anonymous_11)
FNDA:0,(anonymous_12)
DA:8,7
DA:9,7
DA:10,7
DA:12,7
DA:14,7
DA:19,0
DA:22,0
DA:25,0
DA:44,0
DA:47,0
DA:50,0
DA:65,0
DA:92,0
DA:98,0
DA:101,0
DA:104,0
DA:107,0
DA:117,1
LF:18
LH:6
BRF:0
BRH:0
end_of_record
TN:
SF:src\screens\TasksScreen.js
FN:18,TasksScreen
FN:24,(anonymous_1)
FN:26,(anonymous_2)
FN:35,(anonymous_3)
FN:45,(anonymous_4)
FN:52,(anonymous_5)
FN:65,(anonymous_6)
FN:110,(anonymous_7)
FN:134,(anonymous_8)
FN:151,(anonymous_9)
FN:152,(anonymous_10)
FNF:11
FNH:10
FNDA:16,TasksScreen
FNDA:14,(anonymous_1)
FNDA:16,(anonymous_2)
FNDA:0,(anonymous_3)
FNDA:96,(anonymous_4)
FNDA:2,(anonymous_5)
FNDA:74,(anonymous_6)
FNDA:1,(anonymous_7)
FNDA:80,(anonymous_8)
FNDA:74,(anonymous_9)
FNDA:90,(anonymous_10)
DA:19,16
DA:20,16
DA:21,16
DA:22,16
DA:24,16
DA:26,16
DA:27,16
DA:29,14
DA:31,0
DA:33,0
DA:35,0
DA:37,1
DA:39,1
DA:41,0
DA:45,16
DA:46,96
DA:52,2
DA:65,16
DA:66,74
DA:104,16
DA:110,1
DA:134,80
DA:151,74
DA:152,90
DA:164,1
LF:25
LH:21
BRDA:27,0,0,14
BRDA:27,0,1,0
BRDA:27,0,2,0
BRDA:27,0,3,0
BRDA:27,0,4,1
BRDA:27,0,5,1
BRDA:27,0,6,0
BRDA:49,1,0,96
BRDA:49,1,1,16
BRDA:57,2,0,16
BRDA:57,2,1,80
BRDA:67,3,0,74
BRDA:67,3,1,74
BRDA:68,4,0,74
BRDA:68,4,1,0
BRDA:76,5,0,74
BRDA:76,5,1,74
BRDA:80,6,0,28
BRDA:80,6,1,46
BRDA:90,7,0,32
BRDA:90,7,1,42
BRDA:92,8,0,28
BRDA:92,8,1,14
BRDA:107,9,0,16
BRDA:107,9,1,16
BRF:25
BRH:20
end_of_record
TN:
SF:src\screens\WelcomeScreen.js
FN:44,WelcomeScreen
FN:53,(anonymous_1)
FN:56,(anonymous_2)
FN:67,(anonymous_3)
FN:68,(anonymous_4)
FN:80,(anonymous_5)
FN:87,(anonymous_6)
FN:91,(anonymous_7)
FN:96,(anonymous_8)
FN:104,(anonymous_9)
FN:142,(anonymous_10)
FN:156,(anonymous_11)
FNF:12
FNH:6
FNDA:5,WelcomeScreen
FNDA:5,(anonymous_1)
FNDA:0,(anonymous_2)
FNDA:0,(anonymous_3)
FNDA:0,(anonymous_4)
FNDA:5,(anonymous_5)
FNDA:0,(anonymous_6)
FNDA:0,(anonymous_7)
FNDA:50,(anonymous_8)
FNDA:0,(anonymous_9)
FNDA:55,(anonymous_10)
FNDA:50,(anonymous_11)
DA:28,2
DA:41,2
DA:42,2
DA:45,5
DA:48,5
DA:49,5
DA:50,5
DA:53,5
DA:55,5
DA:56,5
DA:57,0
DA:58,0
DA:67,5
DA:68,0
DA:69,0
DA:70,0
DA:71,0
DA:76,0
DA:80,5
DA:81,5
DA:82,5
DA:87,5
DA:88,0
DA:91,5
DA:93,0
DA:96,5
DA:97,50
DA:104,5
DA:105,0
DA:106,0
DA:110,5
DA:142,55
DA:157,50
DA:183,2
LF:34
LH:23
BRDA:55,0,0,5
BRDA:55,0,1,0
BRDA:57,1,0,0
BRDA:57,1,1,0
BRDA:70,2,0,0
BRDA:70,2,1,0
BRDA:81,3,0,5
BRDA:81,3,1,0
BRDA:105,4,0,0
BRDA:105,4,1,0
BRDA:105,5,0,0
BRDA:105,5,1,0
BRDA:161,6,0,50
BRDA:161,6,1,5
BRF:14
BRH:4
end_of_record
TN:
SF:src\screens\components\FilterMenu.js
FN:16,FilterMenu
FN:48,(anonymous_1)
FN:74,(anonymous_2)
FNF:3
FNH:3
FNDA:13,FilterMenu
FNDA:1,(anonymous_1)
FNDA:1,(anonymous_2)
DA:23,13
DA:48,1
DA:74,1
DA:109,2
LF:4
LH:4
BRDA:46,0,0,13
BRDA:46,0,1,12
BRDA:53,1,0,13
BRDA:53,1,1,5
BRDA:60,2,0,13
BRDA:60,2,1,12
BRDA:72,3,0,13
BRDA:72,3,1,1
BRDA:79,4,0,13
BRDA:79,4,1,5
BRDA:86,5,0,13
BRDA:86,5,1,1
BRF:12
BRH:12
end_of_record
TN:
SF:src\screens\components\MessageCard.js
FN:16,MessageCard
FNF:1
FNH:1
FNDA:30,MessageCard
DA:17,30
DA:19,30
DA:21,30
DA:27,30
DA:88,1
LF:5
LH:5
BRDA:21,0,0,20
BRDA:21,0,1,10
BRDA:32,1,0,30
BRDA:32,1,1,20
BRDA:40,2,0,30
BRDA:40,2,1,30
BRDA:43,3,0,30
BRDA:43,3,1,30
BRDA:50,4,0,30
BRDA:50,4,1,20
BRDA:67,5,0,30
BRDA:67,5,1,20
BRDA:82,6,0,30
BRDA:82,6,1,0
BRF:14
BRH:13
end_of_record
TN:
SF:src\screens\components\PatientCardComponents.js
FN:12,(anonymous_0)
FN:58,(anonymous_1)
FN:104,(anonymous_2)
FN:148,getCriticalityTag
FN:164,getCriticalityText
FN:180,getCriticalityColor
FNF:6
FNH:4
FNDA:0,(anonymous_0)
FNDA:0,(anonymous_1)
FNDA:110,(anonymous_2)
FNDA:110,getCriticalityTag
FNDA:110,getCriticalityText
FNDA:110,getCriticalityColor
DA:12,2
DA:13,0
DA:14,0
DA:16,0
DA:20,0
DA:58,2
DA:59,0
DA:60,0
DA:62,0
DA:66,0
DA:104,2
DA:105,110
DA:106,110
DA:107,110
DA:109,110
DA:113,110
DA:149,110
DA:150,110
DA:152,33
DA:154,33
DA:156,22
DA:158,22
DA:160,0
DA:165,110
DA:166,110
DA:168,33
DA:170,33
DA:172,22
DA:174,22
DA:176,0
DA:181,110
DA:182,110
DA:184,33
DA:186,33
DA:188,22
DA:190,22
DA:192,0
DA:196,2
LF:38
LH:27
BRDA:16,0,0,0
BRDA:16,0,1,0
BRDA:32,1,0,0
BRDA:32,1,1,0
BRDA:62,2,0,0
BRDA:62,2,1,0
BRDA:78,3,0,0
BRDA:78,3,1,0
BRDA:109,4,0,66
BRDA:109,4,1,44
BRDA:126,5,0,110
BRDA:126,5,1,110
BRDA:149,6,0,0
BRDA:149,6,1,110
BRDA:150,7,0,33
BRDA:150,7,1,33
BRDA:150,7,2,22
BRDA:150,7,3,22
BRDA:150,7,4,0
BRDA:165,8,0,0
BRDA:165,8,1,110
BRDA:166,9,0,33
BRDA:166,9,1,33
BRDA:166,9,2,22
BRDA:166,9,3,22
BRDA:166,9,4,0
BRDA:181,10,0,0
BRDA:181,10,1,110
BRDA:182,11,0,33
BRDA:182,11,1,33
BRDA:182,11,2,22
BRDA:182,11,3,22
BRDA:182,11,4,0
BRF:33
BRH:19
end_of_record
TN:
SF:src\screens\components\PatientFilterMenu.js
FN:18,(anonymous_0)
FN:38,(anonymous_1)
FN:45,(anonymous_2)
FNF:3
FNH:3
FNDA:24,(anonymous_0)
FNDA:72,(anonymous_1)
FNDA:3,(anonymous_2)
DA:18,3
DA:19,24
DA:25,24
DA:39,72
DA:46,3
DA:47,3
DA:85,3
LF:7
LH:7
BRDA:43,0,0,72
BRDA:43,0,1,24
BRDA:54,1,0,72
BRDA:54,1,1,24
BRDA:57,2,0,72
BRDA:57,2,1,24
BRDA:64,3,0,72
BRDA:64,3,1,24
BRF:8
BRH:8
end_of_record
TN:
SF:src\screens\components\PatientRow.js
FN:9,PatientRow
FNF:1
FNH:1
FNDA:47,PatientRow
DA:15,47
DA:17,47
DA:50,3
LF:3
LH:3
BRDA:15,0,0,47
BRDA:15,0,1,35
BRDA:28,1,0,47
BRDA:28,1,1,35
BRF:4
BRH:4
end_of_record
TN:
SF:src\screens\components\SectionHeader.js
FN:9,SectionHeader
FNF:1
FNH:1
FNDA:19,SectionHeader
DA:10,19
DA:17,3
LF:2
LH:2
BRF:0
BRH:0
end_of_record
TN:
SF:src\screens\components\StatCard.js
FN:15,StatCard
FNF:1
FNH:1
FNDA:32,StatCard
DA:22,32
DA:23,32
DA:25,32
DA:48,3
LF:4
LH:4
BRDA:31,0,0,32
BRDA:31,0,1,8
BRF:2
BRH:2
end_of_record
TN:
SF:src\utils\dtFormat.js
FN:11,formatDtYmdHmm
FN:28,formatDtMmmDdYyyyHmm
FNF:2
FNH:2
FNDA:138,formatDtYmdHmm
FNDA:6,formatDtMmmDdYyyyHmm
DA:12,138
DA:14,123
DA:15,123
DA:16,123
DA:17,123
DA:18,123
DA:20,123
DA:29,6
DA:31,4
DA:40,4
LF:10
LH:10
BRDA:12,0,0,15
BRDA:12,0,1,123
BRDA:29,1,0,2
BRDA:29,1,1,4
BRF:4
BRH:4
end_of_record
